{"C:\\Users\\82105\\SWD\\SWD_Project\\server\\app.js": {"path":"C:\\Users\\82105\\SWD\\SWD_Project\\server\\app.js","statementMap":{"0":{"start":{"line":1,"column":0},"end":{"line":1,"column":27}},"1":{"start":{"line":2,"column":16},"end":{"line":2,"column":34}},"2":{"start":{"line":3,"column":12},"end":{"line":3,"column":21}},"3":{"start":{"line":4,"column":17},"end":{"line":4,"column":36}},"4":{"start":{"line":5,"column":19},"end":{"line":5,"column":41}},"5":{"start":{"line":6,"column":13},"end":{"line":6,"column":28}},"6":{"start":{"line":7,"column":17},"end":{"line":7,"column":40}},"7":{"start":{"line":8,"column":18},"end":{"line":8,"column":46}},"8":{"start":{"line":9,"column":13},"end":{"line":9,"column":28}},"9":{"start":{"line":12,"column":0},"end":{"line":12,"column":16}},"10":{"start":{"line":13,"column":0},"end":{"line":13,"column":27}},"11":{"start":{"line":14,"column":0},"end":{"line":14,"column":51}},"12":{"start":{"line":17,"column":0},"end":{"line":32,"column":65}},"13":{"start":{"line":20,"column":4},"end":{"line":20,"column":37}},"14":{"start":{"line":22,"column":20},"end":{"line":22,"column":47}},"15":{"start":{"line":23,"column":28},"end":{"line":23,"column":58}},"16":{"start":{"line":24,"column":4},"end":{"line":30,"column":5}},"17":{"start":{"line":25,"column":21},"end":{"line":25,"column":58}},"18":{"start":{"line":26,"column":6},"end":{"line":29,"column":7}},"19":{"start":{"line":27,"column":8},"end":{"line":27,"column":45}},"20":{"start":{"line":28,"column":8},"end":{"line":28,"column":54}},"21":{"start":{"line":32,"column":18},"end":{"line":32,"column":63}},"22":{"start":{"line":35,"column":0},"end":{"line":35,"column":32}},"23":{"start":{"line":38,"column":19},"end":{"line":38,"column":52}},"24":{"start":{"line":39,"column":0},"end":{"line":39,"column":41}},"25":{"start":{"line":42,"column":0},"end":{"line":46,"column":1}},"26":{"start":{"line":43,"column":2},"end":{"line":45,"column":5}},"27":{"start":{"line":44,"column":4},"end":{"line":44,"column":50}},"28":{"start":{"line":48,"column":0},"end":{"line":48,"column":21}}},"fnMap":{"0":{"name":"(anonymous_0)","decl":{"start":{"line":19,"column":8},"end":{"line":19,"column":9}},"loc":{"start":{"line":19,"column":20},"end":{"line":31,"column":3}},"line":19},"1":{"name":"(anonymous_1)","decl":{"start":{"line":32,"column":9},"end":{"line":32,"column":10}},"loc":{"start":{"line":32,"column":18},"end":{"line":32,"column":63}},"line":32},"2":{"name":"(anonymous_2)","decl":{"start":{"line":43,"column":19},"end":{"line":43,"column":20}},"loc":{"start":{"line":43,"column":25},"end":{"line":45,"column":3}},"line":43}},"branchMap":{"0":{"loc":{"start":{"line":26,"column":6},"end":{"line":29,"column":7}},"type":"if","locations":[{"start":{"line":26,"column":6},"end":{"line":29,"column":7}},{"start":{},"end":{}}],"line":26},"1":{"loc":{"start":{"line":42,"column":0},"end":{"line":46,"column":1}},"type":"if","locations":[{"start":{"line":42,"column":0},"end":{"line":46,"column":1}},{"start":{},"end":{}}],"line":42}},"s":{"0":1,"1":1,"2":1,"3":1,"4":1,"5":1,"6":1,"7":1,"8":1,"9":1,"10":1,"11":1,"12":1,"13":1,"14":1,"15":1,"16":1,"17":2,"18":1,"19":1,"20":1,"21":1,"22":1,"23":1,"24":1,"25":1,"26":0,"27":0,"28":1},"f":{"0":1,"1":1,"2":0},"b":{"0":[1,0],"1":[0,1]},"_coverageSchema":"1a1c01bbd47fc00a2c39e90264f33305004495a9","hash":"0cc790ca1b674c172d0cce2f9bdabf5d06480a30"}
,"C:\\Users\\82105\\SWD\\SWD_Project\\server\\models\\attendance.js": {"path":"C:\\Users\\82105\\SWD\\SWD_Project\\server\\models\\attendance.js","statementMap":{"0":{"start":{"line":1,"column":17},"end":{"line":1,"column":36}},"1":{"start":{"line":3,"column":25},"end":{"line":20,"column":2}},"2":{"start":{"line":22,"column":0},"end":{"line":22,"column":64}}},"fnMap":{},"branchMap":{},"s":{"0":1,"1":1,"2":1},"f":{},"b":{},"_coverageSchema":"1a1c01bbd47fc00a2c39e90264f33305004495a9","hash":"06a527b6bf67254b9e1933fd340c8912c9ebb6fa"}
,"C:\\Users\\82105\\SWD\\SWD_Project\\server\\models\\feedback.js": {"path":"C:\\Users\\82105\\SWD\\SWD_Project\\server\\models\\feedback.js","statementMap":{"0":{"start":{"line":1,"column":17},"end":{"line":1,"column":36}},"1":{"start":{"line":3,"column":23},"end":{"line":26,"column":2}},"2":{"start":{"line":28,"column":0},"end":{"line":28,"column":59}}},"fnMap":{},"branchMap":{},"s":{"0":1,"1":1,"2":1},"f":{},"b":{},"_coverageSchema":"1a1c01bbd47fc00a2c39e90264f33305004495a9","hash":"5dc611b3b4a61ef2f68f5ae6846f376d94c7f26d"}
,"C:\\Users\\82105\\SWD\\SWD_Project\\server\\models\\grade.js": {"path":"C:\\Users\\82105\\SWD\\SWD_Project\\server\\models\\grade.js","statementMap":{"0":{"start":{"line":1,"column":17},"end":{"line":1,"column":36}},"1":{"start":{"line":3,"column":20},"end":{"line":30,"column":2}},"2":{"start":{"line":32,"column":0},"end":{"line":32,"column":82}},"3":{"start":{"line":34,"column":0},"end":{"line":34,"column":54}}},"fnMap":{},"branchMap":{},"s":{"0":1,"1":1,"2":1,"3":1},"f":{},"b":{},"_coverageSchema":"1a1c01bbd47fc00a2c39e90264f33305004495a9","hash":"6e492d4c3d6b812f06693299526b22edadc3223b"}
,"C:\\Users\\82105\\SWD\\SWD_Project\\server\\models\\notification.js": {"path":"C:\\Users\\82105\\SWD\\SWD_Project\\server\\models\\notification.js","statementMap":{"0":{"start":{"line":1,"column":17},"end":{"line":1,"column":36}},"1":{"start":{"line":3,"column":27},"end":{"line":36,"column":2}},"2":{"start":{"line":38,"column":0},"end":{"line":38,"column":68}}},"fnMap":{},"branchMap":{},"s":{"0":1,"1":1,"2":1},"f":{},"b":{},"_coverageSchema":"1a1c01bbd47fc00a2c39e90264f33305004495a9","hash":"d564076af711da83d5b390b29aa1e2e75a54a7e9"}
,"C:\\Users\\82105\\SWD\\SWD_Project\\server\\models\\student.js": {"path":"C:\\Users\\82105\\SWD\\SWD_Project\\server\\models\\student.js","statementMap":{"0":{"start":{"line":1,"column":17},"end":{"line":1,"column":36}},"1":{"start":{"line":3,"column":22},"end":{"line":28,"column":2}},"2":{"start":{"line":30,"column":0},"end":{"line":30,"column":58}}},"fnMap":{},"branchMap":{},"s":{"0":2,"1":2,"2":2},"f":{},"b":{},"_coverageSchema":"1a1c01bbd47fc00a2c39e90264f33305004495a9","hash":"ebb356a7855e8aa2282e39b9c0463e30f3f46b3d"}
,"C:\\Users\\82105\\SWD\\SWD_Project\\server\\models\\subject.js": {"path":"C:\\Users\\82105\\SWD\\SWD_Project\\server\\models\\subject.js","statementMap":{"0":{"start":{"line":1,"column":17},"end":{"line":1,"column":36}},"1":{"start":{"line":3,"column":22},"end":{"line":11,"column":2}},"2":{"start":{"line":13,"column":0},"end":{"line":13,"column":58}}},"fnMap":{},"branchMap":{},"s":{"0":1,"1":1,"2":1},"f":{},"b":{},"_coverageSchema":"1a1c01bbd47fc00a2c39e90264f33305004495a9","hash":"e5428601d2665567bf2f3b6f83c2516abd9b4be5"}
,"C:\\Users\\82105\\SWD\\SWD_Project\\server\\models\\user.js": {"path":"C:\\Users\\82105\\SWD\\SWD_Project\\server\\models\\user.js","statementMap":{"0":{"start":{"line":1,"column":17},"end":{"line":1,"column":36}},"1":{"start":{"line":3,"column":19},"end":{"line":28,"column":2}},"2":{"start":{"line":23,"column":6},"end":{"line":23,"column":71}},"3":{"start":{"line":30,"column":0},"end":{"line":30,"column":52}}},"fnMap":{"0":{"name":"(anonymous_0)","decl":{"start":{"line":22,"column":14},"end":{"line":22,"column":15}},"loc":{"start":{"line":22,"column":25},"end":{"line":24,"column":5}},"line":22}},"branchMap":{"0":{"loc":{"start":{"line":23,"column":13},"end":{"line":23,"column":70}},"type":"binary-expr","locations":[{"start":{"line":23,"column":13},"end":{"line":23,"column":40}},{"start":{"line":23,"column":44},"end":{"line":23,"column":70}}],"line":23}},"s":{"0":1,"1":1,"2":0,"3":1},"f":{"0":0},"b":{"0":[0,0]},"_coverageSchema":"1a1c01bbd47fc00a2c39e90264f33305004495a9","hash":"6171fc2165730a9049464c2943f213f0ea93584f"}
,"C:\\Users\\82105\\SWD\\SWD_Project\\server\\routes\\stdRoute.js": {"path":"C:\\Users\\82105\\SWD\\SWD_Project\\server\\routes\\stdRoute.js","statementMap":{"0":{"start":{"line":1,"column":16},"end":{"line":1,"column":34}},"1":{"start":{"line":2,"column":18},"end":{"line":2,"column":34}},"2":{"start":{"line":3,"column":17},"end":{"line":3,"column":36}},"3":{"start":{"line":4,"column":16},"end":{"line":4,"column":44}},"4":{"start":{"line":5,"column":14},"end":{"line":5,"column":40}},"5":{"start":{"line":6,"column":19},"end":{"line":6,"column":50}},"6":{"start":{"line":7,"column":16},"end":{"line":7,"column":44}},"7":{"start":{"line":8,"column":13},"end":{"line":8,"column":38}},"8":{"start":{"line":9,"column":17},"end":{"line":9,"column":46}},"9":{"start":{"line":10,"column":21},"end":{"line":10,"column":54}},"10":{"start":{"line":16,"column":24},"end":{"line":18,"column":1}},"11":{"start":{"line":17,"column":2},"end":{"line":17,"column":45}},"12":{"start":{"line":23,"column":23},"end":{"line":33,"column":1}},"13":{"start":{"line":24,"column":2},"end":{"line":24,"column":66}},"14":{"start":{"line":24,"column":14},"end":{"line":24,"column":66}},"15":{"start":{"line":25,"column":18},"end":{"line":25,"column":38}},"16":{"start":{"line":26,"column":2},"end":{"line":28,"column":3}},"17":{"start":{"line":27,"column":4},"end":{"line":27,"column":87}},"18":{"start":{"line":29,"column":2},"end":{"line":31,"column":3}},"19":{"start":{"line":30,"column":4},"end":{"line":30,"column":86}},"20":{"start":{"line":32,"column":2},"end":{"line":32,"column":41}},"21":{"start":{"line":38,"column":23},"end":{"line":47,"column":1}},"22":{"start":{"line":39,"column":14},"end":{"line":39,"column":27}},"23":{"start":{"line":40,"column":2},"end":{"line":42,"column":3}},"24":{"start":{"line":41,"column":4},"end":{"line":41,"column":61}},"25":{"start":{"line":43,"column":2},"end":{"line":45,"column":3}},"26":{"start":{"line":44,"column":4},"end":{"line":44,"column":78}},"27":{"start":{"line":46,"column":2},"end":{"line":46,"column":37}},"28":{"start":{"line":52,"column":21},"end":{"line":59,"column":1}},"29":{"start":{"line":53,"column":14},"end":{"line":53,"column":27}},"30":{"start":{"line":54,"column":22},"end":{"line":54,"column":46}},"31":{"start":{"line":55,"column":2},"end":{"line":57,"column":3}},"32":{"start":{"line":56,"column":4},"end":{"line":56,"column":54}},"33":{"start":{"line":58,"column":2},"end":{"line":58,"column":37}},"34":{"start":{"line":64,"column":21},"end":{"line":70,"column":1}},"35":{"start":{"line":65,"column":14},"end":{"line":65,"column":27}},"36":{"start":{"line":66,"column":2},"end":{"line":68,"column":3}},"37":{"start":{"line":67,"column":4},"end":{"line":67,"column":58}},"38":{"start":{"line":69,"column":2},"end":{"line":69,"column":37}},"39":{"start":{"line":75,"column":21},"end":{"line":81,"column":1}},"40":{"start":{"line":76,"column":18},"end":{"line":76,"column":38}},"41":{"start":{"line":77,"column":2},"end":{"line":79,"column":3}},"42":{"start":{"line":78,"column":4},"end":{"line":78,"column":88}},"43":{"start":{"line":80,"column":2},"end":{"line":80,"column":41}},"44":{"start":{"line":86,"column":21},"end":{"line":92,"column":1}},"45":{"start":{"line":87,"column":15},"end":{"line":87,"column":30}},"46":{"start":{"line":88,"column":2},"end":{"line":90,"column":3}},"47":{"start":{"line":89,"column":4},"end":{"line":89,"column":58}},"48":{"start":{"line":91,"column":2},"end":{"line":91,"column":38}},"49":{"start":{"line":95,"column":28},"end":{"line":126,"column":1}},"50":{"start":{"line":96,"column":17},"end":{"line":96,"column":19}},"51":{"start":{"line":98,"column":2},"end":{"line":102,"column":3}},"52":{"start":{"line":99,"column":4},"end":{"line":99,"column":44}},"53":{"start":{"line":100,"column":9},"end":{"line":102,"column":3}},"54":{"start":{"line":101,"column":4},"end":{"line":101,"column":62}},"55":{"start":{"line":104,"column":2},"end":{"line":111,"column":3}},"56":{"start":{"line":105,"column":22},"end":{"line":105,"column":46}},"57":{"start":{"line":106,"column":4},"end":{"line":108,"column":5}},"58":{"start":{"line":107,"column":6},"end":{"line":107,"column":53}},"59":{"start":{"line":110,"column":4},"end":{"line":110,"column":42}},"60":{"start":{"line":113,"column":2},"end":{"line":115,"column":3}},"61":{"start":{"line":114,"column":4},"end":{"line":114,"column":65}},"62":{"start":{"line":117,"column":2},"end":{"line":119,"column":3}},"63":{"start":{"line":118,"column":4},"end":{"line":118,"column":39}},"64":{"start":{"line":121,"column":2},"end":{"line":123,"column":3}},"65":{"start":{"line":122,"column":4},"end":{"line":122,"column":41}},"66":{"start":{"line":125,"column":2},"end":{"line":125,"column":72}},"67":{"start":{"line":133,"column":26},"end":{"line":135,"column":1}},"68":{"start":{"line":134,"column":2},"end":{"line":134,"column":40}},"69":{"start":{"line":140,"column":29},"end":{"line":198,"column":1}},"70":{"start":{"line":141,"column":15},"end":{"line":141,"column":85}},"71":{"start":{"line":142,"column":2},"end":{"line":144,"column":3}},"72":{"start":{"line":143,"column":4},"end":{"line":143,"column":69}},"73":{"start":{"line":143,"column":36},"end":{"line":143,"column":67}},"74":{"start":{"line":146,"column":25},"end":{"line":146,"column":27}},"75":{"start":{"line":147,"column":2},"end":{"line":154,"column":5}},"76":{"start":{"line":148,"column":16},"end":{"line":148,"column":45}},"77":{"start":{"line":149,"column":4},"end":{"line":151,"column":5}},"78":{"start":{"line":150,"column":6},"end":{"line":150,"column":87}},"79":{"start":{"line":152,"column":4},"end":{"line":152,"column":45}},"80":{"start":{"line":153,"column":4},"end":{"line":153,"column":35}},"81":{"start":{"line":156,"column":23},"end":{"line":160,"column":5}},"82":{"start":{"line":156,"column":66},"end":{"line":160,"column":3}},"83":{"start":{"line":162,"column":23},"end":{"line":162,"column":27}},"84":{"start":{"line":163,"column":2},"end":{"line":167,"column":3}},"85":{"start":{"line":164,"column":23},"end":{"line":164,"column":66}},"86":{"start":{"line":164,"column":49},"end":{"line":164,"column":62}},"87":{"start":{"line":165,"column":23},"end":{"line":165,"column":36}},"88":{"start":{"line":166,"column":4},"end":{"line":166,"column":80}},"89":{"start":{"line":169,"column":22},"end":{"line":169,"column":69}},"90":{"start":{"line":170,"column":21},"end":{"line":170,"column":22}},"91":{"start":{"line":171,"column":20},"end":{"line":171,"column":21}},"92":{"start":{"line":172,"column":22},"end":{"line":172,"column":24}},"93":{"start":{"line":173,"column":2},"end":{"line":179,"column":5}},"94":{"start":{"line":174,"column":4},"end":{"line":174,"column":74}},"95":{"start":{"line":174,"column":59},"end":{"line":174,"column":74}},"96":{"start":{"line":175,"column":4},"end":{"line":178,"column":5}},"97":{"start":{"line":176,"column":6},"end":{"line":176,"column":20}},"98":{"start":{"line":177,"column":6},"end":{"line":177,"column":33}},"99":{"start":{"line":181,"column":2},"end":{"line":197,"column":4}},"100":{"start":{"line":203,"column":32},"end":{"line":216,"column":1}},"101":{"start":{"line":204,"column":2},"end":{"line":215,"column":3}},"102":{"start":{"line":205,"column":4},"end":{"line":209,"column":6}},"103":{"start":{"line":211,"column":4},"end":{"line":214,"column":6}},"104":{"start":{"line":221,"column":43},"end":{"line":255,"column":1}},"105":{"start":{"line":223,"column":2},"end":{"line":225,"column":3}},"106":{"start":{"line":224,"column":4},"end":{"line":224,"column":76}},"107":{"start":{"line":228,"column":2},"end":{"line":230,"column":3}},"108":{"start":{"line":229,"column":4},"end":{"line":229,"column":57}},"109":{"start":{"line":233,"column":27},"end":{"line":233,"column":48}},"110":{"start":{"line":234,"column":31},"end":{"line":234,"column":73}},"111":{"start":{"line":235,"column":2},"end":{"line":237,"column":3}},"112":{"start":{"line":236,"column":4},"end":{"line":236,"column":63}},"113":{"start":{"line":240,"column":2},"end":{"line":252,"column":3}},"114":{"start":{"line":241,"column":4},"end":{"line":243,"column":5}},"115":{"start":{"line":242,"column":6},"end":{"line":242,"column":89}},"116":{"start":{"line":245,"column":33},"end":{"line":245,"column":67}},"117":{"start":{"line":246,"column":4},"end":{"line":248,"column":5}},"118":{"start":{"line":247,"column":6},"end":{"line":247,"column":83}},"119":{"start":{"line":249,"column":4},"end":{"line":249,"column":104}},"120":{"start":{"line":251,"column":4},"end":{"line":251,"column":82}},"121":{"start":{"line":254,"column":2},"end":{"line":254,"column":33}},"122":{"start":{"line":257,"column":0},"end":{"line":278,"column":3}},"123":{"start":{"line":258,"column":2},"end":{"line":277,"column":3}},"124":{"start":{"line":259,"column":24},"end":{"line":259,"column":38}},"125":{"start":{"line":260,"column":4},"end":{"line":262,"column":5}},"126":{"start":{"line":261,"column":6},"end":{"line":261,"column":75}},"127":{"start":{"line":264,"column":20},"end":{"line":264,"column":71}},"128":{"start":{"line":265,"column":4},"end":{"line":267,"column":5}},"129":{"start":{"line":266,"column":6},"end":{"line":266,"column":92}},"130":{"start":{"line":269,"column":26},"end":{"line":269,"column":43}},"131":{"start":{"line":270,"column":17},"end":{"line":270,"column":67}},"132":{"start":{"line":271,"column":4},"end":{"line":271,"column":31}},"133":{"start":{"line":273,"column":4},"end":{"line":273,"column":50}},"134":{"start":{"line":274,"column":4},"end":{"line":276,"column":7}},"135":{"start":{"line":280,"column":0},"end":{"line":303,"column":3}},"136":{"start":{"line":281,"column":2},"end":{"line":302,"column":3}},"137":{"start":{"line":282,"column":22},"end":{"line":282,"column":35}},"138":{"start":{"line":285,"column":4},"end":{"line":287,"column":5}},"139":{"start":{"line":286,"column":6},"end":{"line":286,"column":79}},"140":{"start":{"line":289,"column":20},"end":{"line":289,"column":53}},"141":{"start":{"line":290,"column":4},"end":{"line":292,"column":5}},"142":{"start":{"line":291,"column":6},"end":{"line":291,"column":68}},"143":{"start":{"line":294,"column":26},"end":{"line":294,"column":43}},"144":{"start":{"line":295,"column":17},"end":{"line":295,"column":67}},"145":{"start":{"line":296,"column":4},"end":{"line":296,"column":31}},"146":{"start":{"line":298,"column":4},"end":{"line":298,"column":56}},"147":{"start":{"line":299,"column":4},"end":{"line":301,"column":7}},"148":{"start":{"line":305,"column":0},"end":{"line":325,"column":3}},"149":{"start":{"line":306,"column":2},"end":{"line":324,"column":3}},"150":{"start":{"line":307,"column":21},"end":{"line":307,"column":59}},"151":{"start":{"line":308,"column":22},"end":{"line":308,"column":42}},"152":{"start":{"line":310,"column":31},"end":{"line":318,"column":6}},"153":{"start":{"line":311,"column":28},"end":{"line":311,"column":106}},"154":{"start":{"line":311,"column":54},"end":{"line":311,"column":105}},"155":{"start":{"line":312,"column":6},"end":{"line":317,"column":8}},"156":{"start":{"line":320,"column":4},"end":{"line":320,"column":45}},"157":{"start":{"line":322,"column":4},"end":{"line":322,"column":55}},"158":{"start":{"line":323,"column":4},"end":{"line":323,"column":66}},"159":{"start":{"line":327,"column":0},"end":{"line":364,"column":3}},"160":{"start":{"line":328,"column":2},"end":{"line":363,"column":3}},"161":{"start":{"line":329,"column":54},"end":{"line":329,"column":62}},"162":{"start":{"line":332,"column":23},"end":{"line":332,"column":85}},"163":{"start":{"line":333,"column":4},"end":{"line":338,"column":5}},"164":{"start":{"line":334,"column":6},"end":{"line":337,"column":9}},"165":{"start":{"line":341,"column":28},"end":{"line":341,"column":82}},"166":{"start":{"line":342,"column":4},"end":{"line":346,"column":5}},"167":{"start":{"line":343,"column":6},"end":{"line":345,"column":9}},"168":{"start":{"line":348,"column":20},"end":{"line":354,"column":6}},"169":{"start":{"line":356,"column":23},"end":{"line":356,"column":43}},"170":{"start":{"line":357,"column":4},"end":{"line":357,"column":37}},"171":{"start":{"line":359,"column":4},"end":{"line":359,"column":50}},"172":{"start":{"line":360,"column":4},"end":{"line":362,"column":7}},"173":{"start":{"line":366,"column":0},"end":{"line":404,"column":3}},"174":{"start":{"line":367,"column":2},"end":{"line":403,"column":3}},"175":{"start":{"line":368,"column":54},"end":{"line":368,"column":62}},"176":{"start":{"line":371,"column":27},"end":{"line":371,"column":55}},"177":{"start":{"line":372,"column":4},"end":{"line":374,"column":5}},"178":{"start":{"line":373,"column":6},"end":{"line":373,"column":80}},"179":{"start":{"line":377,"column":23},"end":{"line":377,"column":85}},"180":{"start":{"line":378,"column":4},"end":{"line":383,"column":5}},"181":{"start":{"line":379,"column":6},"end":{"line":382,"column":9}},"182":{"start":{"line":385,"column":20},"end":{"line":389,"column":5}},"183":{"start":{"line":391,"column":4},"end":{"line":395,"column":5}},"184":{"start":{"line":392,"column":6},"end":{"line":394,"column":9}},"185":{"start":{"line":397,"column":4},"end":{"line":397,"column":34}},"186":{"start":{"line":399,"column":4},"end":{"line":399,"column":50}},"187":{"start":{"line":400,"column":4},"end":{"line":402,"column":7}},"188":{"start":{"line":406,"column":0},"end":{"line":434,"column":3}},"189":{"start":{"line":407,"column":2},"end":{"line":433,"column":3}},"190":{"start":{"line":408,"column":21},"end":{"line":408,"column":29}},"191":{"start":{"line":411,"column":27},"end":{"line":411,"column":55}},"192":{"start":{"line":412,"column":4},"end":{"line":414,"column":5}},"193":{"start":{"line":413,"column":6},"end":{"line":413,"column":80}},"194":{"start":{"line":416,"column":19},"end":{"line":416,"column":81}},"195":{"start":{"line":418,"column":4},"end":{"line":422,"column":5}},"196":{"start":{"line":419,"column":6},"end":{"line":421,"column":9}},"197":{"start":{"line":424,"column":4},"end":{"line":427,"column":7}},"198":{"start":{"line":429,"column":4},"end":{"line":429,"column":50}},"199":{"start":{"line":430,"column":4},"end":{"line":432,"column":7}},"200":{"start":{"line":436,"column":0},"end":{"line":530,"column":3}},"201":{"start":{"line":437,"column":2},"end":{"line":529,"column":3}},"202":{"start":{"line":438,"column":54},"end":{"line":438,"column":62}},"203":{"start":{"line":441,"column":4},"end":{"line":443,"column":5}},"204":{"start":{"line":442,"column":6},"end":{"line":442,"column":79}},"205":{"start":{"line":446,"column":30},"end":{"line":446,"column":61}},"206":{"start":{"line":447,"column":4},"end":{"line":449,"column":5}},"207":{"start":{"line":448,"column":6},"end":{"line":448,"column":86}},"208":{"start":{"line":452,"column":28},"end":{"line":452,"column":57}},"209":{"start":{"line":453,"column":4},"end":{"line":455,"column":5}},"210":{"start":{"line":454,"column":6},"end":{"line":454,"column":82}},"211":{"start":{"line":458,"column":27},"end":{"line":458,"column":45}},"212":{"start":{"line":459,"column":4},"end":{"line":461,"column":5}},"213":{"start":{"line":460,"column":6},"end":{"line":460,"column":69}},"214":{"start":{"line":464,"column":27},"end":{"line":464,"column":45}},"215":{"start":{"line":465,"column":4},"end":{"line":467,"column":5}},"216":{"start":{"line":466,"column":6},"end":{"line":466,"column":69}},"217":{"start":{"line":470,"column":20},"end":{"line":470,"column":53}},"218":{"start":{"line":471,"column":4},"end":{"line":473,"column":5}},"219":{"start":{"line":472,"column":6},"end":{"line":472,"column":68}},"220":{"start":{"line":476,"column":18},"end":{"line":491,"column":5}},"221":{"start":{"line":493,"column":32},"end":{"line":493,"column":172}},"222":{"start":{"line":494,"column":4},"end":{"line":506,"column":7}},"223":{"start":{"line":507,"column":4},"end":{"line":518,"column":7}},"224":{"start":{"line":520,"column":4},"end":{"line":523,"column":7}},"225":{"start":{"line":525,"column":4},"end":{"line":525,"column":46}},"226":{"start":{"line":526,"column":4},"end":{"line":528,"column":7}},"227":{"start":{"line":532,"column":0},"end":{"line":573,"column":3}},"228":{"start":{"line":533,"column":2},"end":{"line":572,"column":3}},"229":{"start":{"line":534,"column":40},"end":{"line":534,"column":48}},"230":{"start":{"line":537,"column":4},"end":{"line":539,"column":5}},"231":{"start":{"line":538,"column":6},"end":{"line":538,"column":79}},"232":{"start":{"line":542,"column":27},"end":{"line":542,"column":45}},"233":{"start":{"line":543,"column":4},"end":{"line":545,"column":5}},"234":{"start":{"line":544,"column":6},"end":{"line":544,"column":69}},"235":{"start":{"line":548,"column":26},"end":{"line":548,"column":55}},"236":{"start":{"line":549,"column":29},"end":{"line":549,"column":64}},"237":{"start":{"line":550,"column":4},"end":{"line":552,"column":5}},"238":{"start":{"line":551,"column":6},"end":{"line":551,"column":71}},"239":{"start":{"line":554,"column":27},"end":{"line":554,"column":57}},"240":{"start":{"line":555,"column":4},"end":{"line":555,"column":40}},"241":{"start":{"line":557,"column":23},"end":{"line":561,"column":5}},"242":{"start":{"line":563,"column":4},"end":{"line":566,"column":7}},"243":{"start":{"line":568,"column":4},"end":{"line":568,"column":53}},"244":{"start":{"line":569,"column":4},"end":{"line":571,"column":7}},"245":{"start":{"line":576,"column":0},"end":{"line":584,"column":3}},"246":{"start":{"line":577,"column":2},"end":{"line":583,"column":3}},"247":{"start":{"line":578,"column":21},"end":{"line":578,"column":69}},"248":{"start":{"line":579,"column":4},"end":{"line":579,"column":52}},"249":{"start":{"line":579,"column":43},"end":{"line":579,"column":49}},"250":{"start":{"line":581,"column":4},"end":{"line":581,"column":51}},"251":{"start":{"line":582,"column":4},"end":{"line":582,"column":66}},"252":{"start":{"line":586,"column":0},"end":{"line":607,"column":3}},"253":{"start":{"line":587,"column":2},"end":{"line":606,"column":3}},"254":{"start":{"line":588,"column":21},"end":{"line":588,"column":29}},"255":{"start":{"line":591,"column":27},"end":{"line":591,"column":55}},"256":{"start":{"line":592,"column":4},"end":{"line":594,"column":5}},"257":{"start":{"line":593,"column":6},"end":{"line":593,"column":88}},"258":{"start":{"line":596,"column":21},"end":{"line":596,"column":74}},"259":{"start":{"line":597,"column":4},"end":{"line":599,"column":5}},"260":{"start":{"line":598,"column":6},"end":{"line":598,"column":73}},"261":{"start":{"line":601,"column":20},"end":{"line":601,"column":72}},"262":{"start":{"line":602,"column":4},"end":{"line":602,"column":34}},"263":{"start":{"line":604,"column":4},"end":{"line":604,"column":50}},"264":{"start":{"line":605,"column":4},"end":{"line":605,"column":81}},"265":{"start":{"line":609,"column":0},"end":{"line":628,"column":3}},"266":{"start":{"line":610,"column":2},"end":{"line":627,"column":3}},"267":{"start":{"line":611,"column":21},"end":{"line":611,"column":31}},"268":{"start":{"line":614,"column":27},"end":{"line":614,"column":55}},"269":{"start":{"line":615,"column":4},"end":{"line":617,"column":5}},"270":{"start":{"line":616,"column":6},"end":{"line":616,"column":88}},"271":{"start":{"line":619,"column":20},"end":{"line":619,"column":82}},"272":{"start":{"line":620,"column":4},"end":{"line":622,"column":5}},"273":{"start":{"line":621,"column":6},"end":{"line":621,"column":68}},"274":{"start":{"line":623,"column":4},"end":{"line":623,"column":70}},"275":{"start":{"line":625,"column":4},"end":{"line":625,"column":50}},"276":{"start":{"line":626,"column":4},"end":{"line":626,"column":81}},"277":{"start":{"line":631,"column":0},"end":{"line":676,"column":3}},"278":{"start":{"line":632,"column":2},"end":{"line":675,"column":3}},"279":{"start":{"line":633,"column":45},"end":{"line":633,"column":53}},"280":{"start":{"line":636,"column":31},"end":{"line":636,"column":63}},"281":{"start":{"line":637,"column":4},"end":{"line":639,"column":5}},"282":{"start":{"line":638,"column":6},"end":{"line":638,"column":88}},"283":{"start":{"line":642,"column":31},"end":{"line":642,"column":63}},"284":{"start":{"line":643,"column":4},"end":{"line":645,"column":5}},"285":{"start":{"line":644,"column":6},"end":{"line":644,"column":88}},"286":{"start":{"line":648,"column":27},"end":{"line":648,"column":68}},"287":{"start":{"line":649,"column":31},"end":{"line":649,"column":69}},"288":{"start":{"line":650,"column":4},"end":{"line":652,"column":5}},"289":{"start":{"line":651,"column":6},"end":{"line":651,"column":73}},"290":{"start":{"line":654,"column":17},"end":{"line":654,"column":111}},"291":{"start":{"line":655,"column":4},"end":{"line":657,"column":5}},"292":{"start":{"line":656,"column":6},"end":{"line":656,"column":70}},"293":{"start":{"line":660,"column":4},"end":{"line":662,"column":5}},"294":{"start":{"line":661,"column":6},"end":{"line":661,"column":70}},"295":{"start":{"line":665,"column":21},"end":{"line":669,"column":5}},"296":{"start":{"line":671,"column":4},"end":{"line":671,"column":74}},"297":{"start":{"line":673,"column":4},"end":{"line":673,"column":39}},"298":{"start":{"line":674,"column":4},"end":{"line":674,"column":63}},"299":{"start":{"line":678,"column":0},"end":{"line":729,"column":3}},"300":{"start":{"line":679,"column":2},"end":{"line":728,"column":3}},"301":{"start":{"line":680,"column":56},"end":{"line":680,"column":64}},"302":{"start":{"line":683,"column":31},"end":{"line":683,"column":63}},"303":{"start":{"line":684,"column":4},"end":{"line":686,"column":5}},"304":{"start":{"line":685,"column":6},"end":{"line":685,"column":88}},"305":{"start":{"line":689,"column":31},"end":{"line":689,"column":63}},"306":{"start":{"line":690,"column":4},"end":{"line":692,"column":5}},"307":{"start":{"line":691,"column":6},"end":{"line":691,"column":88}},"308":{"start":{"line":695,"column":27},"end":{"line":695,"column":68}},"309":{"start":{"line":696,"column":31},"end":{"line":696,"column":69}},"310":{"start":{"line":697,"column":4},"end":{"line":699,"column":5}},"311":{"start":{"line":698,"column":6},"end":{"line":698,"column":73}},"312":{"start":{"line":702,"column":29},"end":{"line":702,"column":33}},"313":{"start":{"line":703,"column":4},"end":{"line":708,"column":5}},"314":{"start":{"line":704,"column":6},"end":{"line":706,"column":7}},"315":{"start":{"line":705,"column":8},"end":{"line":705,"column":78}},"316":{"start":{"line":707,"column":6},"end":{"line":707,"column":75}},"317":{"start":{"line":711,"column":25},"end":{"line":711,"column":83}},"318":{"start":{"line":712,"column":4},"end":{"line":714,"column":5}},"319":{"start":{"line":713,"column":6},"end":{"line":713,"column":74}},"320":{"start":{"line":716,"column":17},"end":{"line":721,"column":6}},"321":{"start":{"line":723,"column":20},"end":{"line":723,"column":37}},"322":{"start":{"line":724,"column":4},"end":{"line":724,"column":85}},"323":{"start":{"line":726,"column":4},"end":{"line":726,"column":51}},"324":{"start":{"line":727,"column":4},"end":{"line":727,"column":63}},"325":{"start":{"line":733,"column":0},"end":{"line":779,"column":3}},"326":{"start":{"line":734,"column":2},"end":{"line":778,"column":3}},"327":{"start":{"line":735,"column":26},"end":{"line":735,"column":36}},"328":{"start":{"line":736,"column":39},"end":{"line":736,"column":48}},"329":{"start":{"line":739,"column":4},"end":{"line":741,"column":5}},"330":{"start":{"line":740,"column":6},"end":{"line":740,"column":69}},"331":{"start":{"line":743,"column":17},"end":{"line":743,"column":60}},"332":{"start":{"line":745,"column":4},"end":{"line":767,"column":5}},"333":{"start":{"line":747,"column":35},"end":{"line":747,"column":93}},"334":{"start":{"line":748,"column":6},"end":{"line":750,"column":7}},"335":{"start":{"line":749,"column":8},"end":{"line":749,"column":77}},"336":{"start":{"line":752,"column":6},"end":{"line":766,"column":7}},"337":{"start":{"line":754,"column":37},"end":{"line":754,"column":71}},"338":{"start":{"line":755,"column":8},"end":{"line":757,"column":9}},"339":{"start":{"line":756,"column":10},"end":{"line":756,"column":97}},"340":{"start":{"line":759,"column":8},"end":{"line":765,"column":10}},"341":{"start":{"line":769,"column":22},"end":{"line":770,"column":30}},"342":{"start":{"line":772,"column":4},"end":{"line":772,"column":36}},"343":{"start":{"line":774,"column":4},"end":{"line":774,"column":52}},"344":{"start":{"line":775,"column":4},"end":{"line":777,"column":7}},"345":{"start":{"line":782,"column":0},"end":{"line":859,"column":3}},"346":{"start":{"line":783,"column":2},"end":{"line":858,"column":3}},"347":{"start":{"line":793,"column":8},"end":{"line":793,"column":16}},"348":{"start":{"line":796,"column":4},"end":{"line":798,"column":5}},"349":{"start":{"line":797,"column":6},"end":{"line":797,"column":79}},"350":{"start":{"line":801,"column":34},"end":{"line":801,"column":69}},"351":{"start":{"line":802,"column":4},"end":{"line":804,"column":5}},"352":{"start":{"line":803,"column":6},"end":{"line":803,"column":95}},"353":{"start":{"line":807,"column":20},"end":{"line":807,"column":53}},"354":{"start":{"line":808,"column":4},"end":{"line":810,"column":5}},"355":{"start":{"line":809,"column":6},"end":{"line":809,"column":68}},"356":{"start":{"line":813,"column":4},"end":{"line":817,"column":5}},"357":{"start":{"line":814,"column":6},"end":{"line":816,"column":9}},"358":{"start":{"line":819,"column":21},"end":{"line":828,"column":6}},"359":{"start":{"line":830,"column":24},"end":{"line":830,"column":45}},"360":{"start":{"line":832,"column":32},"end":{"line":832,"column":74}},"361":{"start":{"line":833,"column":4},"end":{"line":840,"column":7}},"362":{"start":{"line":841,"column":4},"end":{"line":847,"column":7}},"363":{"start":{"line":849,"column":4},"end":{"line":852,"column":7}},"364":{"start":{"line":854,"column":4},"end":{"line":854,"column":51}},"365":{"start":{"line":855,"column":4},"end":{"line":857,"column":7}},"366":{"start":{"line":862,"column":0},"end":{"line":877,"column":3}},"367":{"start":{"line":863,"column":2},"end":{"line":876,"column":3}},"368":{"start":{"line":864,"column":50},"end":{"line":864,"column":59}},"369":{"start":{"line":866,"column":23},"end":{"line":866,"column":92}},"370":{"start":{"line":867,"column":4},"end":{"line":869,"column":5}},"371":{"start":{"line":868,"column":6},"end":{"line":868,"column":65}},"372":{"start":{"line":871,"column":26},"end":{"line":871,"column":92}},"373":{"start":{"line":872,"column":4},"end":{"line":872,"column":40}},"374":{"start":{"line":874,"column":4},"end":{"line":874,"column":56}},"375":{"start":{"line":875,"column":4},"end":{"line":875,"column":86}},"376":{"start":{"line":880,"column":0},"end":{"line":895,"column":3}},"377":{"start":{"line":881,"column":2},"end":{"line":894,"column":3}},"378":{"start":{"line":882,"column":50},"end":{"line":882,"column":59}},"379":{"start":{"line":884,"column":23},"end":{"line":884,"column":92}},"380":{"start":{"line":885,"column":4},"end":{"line":887,"column":5}},"381":{"start":{"line":886,"column":6},"end":{"line":886,"column":65}},"382":{"start":{"line":889,"column":4},"end":{"line":889,"column":69}},"383":{"start":{"line":890,"column":4},"end":{"line":890,"column":67}},"384":{"start":{"line":892,"column":4},"end":{"line":892,"column":60}},"385":{"start":{"line":893,"column":4},"end":{"line":893,"column":90}},"386":{"start":{"line":898,"column":0},"end":{"line":948,"column":3}},"387":{"start":{"line":899,"column":2},"end":{"line":947,"column":3}},"388":{"start":{"line":900,"column":27},"end":{"line":900,"column":37}},"389":{"start":{"line":907,"column":8},"end":{"line":907,"column":16}},"390":{"start":{"line":910,"column":4},"end":{"line":912,"column":5}},"391":{"start":{"line":911,"column":6},"end":{"line":911,"column":70}},"392":{"start":{"line":914,"column":21},"end":{"line":914,"column":56}},"393":{"start":{"line":915,"column":4},"end":{"line":917,"column":5}},"394":{"start":{"line":916,"column":6},"end":{"line":916,"column":69}},"395":{"start":{"line":920,"column":4},"end":{"line":924,"column":5}},"396":{"start":{"line":921,"column":6},"end":{"line":923,"column":9}},"397":{"start":{"line":926,"column":28},"end":{"line":936,"column":5}},"398":{"start":{"line":938,"column":4},"end":{"line":941,"column":7}},"399":{"start":{"line":943,"column":4},"end":{"line":943,"column":51}},"400":{"start":{"line":944,"column":4},"end":{"line":946,"column":7}},"401":{"start":{"line":951,"column":0},"end":{"line":975,"column":3}},"402":{"start":{"line":952,"column":2},"end":{"line":974,"column":3}},"403":{"start":{"line":953,"column":27},"end":{"line":953,"column":37}},"404":{"start":{"line":956,"column":4},"end":{"line":958,"column":5}},"405":{"start":{"line":957,"column":6},"end":{"line":957,"column":70}},"406":{"start":{"line":960,"column":21},"end":{"line":960,"column":56}},"407":{"start":{"line":961,"column":4},"end":{"line":963,"column":5}},"408":{"start":{"line":962,"column":6},"end":{"line":962,"column":69}},"409":{"start":{"line":965,"column":4},"end":{"line":965,"column":49}},"410":{"start":{"line":966,"column":4},"end":{"line":968,"column":7}},"411":{"start":{"line":970,"column":4},"end":{"line":970,"column":51}},"412":{"start":{"line":971,"column":4},"end":{"line":973,"column":7}},"413":{"start":{"line":977,"column":0},"end":{"line":977,"column":27}}},"fnMap":{"0":{"name":"(anonymous_0)","decl":{"start":{"line":16,"column":24},"end":{"line":16,"column":25}},"loc":{"start":{"line":16,"column":32},"end":{"line":18,"column":1}},"line":16},"1":{"name":"(anonymous_1)","decl":{"start":{"line":23,"column":23},"end":{"line":23,"column":24}},"loc":{"start":{"line":23,"column":66},"end":{"line":33,"column":1}},"line":23},"2":{"name":"(anonymous_2)","decl":{"start":{"line":38,"column":23},"end":{"line":38,"column":24}},"loc":{"start":{"line":38,"column":54},"end":{"line":47,"column":1}},"line":38},"3":{"name":"(anonymous_3)","decl":{"start":{"line":52,"column":21},"end":{"line":52,"column":22}},"loc":{"start":{"line":52,"column":32},"end":{"line":59,"column":1}},"line":52},"4":{"name":"(anonymous_4)","decl":{"start":{"line":64,"column":21},"end":{"line":64,"column":22}},"loc":{"start":{"line":64,"column":32},"end":{"line":70,"column":1}},"line":64},"5":{"name":"(anonymous_5)","decl":{"start":{"line":75,"column":21},"end":{"line":75,"column":22}},"loc":{"start":{"line":75,"column":47},"end":{"line":81,"column":1}},"line":75},"6":{"name":"(anonymous_6)","decl":{"start":{"line":86,"column":21},"end":{"line":86,"column":22}},"loc":{"start":{"line":86,"column":32},"end":{"line":92,"column":1}},"line":86},"7":{"name":"(anonymous_7)","decl":{"start":{"line":95,"column":28},"end":{"line":95,"column":29}},"loc":{"start":{"line":95,"column":38},"end":{"line":126,"column":1}},"line":95},"8":{"name":"(anonymous_8)","decl":{"start":{"line":133,"column":26},"end":{"line":133,"column":27}},"loc":{"start":{"line":133,"column":37},"end":{"line":135,"column":1}},"line":133},"9":{"name":"(anonymous_9)","decl":{"start":{"line":140,"column":29},"end":{"line":140,"column":30}},"loc":{"start":{"line":140,"column":63},"end":{"line":198,"column":1}},"line":140},"10":{"name":"(anonymous_10)","decl":{"start":{"line":143,"column":27},"end":{"line":143,"column":28}},"loc":{"start":{"line":143,"column":36},"end":{"line":143,"column":67}},"line":143},"11":{"name":"(anonymous_11)","decl":{"start":{"line":147,"column":17},"end":{"line":147,"column":18}},"loc":{"start":{"line":147,"column":26},"end":{"line":154,"column":3}},"line":147},"12":{"name":"(anonymous_12)","decl":{"start":{"line":156,"column":57},"end":{"line":156,"column":58}},"loc":{"start":{"line":156,"column":66},"end":{"line":160,"column":3}},"line":156},"13":{"name":"(anonymous_13)","decl":{"start":{"line":164,"column":37},"end":{"line":164,"column":38}},"loc":{"start":{"line":164,"column":49},"end":{"line":164,"column":62}},"line":164},"14":{"name":"(anonymous_14)","decl":{"start":{"line":173,"column":22},"end":{"line":173,"column":23}},"loc":{"start":{"line":173,"column":29},"end":{"line":179,"column":3}},"line":173},"15":{"name":"(anonymous_15)","decl":{"start":{"line":203,"column":32},"end":{"line":203,"column":33}},"loc":{"start":{"line":203,"column":71},"end":{"line":216,"column":1}},"line":203},"16":{"name":"(anonymous_16)","decl":{"start":{"line":221,"column":43},"end":{"line":221,"column":44}},"loc":{"start":{"line":221,"column":82},"end":{"line":255,"column":1}},"line":221},"17":{"name":"(anonymous_17)","decl":{"start":{"line":257,"column":19},"end":{"line":257,"column":20}},"loc":{"start":{"line":257,"column":39},"end":{"line":278,"column":1}},"line":257},"18":{"name":"(anonymous_18)","decl":{"start":{"line":280,"column":28},"end":{"line":280,"column":29}},"loc":{"start":{"line":280,"column":48},"end":{"line":303,"column":1}},"line":280},"19":{"name":"(anonymous_19)","decl":{"start":{"line":305,"column":22},"end":{"line":305,"column":23}},"loc":{"start":{"line":305,"column":42},"end":{"line":325,"column":1}},"line":305},"20":{"name":"(anonymous_20)","decl":{"start":{"line":310,"column":44},"end":{"line":310,"column":45}},"loc":{"start":{"line":310,"column":55},"end":{"line":318,"column":5}},"line":310},"21":{"name":"(anonymous_21)","decl":{"start":{"line":311,"column":45},"end":{"line":311,"column":46}},"loc":{"start":{"line":311,"column":54},"end":{"line":311,"column":105}},"line":311},"22":{"name":"(anonymous_22)","decl":{"start":{"line":327,"column":20},"end":{"line":327,"column":21}},"loc":{"start":{"line":327,"column":40},"end":{"line":364,"column":1}},"line":327},"23":{"name":"(anonymous_23)","decl":{"start":{"line":366,"column":24},"end":{"line":366,"column":25}},"loc":{"start":{"line":366,"column":44},"end":{"line":404,"column":1}},"line":366},"24":{"name":"(anonymous_24)","decl":{"start":{"line":406,"column":22},"end":{"line":406,"column":23}},"loc":{"start":{"line":406,"column":42},"end":{"line":434,"column":1}},"line":406},"25":{"name":"(anonymous_25)","decl":{"start":{"line":436,"column":26},"end":{"line":436,"column":27}},"loc":{"start":{"line":436,"column":46},"end":{"line":530,"column":1}},"line":436},"26":{"name":"(anonymous_26)","decl":{"start":{"line":532,"column":31},"end":{"line":532,"column":32}},"loc":{"start":{"line":532,"column":51},"end":{"line":573,"column":1}},"line":532},"27":{"name":"(anonymous_27)","decl":{"start":{"line":576,"column":27},"end":{"line":576,"column":28}},"loc":{"start":{"line":576,"column":47},"end":{"line":584,"column":1}},"line":576},"28":{"name":"(anonymous_28)","decl":{"start":{"line":579,"column":38},"end":{"line":579,"column":39}},"loc":{"start":{"line":579,"column":43},"end":{"line":579,"column":49}},"line":579},"29":{"name":"(anonymous_29)","decl":{"start":{"line":586,"column":28},"end":{"line":586,"column":29}},"loc":{"start":{"line":586,"column":48},"end":{"line":607,"column":1}},"line":586},"30":{"name":"(anonymous_30)","decl":{"start":{"line":609,"column":36},"end":{"line":609,"column":37}},"loc":{"start":{"line":609,"column":56},"end":{"line":628,"column":1}},"line":609},"31":{"name":"(anonymous_31)","decl":{"start":{"line":631,"column":25},"end":{"line":631,"column":26}},"loc":{"start":{"line":631,"column":45},"end":{"line":676,"column":1}},"line":631},"32":{"name":"(anonymous_32)","decl":{"start":{"line":678,"column":33},"end":{"line":678,"column":34}},"loc":{"start":{"line":678,"column":53},"end":{"line":729,"column":1}},"line":678},"33":{"name":"(anonymous_33)","decl":{"start":{"line":733,"column":39},"end":{"line":733,"column":40}},"loc":{"start":{"line":733,"column":59},"end":{"line":779,"column":1}},"line":733},"34":{"name":"(anonymous_34)","decl":{"start":{"line":782,"column":29},"end":{"line":782,"column":30}},"loc":{"start":{"line":782,"column":49},"end":{"line":859,"column":1}},"line":782},"35":{"name":"(anonymous_35)","decl":{"start":{"line":862,"column":32},"end":{"line":862,"column":33}},"loc":{"start":{"line":862,"column":52},"end":{"line":877,"column":1}},"line":862},"36":{"name":"(anonymous_36)","decl":{"start":{"line":880,"column":47},"end":{"line":880,"column":48}},"loc":{"start":{"line":880,"column":67},"end":{"line":895,"column":1}},"line":880},"37":{"name":"(anonymous_37)","decl":{"start":{"line":898,"column":40},"end":{"line":898,"column":41}},"loc":{"start":{"line":898,"column":60},"end":{"line":948,"column":1}},"line":898},"38":{"name":"(anonymous_38)","decl":{"start":{"line":951,"column":43},"end":{"line":951,"column":44}},"loc":{"start":{"line":951,"column":63},"end":{"line":975,"column":1}},"line":951}},"branchMap":{"0":{"loc":{"start":{"line":23,"column":31},"end":{"line":23,"column":44}},"type":"default-arg","locations":[{"start":{"line":23,"column":43},"end":{"line":23,"column":44}}],"line":23},"1":{"loc":{"start":{"line":23,"column":46},"end":{"line":23,"column":61}},"type":"default-arg","locations":[{"start":{"line":23,"column":58},"end":{"line":23,"column":61}}],"line":23},"2":{"loc":{"start":{"line":24,"column":2},"end":{"line":24,"column":66}},"type":"if","locations":[{"start":{"line":24,"column":2},"end":{"line":24,"column":66}},{"start":{},"end":{}}],"line":24},"3":{"loc":{"start":{"line":26,"column":2},"end":{"line":28,"column":3}},"type":"if","locations":[{"start":{"line":26,"column":2},"end":{"line":28,"column":3}},{"start":{},"end":{}}],"line":26},"4":{"loc":{"start":{"line":29,"column":2},"end":{"line":31,"column":3}},"type":"if","locations":[{"start":{"line":29,"column":2},"end":{"line":31,"column":3}},{"start":{},"end":{}}],"line":29},"5":{"loc":{"start":{"line":38,"column":31},"end":{"line":38,"column":38}},"type":"default-arg","locations":[{"start":{"line":38,"column":37},"end":{"line":38,"column":38}}],"line":38},"6":{"loc":{"start":{"line":38,"column":40},"end":{"line":38,"column":49}},"type":"default-arg","locations":[{"start":{"line":38,"column":46},"end":{"line":38,"column":49}}],"line":38},"7":{"loc":{"start":{"line":40,"column":2},"end":{"line":42,"column":3}},"type":"if","locations":[{"start":{"line":40,"column":2},"end":{"line":42,"column":3}},{"start":{},"end":{}}],"line":40},"8":{"loc":{"start":{"line":43,"column":2},"end":{"line":45,"column":3}},"type":"if","locations":[{"start":{"line":43,"column":2},"end":{"line":45,"column":3}},{"start":{},"end":{}}],"line":43},"9":{"loc":{"start":{"line":43,"column":6},"end":{"line":43,"column":28}},"type":"binary-expr","locations":[{"start":{"line":43,"column":6},"end":{"line":43,"column":15}},{"start":{"line":43,"column":19},"end":{"line":43,"column":28}}],"line":43},"10":{"loc":{"start":{"line":55,"column":2},"end":{"line":57,"column":3}},"type":"if","locations":[{"start":{"line":55,"column":2},"end":{"line":57,"column":3}},{"start":{},"end":{}}],"line":55},"11":{"loc":{"start":{"line":55,"column":6},"end":{"line":55,"column":58}},"type":"binary-expr","locations":[{"start":{"line":55,"column":6},"end":{"line":55,"column":23}},{"start":{"line":55,"column":27},"end":{"line":55,"column":37}},{"start":{"line":55,"column":41},"end":{"line":55,"column":58}}],"line":55},"12":{"loc":{"start":{"line":66,"column":2},"end":{"line":68,"column":3}},"type":"if","locations":[{"start":{"line":66,"column":2},"end":{"line":68,"column":3}},{"start":{},"end":{}}],"line":66},"13":{"loc":{"start":{"line":66,"column":6},"end":{"line":66,"column":51}},"type":"binary-expr","locations":[{"start":{"line":66,"column":6},"end":{"line":66,"column":23}},{"start":{"line":66,"column":28},"end":{"line":66,"column":37}},{"start":{"line":66,"column":41},"end":{"line":66,"column":50}}],"line":66},"14":{"loc":{"start":{"line":77,"column":2},"end":{"line":79,"column":3}},"type":"if","locations":[{"start":{"line":77,"column":2},"end":{"line":79,"column":3}},{"start":{},"end":{}}],"line":77},"15":{"loc":{"start":{"line":88,"column":2},"end":{"line":90,"column":3}},"type":"if","locations":[{"start":{"line":88,"column":2},"end":{"line":90,"column":3}},{"start":{},"end":{}}],"line":88},"16":{"loc":{"start":{"line":98,"column":2},"end":{"line":102,"column":3}},"type":"if","locations":[{"start":{"line":98,"column":2},"end":{"line":102,"column":3}},{"start":{"line":100,"column":9},"end":{"line":102,"column":3}}],"line":98},"17":{"loc":{"start":{"line":100,"column":9},"end":{"line":102,"column":3}},"type":"if","locations":[{"start":{"line":100,"column":9},"end":{"line":102,"column":3}},{"start":{},"end":{}}],"line":100},"18":{"loc":{"start":{"line":104,"column":2},"end":{"line":111,"column":3}},"type":"if","locations":[{"start":{"line":104,"column":2},"end":{"line":111,"column":3}},{"start":{"line":109,"column":9},"end":{"line":111,"column":3}}],"line":104},"19":{"loc":{"start":{"line":106,"column":4},"end":{"line":108,"column":5}},"type":"if","locations":[{"start":{"line":106,"column":4},"end":{"line":108,"column":5}},{"start":{},"end":{}}],"line":106},"20":{"loc":{"start":{"line":113,"column":2},"end":{"line":115,"column":3}},"type":"if","locations":[{"start":{"line":113,"column":2},"end":{"line":115,"column":3}},{"start":{},"end":{}}],"line":113},"21":{"loc":{"start":{"line":113,"column":6},"end":{"line":113,"column":63}},"type":"binary-expr","locations":[{"start":{"line":113,"column":6},"end":{"line":113,"column":18}},{"start":{"line":113,"column":22},"end":{"line":113,"column":63}}],"line":113},"22":{"loc":{"start":{"line":117,"column":2},"end":{"line":119,"column":3}},"type":"if","locations":[{"start":{"line":117,"column":2},"end":{"line":119,"column":3}},{"start":{},"end":{}}],"line":117},"23":{"loc":{"start":{"line":121,"column":2},"end":{"line":123,"column":3}},"type":"if","locations":[{"start":{"line":121,"column":2},"end":{"line":123,"column":3}},{"start":{},"end":{}}],"line":121},"24":{"loc":{"start":{"line":125,"column":9},"end":{"line":125,"column":71}},"type":"cond-expr","locations":[{"start":{"line":125,"column":29},"end":{"line":125,"column":53}},{"start":{"line":125,"column":56},"end":{"line":125,"column":71}}],"line":125},"25":{"loc":{"start":{"line":142,"column":2},"end":{"line":144,"column":3}},"type":"if","locations":[{"start":{"line":142,"column":2},"end":{"line":144,"column":3}},{"start":{},"end":{}}],"line":142},"26":{"loc":{"start":{"line":149,"column":4},"end":{"line":151,"column":5}},"type":"if","locations":[{"start":{"line":149,"column":4},"end":{"line":151,"column":5}},{"start":{},"end":{}}],"line":149},"27":{"loc":{"start":{"line":159,"column":13},"end":{"line":159,"column":71}},"type":"cond-expr","locations":[{"start":{"line":159,"column":26},"end":{"line":159,"column":62}},{"start":{"line":159,"column":65},"end":{"line":159,"column":71}}],"line":159},"28":{"loc":{"start":{"line":163,"column":2},"end":{"line":167,"column":3}},"type":"if","locations":[{"start":{"line":163,"column":2},"end":{"line":167,"column":3}},{"start":{},"end":{}}],"line":163},"29":{"loc":{"start":{"line":166,"column":21},"end":{"line":166,"column":79}},"type":"cond-expr","locations":[{"start":{"line":166,"column":34},"end":{"line":166,"column":70}},{"start":{"line":166,"column":73},"end":{"line":166,"column":79}}],"line":166},"30":{"loc":{"start":{"line":174,"column":4},"end":{"line":174,"column":74}},"type":"if","locations":[{"start":{"line":174,"column":4},"end":{"line":174,"column":74}},{"start":{},"end":{}}],"line":174},"31":{"loc":{"start":{"line":174,"column":8},"end":{"line":174,"column":57}},"type":"binary-expr","locations":[{"start":{"line":174,"column":8},"end":{"line":174,"column":32}},{"start":{"line":174,"column":36},"end":{"line":174,"column":57}}],"line":174},"32":{"loc":{"start":{"line":175,"column":4},"end":{"line":178,"column":5}},"type":"if","locations":[{"start":{"line":175,"column":4},"end":{"line":178,"column":5}},{"start":{},"end":{}}],"line":175},"33":{"loc":{"start":{"line":194,"column":21},"end":{"line":194,"column":40}},"type":"binary-expr","locations":[{"start":{"line":194,"column":21},"end":{"line":194,"column":34}},{"start":{"line":194,"column":38},"end":{"line":194,"column":40}}],"line":194},"34":{"loc":{"start":{"line":204,"column":2},"end":{"line":215,"column":3}},"type":"if","locations":[{"start":{"line":204,"column":2},"end":{"line":215,"column":3}},{"start":{"line":210,"column":9},"end":{"line":215,"column":3}}],"line":204},"35":{"loc":{"start":{"line":223,"column":2},"end":{"line":225,"column":3}},"type":"if","locations":[{"start":{"line":223,"column":2},"end":{"line":225,"column":3}},{"start":{},"end":{}}],"line":223},"36":{"loc":{"start":{"line":223,"column":6},"end":{"line":223,"column":31}},"type":"binary-expr","locations":[{"start":{"line":223,"column":6},"end":{"line":223,"column":17}},{"start":{"line":223,"column":21},"end":{"line":223,"column":31}}],"line":223},"37":{"loc":{"start":{"line":228,"column":2},"end":{"line":230,"column":3}},"type":"if","locations":[{"start":{"line":228,"column":2},"end":{"line":230,"column":3}},{"start":{},"end":{}}],"line":228},"38":{"loc":{"start":{"line":235,"column":2},"end":{"line":237,"column":3}},"type":"if","locations":[{"start":{"line":235,"column":2},"end":{"line":237,"column":3}},{"start":{},"end":{}}],"line":235},"39":{"loc":{"start":{"line":240,"column":2},"end":{"line":252,"column":3}},"type":"if","locations":[{"start":{"line":240,"column":2},"end":{"line":252,"column":3}},{"start":{"line":250,"column":9},"end":{"line":252,"column":3}}],"line":240},"40":{"loc":{"start":{"line":241,"column":4},"end":{"line":243,"column":5}},"type":"if","locations":[{"start":{"line":241,"column":4},"end":{"line":243,"column":5}},{"start":{},"end":{}}],"line":241},"41":{"loc":{"start":{"line":246,"column":4},"end":{"line":248,"column":5}},"type":"if","locations":[{"start":{"line":246,"column":4},"end":{"line":248,"column":5}},{"start":{},"end":{}}],"line":246},"42":{"loc":{"start":{"line":260,"column":4},"end":{"line":262,"column":5}},"type":"if","locations":[{"start":{"line":260,"column":4},"end":{"line":262,"column":5}},{"start":{},"end":{}}],"line":260},"43":{"loc":{"start":{"line":265,"column":4},"end":{"line":267,"column":5}},"type":"if","locations":[{"start":{"line":265,"column":4},"end":{"line":267,"column":5}},{"start":{},"end":{}}],"line":265},"44":{"loc":{"start":{"line":275,"column":15},"end":{"line":275,"column":60}},"type":"binary-expr","locations":[{"start":{"line":275,"column":15},"end":{"line":275,"column":26}},{"start":{"line":275,"column":30},"end":{"line":275,"column":60}}],"line":275},"45":{"loc":{"start":{"line":285,"column":4},"end":{"line":287,"column":5}},"type":"if","locations":[{"start":{"line":285,"column":4},"end":{"line":287,"column":5}},{"start":{},"end":{}}],"line":285},"46":{"loc":{"start":{"line":285,"column":8},"end":{"line":285,"column":49}},"type":"binary-expr","locations":[{"start":{"line":285,"column":8},"end":{"line":285,"column":18}},{"start":{"line":285,"column":22},"end":{"line":285,"column":49}}],"line":285},"47":{"loc":{"start":{"line":290,"column":4},"end":{"line":292,"column":5}},"type":"if","locations":[{"start":{"line":290,"column":4},"end":{"line":292,"column":5}},{"start":{},"end":{}}],"line":290},"48":{"loc":{"start":{"line":300,"column":15},"end":{"line":300,"column":60}},"type":"binary-expr","locations":[{"start":{"line":300,"column":15},"end":{"line":300,"column":26}},{"start":{"line":300,"column":30},"end":{"line":300,"column":60}}],"line":300},"49":{"loc":{"start":{"line":333,"column":4},"end":{"line":338,"column":5}},"type":"if","locations":[{"start":{"line":333,"column":4},"end":{"line":338,"column":5}},{"start":{},"end":{}}],"line":333},"50":{"loc":{"start":{"line":342,"column":4},"end":{"line":346,"column":5}},"type":"if","locations":[{"start":{"line":342,"column":4},"end":{"line":346,"column":5}},{"start":{},"end":{}}],"line":342},"51":{"loc":{"start":{"line":352,"column":15},"end":{"line":352,"column":59}},"type":"cond-expr","locations":[{"start":{"line":352,"column":40},"end":{"line":352,"column":47}},{"start":{"line":352,"column":50},"end":{"line":352,"column":59}}],"line":352},"52":{"loc":{"start":{"line":361,"column":15},"end":{"line":361,"column":56}},"type":"binary-expr","locations":[{"start":{"line":361,"column":15},"end":{"line":361,"column":26}},{"start":{"line":361,"column":30},"end":{"line":361,"column":56}}],"line":361},"53":{"loc":{"start":{"line":372,"column":4},"end":{"line":374,"column":5}},"type":"if","locations":[{"start":{"line":372,"column":4},"end":{"line":374,"column":5}},{"start":{},"end":{}}],"line":372},"54":{"loc":{"start":{"line":378,"column":4},"end":{"line":383,"column":5}},"type":"if","locations":[{"start":{"line":378,"column":4},"end":{"line":383,"column":5}},{"start":{},"end":{}}],"line":378},"55":{"loc":{"start":{"line":387,"column":65},"end":{"line":387,"column":109}},"type":"cond-expr","locations":[{"start":{"line":387,"column":90},"end":{"line":387,"column":97}},{"start":{"line":387,"column":100},"end":{"line":387,"column":109}}],"line":387},"56":{"loc":{"start":{"line":391,"column":4},"end":{"line":395,"column":5}},"type":"if","locations":[{"start":{"line":391,"column":4},"end":{"line":395,"column":5}},{"start":{},"end":{}}],"line":391},"57":{"loc":{"start":{"line":401,"column":15},"end":{"line":401,"column":56}},"type":"binary-expr","locations":[{"start":{"line":401,"column":15},"end":{"line":401,"column":26}},{"start":{"line":401,"column":30},"end":{"line":401,"column":56}}],"line":401},"58":{"loc":{"start":{"line":412,"column":4},"end":{"line":414,"column":5}},"type":"if","locations":[{"start":{"line":412,"column":4},"end":{"line":414,"column":5}},{"start":{},"end":{}}],"line":412},"59":{"loc":{"start":{"line":418,"column":4},"end":{"line":422,"column":5}},"type":"if","locations":[{"start":{"line":418,"column":4},"end":{"line":422,"column":5}},{"start":{},"end":{}}],"line":418},"60":{"loc":{"start":{"line":431,"column":15},"end":{"line":431,"column":56}},"type":"binary-expr","locations":[{"start":{"line":431,"column":15},"end":{"line":431,"column":26}},{"start":{"line":431,"column":30},"end":{"line":431,"column":56}}],"line":431},"61":{"loc":{"start":{"line":441,"column":4},"end":{"line":443,"column":5}},"type":"if","locations":[{"start":{"line":441,"column":4},"end":{"line":443,"column":5}},{"start":{},"end":{}}],"line":441},"62":{"loc":{"start":{"line":441,"column":8},"end":{"line":441,"column":49}},"type":"binary-expr","locations":[{"start":{"line":441,"column":8},"end":{"line":441,"column":18}},{"start":{"line":441,"column":22},"end":{"line":441,"column":49}}],"line":441},"63":{"loc":{"start":{"line":447,"column":4},"end":{"line":449,"column":5}},"type":"if","locations":[{"start":{"line":447,"column":4},"end":{"line":449,"column":5}},{"start":{},"end":{}}],"line":447},"64":{"loc":{"start":{"line":453,"column":4},"end":{"line":455,"column":5}},"type":"if","locations":[{"start":{"line":453,"column":4},"end":{"line":455,"column":5}},{"start":{},"end":{}}],"line":453},"65":{"loc":{"start":{"line":459,"column":4},"end":{"line":461,"column":5}},"type":"if","locations":[{"start":{"line":459,"column":4},"end":{"line":461,"column":5}},{"start":{},"end":{}}],"line":459},"66":{"loc":{"start":{"line":465,"column":4},"end":{"line":467,"column":5}},"type":"if","locations":[{"start":{"line":465,"column":4},"end":{"line":467,"column":5}},{"start":{},"end":{}}],"line":465},"67":{"loc":{"start":{"line":471,"column":4},"end":{"line":473,"column":5}},"type":"if","locations":[{"start":{"line":471,"column":4},"end":{"line":473,"column":5}},{"start":{},"end":{}}],"line":471},"68":{"loc":{"start":{"line":527,"column":15},"end":{"line":527,"column":51}},"type":"binary-expr","locations":[{"start":{"line":527,"column":15},"end":{"line":527,"column":26}},{"start":{"line":527,"column":30},"end":{"line":527,"column":51}}],"line":527},"69":{"loc":{"start":{"line":537,"column":4},"end":{"line":539,"column":5}},"type":"if","locations":[{"start":{"line":537,"column":4},"end":{"line":539,"column":5}},{"start":{},"end":{}}],"line":537},"70":{"loc":{"start":{"line":537,"column":8},"end":{"line":537,"column":49}},"type":"binary-expr","locations":[{"start":{"line":537,"column":8},"end":{"line":537,"column":18}},{"start":{"line":537,"column":22},"end":{"line":537,"column":49}}],"line":537},"71":{"loc":{"start":{"line":543,"column":4},"end":{"line":545,"column":5}},"type":"if","locations":[{"start":{"line":543,"column":4},"end":{"line":545,"column":5}},{"start":{},"end":{}}],"line":543},"72":{"loc":{"start":{"line":550,"column":4},"end":{"line":552,"column":5}},"type":"if","locations":[{"start":{"line":550,"column":4},"end":{"line":552,"column":5}},{"start":{},"end":{}}],"line":550},"73":{"loc":{"start":{"line":570,"column":15},"end":{"line":570,"column":59}},"type":"binary-expr","locations":[{"start":{"line":570,"column":15},"end":{"line":570,"column":26}},{"start":{"line":570,"column":30},"end":{"line":570,"column":59}}],"line":570},"74":{"loc":{"start":{"line":592,"column":4},"end":{"line":594,"column":5}},"type":"if","locations":[{"start":{"line":592,"column":4},"end":{"line":594,"column":5}},{"start":{},"end":{}}],"line":592},"75":{"loc":{"start":{"line":597,"column":4},"end":{"line":599,"column":5}},"type":"if","locations":[{"start":{"line":597,"column":4},"end":{"line":599,"column":5}},{"start":{},"end":{}}],"line":597},"76":{"loc":{"start":{"line":605,"column":36},"end":{"line":605,"column":77}},"type":"binary-expr","locations":[{"start":{"line":605,"column":36},"end":{"line":605,"column":47}},{"start":{"line":605,"column":51},"end":{"line":605,"column":77}}],"line":605},"77":{"loc":{"start":{"line":615,"column":4},"end":{"line":617,"column":5}},"type":"if","locations":[{"start":{"line":615,"column":4},"end":{"line":617,"column":5}},{"start":{},"end":{}}],"line":615},"78":{"loc":{"start":{"line":620,"column":4},"end":{"line":622,"column":5}},"type":"if","locations":[{"start":{"line":620,"column":4},"end":{"line":622,"column":5}},{"start":{},"end":{}}],"line":620},"79":{"loc":{"start":{"line":626,"column":36},"end":{"line":626,"column":77}},"type":"binary-expr","locations":[{"start":{"line":626,"column":36},"end":{"line":626,"column":47}},{"start":{"line":626,"column":51},"end":{"line":626,"column":77}}],"line":626},"80":{"loc":{"start":{"line":637,"column":4},"end":{"line":639,"column":5}},"type":"if","locations":[{"start":{"line":637,"column":4},"end":{"line":639,"column":5}},{"start":{},"end":{}}],"line":637},"81":{"loc":{"start":{"line":643,"column":4},"end":{"line":645,"column":5}},"type":"if","locations":[{"start":{"line":643,"column":4},"end":{"line":645,"column":5}},{"start":{},"end":{}}],"line":643},"82":{"loc":{"start":{"line":650,"column":4},"end":{"line":652,"column":5}},"type":"if","locations":[{"start":{"line":650,"column":4},"end":{"line":652,"column":5}},{"start":{},"end":{}}],"line":650},"83":{"loc":{"start":{"line":655,"column":4},"end":{"line":657,"column":5}},"type":"if","locations":[{"start":{"line":655,"column":4},"end":{"line":657,"column":5}},{"start":{},"end":{}}],"line":655},"84":{"loc":{"start":{"line":660,"column":4},"end":{"line":662,"column":5}},"type":"if","locations":[{"start":{"line":660,"column":4},"end":{"line":662,"column":5}},{"start":{},"end":{}}],"line":660},"85":{"loc":{"start":{"line":684,"column":4},"end":{"line":686,"column":5}},"type":"if","locations":[{"start":{"line":684,"column":4},"end":{"line":686,"column":5}},{"start":{},"end":{}}],"line":684},"86":{"loc":{"start":{"line":690,"column":4},"end":{"line":692,"column":5}},"type":"if","locations":[{"start":{"line":690,"column":4},"end":{"line":692,"column":5}},{"start":{},"end":{}}],"line":690},"87":{"loc":{"start":{"line":697,"column":4},"end":{"line":699,"column":5}},"type":"if","locations":[{"start":{"line":697,"column":4},"end":{"line":699,"column":5}},{"start":{},"end":{}}],"line":697},"88":{"loc":{"start":{"line":703,"column":4},"end":{"line":708,"column":5}},"type":"if","locations":[{"start":{"line":703,"column":4},"end":{"line":708,"column":5}},{"start":{},"end":{}}],"line":703},"89":{"loc":{"start":{"line":703,"column":8},"end":{"line":703,"column":87}},"type":"binary-expr","locations":[{"start":{"line":703,"column":8},"end":{"line":703,"column":46}},{"start":{"line":703,"column":50},"end":{"line":703,"column":87}}],"line":703},"90":{"loc":{"start":{"line":704,"column":6},"end":{"line":706,"column":7}},"type":"if","locations":[{"start":{"line":704,"column":6},"end":{"line":706,"column":7}},{"start":{},"end":{}}],"line":704},"91":{"loc":{"start":{"line":704,"column":10},"end":{"line":704,"column":50}},"type":"binary-expr","locations":[{"start":{"line":704,"column":10},"end":{"line":704,"column":19}},{"start":{"line":704,"column":23},"end":{"line":704,"column":50}}],"line":704},"92":{"loc":{"start":{"line":707,"column":27},"end":{"line":707,"column":74}},"type":"cond-expr","locations":[{"start":{"line":707,"column":39},"end":{"line":707,"column":67}},{"start":{"line":707,"column":70},"end":{"line":707,"column":74}}],"line":707},"93":{"loc":{"start":{"line":712,"column":4},"end":{"line":714,"column":5}},"type":"if","locations":[{"start":{"line":712,"column":4},"end":{"line":714,"column":5}},{"start":{},"end":{}}],"line":712},"94":{"loc":{"start":{"line":739,"column":4},"end":{"line":741,"column":5}},"type":"if","locations":[{"start":{"line":739,"column":4},"end":{"line":741,"column":5}},{"start":{},"end":{}}],"line":739},"95":{"loc":{"start":{"line":739,"column":8},"end":{"line":739,"column":49}},"type":"binary-expr","locations":[{"start":{"line":739,"column":8},"end":{"line":739,"column":18}},{"start":{"line":739,"column":22},"end":{"line":739,"column":49}}],"line":739},"96":{"loc":{"start":{"line":745,"column":4},"end":{"line":767,"column":5}},"type":"if","locations":[{"start":{"line":745,"column":4},"end":{"line":767,"column":5}},{"start":{},"end":{}}],"line":745},"97":{"loc":{"start":{"line":748,"column":6},"end":{"line":750,"column":7}},"type":"if","locations":[{"start":{"line":748,"column":6},"end":{"line":750,"column":7}},{"start":{},"end":{}}],"line":748},"98":{"loc":{"start":{"line":752,"column":6},"end":{"line":766,"column":7}},"type":"if","locations":[{"start":{"line":752,"column":6},"end":{"line":766,"column":7}},{"start":{},"end":{}}],"line":752},"99":{"loc":{"start":{"line":752,"column":10},"end":{"line":752,"column":64}},"type":"binary-expr","locations":[{"start":{"line":752,"column":10},"end":{"line":752,"column":50}},{"start":{"line":752,"column":54},"end":{"line":752,"column":64}}],"line":752},"100":{"loc":{"start":{"line":755,"column":8},"end":{"line":757,"column":9}},"type":"if","locations":[{"start":{"line":755,"column":8},"end":{"line":757,"column":9}},{"start":{},"end":{}}],"line":755},"101":{"loc":{"start":{"line":776,"column":15},"end":{"line":776,"column":57}},"type":"binary-expr","locations":[{"start":{"line":776,"column":15},"end":{"line":776,"column":26}},{"start":{"line":776,"column":30},"end":{"line":776,"column":57}}],"line":776},"102":{"loc":{"start":{"line":796,"column":4},"end":{"line":798,"column":5}},"type":"if","locations":[{"start":{"line":796,"column":4},"end":{"line":798,"column":5}},{"start":{},"end":{}}],"line":796},"103":{"loc":{"start":{"line":796,"column":8},"end":{"line":796,"column":49}},"type":"binary-expr","locations":[{"start":{"line":796,"column":8},"end":{"line":796,"column":18}},{"start":{"line":796,"column":22},"end":{"line":796,"column":49}}],"line":796},"104":{"loc":{"start":{"line":802,"column":4},"end":{"line":804,"column":5}},"type":"if","locations":[{"start":{"line":802,"column":4},"end":{"line":804,"column":5}},{"start":{},"end":{}}],"line":802},"105":{"loc":{"start":{"line":808,"column":4},"end":{"line":810,"column":5}},"type":"if","locations":[{"start":{"line":808,"column":4},"end":{"line":810,"column":5}},{"start":{},"end":{}}],"line":808},"106":{"loc":{"start":{"line":813,"column":4},"end":{"line":817,"column":5}},"type":"if","locations":[{"start":{"line":813,"column":4},"end":{"line":817,"column":5}},{"start":{},"end":{}}],"line":813},"107":{"loc":{"start":{"line":813,"column":8},"end":{"line":813,"column":92}},"type":"binary-expr","locations":[{"start":{"line":813,"column":8},"end":{"line":813,"column":28}},{"start":{"line":813,"column":32},"end":{"line":813,"column":43}},{"start":{"line":813,"column":47},"end":{"line":813,"column":56}},{"start":{"line":813,"column":60},"end":{"line":813,"column":69}},{"start":{"line":813,"column":73},"end":{"line":813,"column":92}}],"line":813},"108":{"loc":{"start":{"line":822,"column":27},"end":{"line":822,"column":88}},"type":"cond-expr","locations":[{"start":{"line":822,"column":49},"end":{"line":822,"column":83}},{"start":{"line":822,"column":86},"end":{"line":822,"column":88}}],"line":822},"109":{"loc":{"start":{"line":823,"column":18},"end":{"line":823,"column":61}},"type":"cond-expr","locations":[{"start":{"line":823,"column":31},"end":{"line":823,"column":56}},{"start":{"line":823,"column":59},"end":{"line":823,"column":61}}],"line":823},"110":{"loc":{"start":{"line":824,"column":16},"end":{"line":824,"column":55}},"type":"cond-expr","locations":[{"start":{"line":824,"column":27},"end":{"line":824,"column":50}},{"start":{"line":824,"column":53},"end":{"line":824,"column":55}}],"line":824},"111":{"loc":{"start":{"line":825,"column":16},"end":{"line":825,"column":55}},"type":"cond-expr","locations":[{"start":{"line":825,"column":27},"end":{"line":825,"column":50}},{"start":{"line":825,"column":53},"end":{"line":825,"column":55}}],"line":825},"112":{"loc":{"start":{"line":826,"column":26},"end":{"line":826,"column":85}},"type":"cond-expr","locations":[{"start":{"line":826,"column":47},"end":{"line":826,"column":80}},{"start":{"line":826,"column":83},"end":{"line":826,"column":85}}],"line":826},"113":{"loc":{"start":{"line":856,"column":15},"end":{"line":856,"column":57}},"type":"binary-expr","locations":[{"start":{"line":856,"column":15},"end":{"line":856,"column":26}},{"start":{"line":856,"column":30},"end":{"line":856,"column":57}}],"line":856},"114":{"loc":{"start":{"line":867,"column":4},"end":{"line":869,"column":5}},"type":"if","locations":[{"start":{"line":867,"column":4},"end":{"line":869,"column":5}},{"start":{},"end":{}}],"line":867},"115":{"loc":{"start":{"line":875,"column":36},"end":{"line":875,"column":82}},"type":"binary-expr","locations":[{"start":{"line":875,"column":36},"end":{"line":875,"column":47}},{"start":{"line":875,"column":51},"end":{"line":875,"column":82}}],"line":875},"116":{"loc":{"start":{"line":885,"column":4},"end":{"line":887,"column":5}},"type":"if","locations":[{"start":{"line":885,"column":4},"end":{"line":887,"column":5}},{"start":{},"end":{}}],"line":885},"117":{"loc":{"start":{"line":893,"column":36},"end":{"line":893,"column":86}},"type":"binary-expr","locations":[{"start":{"line":893,"column":36},"end":{"line":893,"column":47}},{"start":{"line":893,"column":51},"end":{"line":893,"column":86}}],"line":893},"118":{"loc":{"start":{"line":910,"column":4},"end":{"line":912,"column":5}},"type":"if","locations":[{"start":{"line":910,"column":4},"end":{"line":912,"column":5}},{"start":{},"end":{}}],"line":910},"119":{"loc":{"start":{"line":910,"column":8},"end":{"line":910,"column":51}},"type":"binary-expr","locations":[{"start":{"line":910,"column":8},"end":{"line":910,"column":19}},{"start":{"line":910,"column":23},"end":{"line":910,"column":51}}],"line":910},"120":{"loc":{"start":{"line":915,"column":4},"end":{"line":917,"column":5}},"type":"if","locations":[{"start":{"line":915,"column":4},"end":{"line":917,"column":5}},{"start":{},"end":{}}],"line":915},"121":{"loc":{"start":{"line":920,"column":4},"end":{"line":924,"column":5}},"type":"if","locations":[{"start":{"line":920,"column":4},"end":{"line":924,"column":5}},{"start":{},"end":{}}],"line":920},"122":{"loc":{"start":{"line":920,"column":8},"end":{"line":920,"column":92}},"type":"binary-expr","locations":[{"start":{"line":920,"column":8},"end":{"line":920,"column":28}},{"start":{"line":920,"column":32},"end":{"line":920,"column":43}},{"start":{"line":920,"column":47},"end":{"line":920,"column":56}},{"start":{"line":920,"column":60},"end":{"line":920,"column":69}},{"start":{"line":920,"column":73},"end":{"line":920,"column":92}}],"line":920},"123":{"loc":{"start":{"line":929,"column":29},"end":{"line":929,"column":90}},"type":"cond-expr","locations":[{"start":{"line":929,"column":51},"end":{"line":929,"column":85}},{"start":{"line":929,"column":88},"end":{"line":929,"column":90}}],"line":929},"124":{"loc":{"start":{"line":930,"column":20},"end":{"line":930,"column":63}},"type":"cond-expr","locations":[{"start":{"line":930,"column":33},"end":{"line":930,"column":58}},{"start":{"line":930,"column":61},"end":{"line":930,"column":63}}],"line":930},"125":{"loc":{"start":{"line":931,"column":18},"end":{"line":931,"column":57}},"type":"cond-expr","locations":[{"start":{"line":931,"column":29},"end":{"line":931,"column":52}},{"start":{"line":931,"column":55},"end":{"line":931,"column":57}}],"line":931},"126":{"loc":{"start":{"line":932,"column":18},"end":{"line":932,"column":57}},"type":"cond-expr","locations":[{"start":{"line":932,"column":29},"end":{"line":932,"column":52}},{"start":{"line":932,"column":55},"end":{"line":932,"column":57}}],"line":932},"127":{"loc":{"start":{"line":933,"column":28},"end":{"line":933,"column":87}},"type":"cond-expr","locations":[{"start":{"line":933,"column":49},"end":{"line":933,"column":82}},{"start":{"line":933,"column":85},"end":{"line":933,"column":87}}],"line":933},"128":{"loc":{"start":{"line":945,"column":15},"end":{"line":945,"column":57}},"type":"binary-expr","locations":[{"start":{"line":945,"column":15},"end":{"line":945,"column":26}},{"start":{"line":945,"column":30},"end":{"line":945,"column":57}}],"line":945},"129":{"loc":{"start":{"line":956,"column":4},"end":{"line":958,"column":5}},"type":"if","locations":[{"start":{"line":956,"column":4},"end":{"line":958,"column":5}},{"start":{},"end":{}}],"line":956},"130":{"loc":{"start":{"line":956,"column":8},"end":{"line":956,"column":51}},"type":"binary-expr","locations":[{"start":{"line":956,"column":8},"end":{"line":956,"column":19}},{"start":{"line":956,"column":23},"end":{"line":956,"column":51}}],"line":956},"131":{"loc":{"start":{"line":961,"column":4},"end":{"line":963,"column":5}},"type":"if","locations":[{"start":{"line":961,"column":4},"end":{"line":963,"column":5}},{"start":{},"end":{}}],"line":961},"132":{"loc":{"start":{"line":972,"column":15},"end":{"line":972,"column":57}},"type":"binary-expr","locations":[{"start":{"line":972,"column":15},"end":{"line":972,"column":26}},{"start":{"line":972,"column":30},"end":{"line":972,"column":57}}],"line":972}},"s":{"0":1,"1":1,"2":1,"3":1,"4":1,"5":1,"6":1,"7":1,"8":1,"9":1,"10":1,"11":0,"12":1,"13":0,"14":0,"15":0,"16":0,"17":0,"18":0,"19":0,"20":0,"21":1,"22":0,"23":0,"24":0,"25":0,"26":0,"27":0,"28":1,"29":0,"30":0,"31":0,"32":0,"33":0,"34":1,"35":0,"36":0,"37":0,"38":0,"39":1,"40":0,"41":0,"42":0,"43":0,"44":1,"45":0,"46":0,"47":0,"48":0,"49":1,"50":0,"51":0,"52":0,"53":0,"54":0,"55":0,"56":0,"57":0,"58":0,"59":0,"60":0,"61":0,"62":0,"63":0,"64":0,"65":0,"66":0,"67":1,"68":0,"69":1,"70":0,"71":0,"72":0,"73":0,"74":0,"75":0,"76":0,"77":0,"78":0,"79":0,"80":0,"81":0,"82":0,"83":0,"84":0,"85":0,"86":0,"87":0,"88":0,"89":0,"90":0,"91":0,"92":0,"93":0,"94":0,"95":0,"96":0,"97":0,"98":0,"99":0,"100":1,"101":0,"102":0,"103":0,"104":1,"105":0,"106":0,"107":0,"108":0,"109":0,"110":0,"111":0,"112":0,"113":0,"114":0,"115":0,"116":0,"117":0,"118":0,"119":0,"120":0,"121":0,"122":1,"123":0,"124":0,"125":0,"126":0,"127":0,"128":0,"129":0,"130":0,"131":0,"132":0,"133":0,"134":0,"135":1,"136":0,"137":0,"138":0,"139":0,"140":0,"141":0,"142":0,"143":0,"144":0,"145":0,"146":0,"147":0,"148":1,"149":1,"150":1,"151":1,"152":1,"153":0,"154":0,"155":0,"156":1,"157":0,"158":0,"159":1,"160":0,"161":0,"162":0,"163":0,"164":0,"165":0,"166":0,"167":0,"168":0,"169":0,"170":0,"171":0,"172":0,"173":1,"174":0,"175":0,"176":0,"177":0,"178":0,"179":0,"180":0,"181":0,"182":0,"183":0,"184":0,"185":0,"186":0,"187":0,"188":1,"189":0,"190":0,"191":0,"192":0,"193":0,"194":0,"195":0,"196":0,"197":0,"198":0,"199":0,"200":1,"201":0,"202":0,"203":0,"204":0,"205":0,"206":0,"207":0,"208":0,"209":0,"210":0,"211":0,"212":0,"213":0,"214":0,"215":0,"216":0,"217":0,"218":0,"219":0,"220":0,"221":0,"222":0,"223":0,"224":0,"225":0,"226":0,"227":1,"228":0,"229":0,"230":0,"231":0,"232":0,"233":0,"234":0,"235":0,"236":0,"237":0,"238":0,"239":0,"240":0,"241":0,"242":0,"243":0,"244":0,"245":1,"246":0,"247":0,"248":0,"249":0,"250":0,"251":0,"252":1,"253":0,"254":0,"255":0,"256":0,"257":0,"258":0,"259":0,"260":0,"261":0,"262":0,"263":0,"264":0,"265":1,"266":0,"267":0,"268":0,"269":0,"270":0,"271":0,"272":0,"273":0,"274":0,"275":0,"276":0,"277":1,"278":0,"279":0,"280":0,"281":0,"282":0,"283":0,"284":0,"285":0,"286":0,"287":0,"288":0,"289":0,"290":0,"291":0,"292":0,"293":0,"294":0,"295":0,"296":0,"297":0,"298":0,"299":1,"300":0,"301":0,"302":0,"303":0,"304":0,"305":0,"306":0,"307":0,"308":0,"309":0,"310":0,"311":0,"312":0,"313":0,"314":0,"315":0,"316":0,"317":0,"318":0,"319":0,"320":0,"321":0,"322":0,"323":0,"324":0,"325":1,"326":0,"327":0,"328":0,"329":0,"330":0,"331":0,"332":0,"333":0,"334":0,"335":0,"336":0,"337":0,"338":0,"339":0,"340":0,"341":0,"342":0,"343":0,"344":0,"345":1,"346":0,"347":0,"348":0,"349":0,"350":0,"351":0,"352":0,"353":0,"354":0,"355":0,"356":0,"357":0,"358":0,"359":0,"360":0,"361":0,"362":0,"363":0,"364":0,"365":0,"366":1,"367":0,"368":0,"369":0,"370":0,"371":0,"372":0,"373":0,"374":0,"375":0,"376":1,"377":0,"378":0,"379":0,"380":0,"381":0,"382":0,"383":0,"384":0,"385":0,"386":1,"387":0,"388":0,"389":0,"390":0,"391":0,"392":0,"393":0,"394":0,"395":0,"396":0,"397":0,"398":0,"399":0,"400":0,"401":1,"402":0,"403":0,"404":0,"405":0,"406":0,"407":0,"408":0,"409":0,"410":0,"411":0,"412":0,"413":1},"f":{"0":0,"1":0,"2":0,"3":0,"4":0,"5":0,"6":0,"7":0,"8":0,"9":0,"10":0,"11":0,"12":0,"13":0,"14":0,"15":0,"16":0,"17":0,"18":0,"19":1,"20":0,"21":0,"22":0,"23":0,"24":0,"25":0,"26":0,"27":0,"28":0,"29":0,"30":0,"31":0,"32":0,"33":0,"34":0,"35":0,"36":0,"37":0,"38":0},"b":{"0":[0],"1":[0],"2":[0,0],"3":[0,0],"4":[0,0],"5":[0],"6":[0],"7":[0,0],"8":[0,0],"9":[0,0],"10":[0,0],"11":[0,0,0],"12":[0,0],"13":[0,0,0],"14":[0,0],"15":[0,0],"16":[0,0],"17":[0,0],"18":[0,0],"19":[0,0],"20":[0,0],"21":[0,0],"22":[0,0],"23":[0,0],"24":[0,0],"25":[0,0],"26":[0,0],"27":[0,0],"28":[0,0],"29":[0,0],"30":[0,0],"31":[0,0],"32":[0,0],"33":[0,0],"34":[0,0],"35":[0,0],"36":[0,0],"37":[0,0],"38":[0,0],"39":[0,0],"40":[0,0],"41":[0,0],"42":[0,0],"43":[0,0],"44":[0,0],"45":[0,0],"46":[0,0],"47":[0,0],"48":[0,0],"49":[0,0],"50":[0,0],"51":[0,0],"52":[0,0],"53":[0,0],"54":[0,0],"55":[0,0],"56":[0,0],"57":[0,0],"58":[0,0],"59":[0,0],"60":[0,0],"61":[0,0],"62":[0,0],"63":[0,0],"64":[0,0],"65":[0,0],"66":[0,0],"67":[0,0],"68":[0,0],"69":[0,0],"70":[0,0],"71":[0,0],"72":[0,0],"73":[0,0],"74":[0,0],"75":[0,0],"76":[0,0],"77":[0,0],"78":[0,0],"79":[0,0],"80":[0,0],"81":[0,0],"82":[0,0],"83":[0,0],"84":[0,0],"85":[0,0],"86":[0,0],"87":[0,0],"88":[0,0],"89":[0,0],"90":[0,0],"91":[0,0],"92":[0,0],"93":[0,0],"94":[0,0],"95":[0,0],"96":[0,0],"97":[0,0],"98":[0,0],"99":[0,0],"100":[0,0],"101":[0,0],"102":[0,0],"103":[0,0],"104":[0,0],"105":[0,0],"106":[0,0],"107":[0,0,0,0,0],"108":[0,0],"109":[0,0],"110":[0,0],"111":[0,0],"112":[0,0],"113":[0,0],"114":[0,0],"115":[0,0],"116":[0,0],"117":[0,0],"118":[0,0],"119":[0,0],"120":[0,0],"121":[0,0],"122":[0,0,0,0,0],"123":[0,0],"124":[0,0],"125":[0,0],"126":[0,0],"127":[0,0],"128":[0,0],"129":[0,0],"130":[0,0],"131":[0,0],"132":[0,0]},"_coverageSchema":"1a1c01bbd47fc00a2c39e90264f33305004495a9","hash":"58b08334cb0a5af57dbd0cef78b397c3ad09c77e"}
}
