TN:
SF:jest.config.js
FNF:0
FNH:0
DA:1,0
LF:1
LH:0
BRF:0
BRH:0
end_of_record
TN:
SF:models\attendance.js
FNF:0
FNH:0
DA:1,2
DA:3,2
DA:22,2
LF:3
LH:3
BRF:0
BRH:0
end_of_record
TN:
SF:models\counseling.js
FNF:0
FNH:0
DA:1,2
DA:3,2
DA:42,2
LF:3
LH:3
BRF:0
BRH:0
end_of_record
TN:
SF:models\feedback.js
FNF:0
FNH:0
DA:1,2
DA:3,2
DA:28,2
LF:3
LH:3
BRF:0
BRH:0
end_of_record
TN:
SF:models\grade.js
FNF:0
FNH:0
DA:1,2
DA:3,2
DA:32,2
DA:34,2
LF:4
LH:4
BRF:0
BRH:0
end_of_record
TN:
SF:models\notification.js
FNF:0
FNH:0
DA:1,2
DA:3,2
DA:38,2
LF:3
LH:3
BRF:0
BRH:0
end_of_record
TN:
SF:models\student.js
FNF:0
FNH:0
DA:1,3
DA:3,3
DA:30,3
LF:3
LH:3
BRF:0
BRH:0
end_of_record
TN:
SF:models\subject.js
FNF:0
FNH:0
DA:1,2
DA:3,2
DA:13,2
LF:3
LH:3
BRF:0
BRH:0
end_of_record
TN:
SF:models\user.js
FN:22,(anonymous_0)
FNF:1
FNH:0
FNDA:0,(anonymous_0)
DA:1,2
DA:3,2
DA:23,0
DA:30,2
LF:4
LH:3
BRDA:23,0,0,0
BRDA:23,0,1,0
BRF:2
BRH:0
end_of_record
TN:
SF:routes\stdRoute.js
FN:19,(anonymous_0)
FN:26,(anonymous_1)
FN:41,(anonymous_2)
FN:55,(anonymous_3)
FN:67,(anonymous_4)
FN:78,(anonymous_5)
FN:89,(anonymous_6)
FN:98,(anonymous_7)
FN:136,(anonymous_8)
FN:143,(anonymous_9)
FN:146,(anonymous_10)
FN:150,(anonymous_11)
FN:159,(anonymous_12)
FN:167,(anonymous_13)
FN:176,(anonymous_14)
FN:203,(anonymous_15)
FN:215,(anonymous_16)
FN:221,(anonymous_17)
FN:233,(anonymous_18)
FN:240,(anonymous_19)
FN:251,(anonymous_20)
FN:274,(anonymous_21)
FN:283,(anonymous_22)
FN:292,(anonymous_23)
FN:305,(anonymous_24)
FN:320,(anonymous_25)
FN:335,(anonymous_26)
FN:347,(anonymous_27)
FN:368,(anonymous_28)
FN:393,(anonymous_29)
FN:411,(anonymous_30)
FN:447,(anonymous_31)
FN:470,(anonymous_32)
FN:495,(anonymous_33)
FN:500,(anonymous_34)
FN:501,(anonymous_35)
FN:517,(anonymous_36)
FN:556,(anonymous_37)
FN:596,(anonymous_38)
FN:626,(anonymous_39)
FN:722,(anonymous_40)
FN:766,(anonymous_41)
FN:836,(anonymous_42)
FN:846,(anonymous_43)
FN:862,(anonymous_44)
FN:912,(anonymous_45)
FN:959,(anonymous_46)
FN:962,(anonymous_47)
FN:969,(anonymous_48)
FN:992,(anonymous_49)
FN:1014,(anonymous_50)
FN:1061,(anonymous_51)
FN:1116,(anonymous_52)
FN:1165,(anonymous_53)
FN:1245,(anonymous_54)
FN:1263,(anonymous_55)
FN:1281,(anonymous_56)
FN:1334,(anonymous_57)
FN:1360,(anonymous_58)
FNF:59
FNH:18
FNDA:6,(anonymous_0)
FNDA:0,(anonymous_1)
FNDA:0,(anonymous_2)
FNDA:0,(anonymous_3)
FNDA:0,(anonymous_4)
FNDA:0,(anonymous_5)
FNDA:0,(anonymous_6)
FNDA:0,(anonymous_7)
FNDA:6,(anonymous_8)
FNDA:0,(anonymous_9)
FNDA:0,(anonymous_10)
FNDA:0,(anonymous_11)
FNDA:0,(anonymous_12)
FNDA:0,(anonymous_13)
FNDA:0,(anonymous_14)
FNDA:4,(anonymous_15)
FNDA:1,(anonymous_16)
FNDA:1,(anonymous_17)
FNDA:1,(anonymous_18)
FNDA:6,(anonymous_19)
FNDA:3,(anonymous_20)
FNDA:1,(anonymous_21)
FNDA:1,(anonymous_22)
FNDA:1,(anonymous_23)
FNDA:1,(anonymous_24)
FNDA:3,(anonymous_25)
FNDA:1,(anonymous_26)
FNDA:1,(anonymous_27)
FNDA:1,(anonymous_28)
FNDA:0,(anonymous_29)
FNDA:0,(anonymous_30)
FNDA:0,(anonymous_31)
FNDA:0,(anonymous_32)
FNDA:1,(anonymous_33)
FNDA:0,(anonymous_34)
FNDA:0,(anonymous_35)
FNDA:0,(anonymous_36)
FNDA:0,(anonymous_37)
FNDA:0,(anonymous_38)
FNDA:0,(anonymous_39)
FNDA:0,(anonymous_40)
FNDA:0,(anonymous_41)
FNDA:0,(anonymous_42)
FNDA:0,(anonymous_43)
FNDA:0,(anonymous_44)
FNDA:0,(anonymous_45)
FNDA:0,(anonymous_46)
FNDA:0,(anonymous_47)
FNDA:0,(anonymous_48)
FNDA:0,(anonymous_49)
FNDA:0,(anonymous_50)
FNDA:0,(anonymous_51)
FNDA:0,(anonymous_52)
FNDA:0,(anonymous_53)
FNDA:0,(anonymous_54)
FNDA:0,(anonymous_55)
FNDA:0,(anonymous_56)
FNDA:0,(anonymous_57)
FNDA:6,(anonymous_58)
DA:1,2
DA:2,2
DA:3,2
DA:4,2
DA:5,2
DA:6,2
DA:7,2
DA:8,2
DA:9,2
DA:10,2
DA:11,2
DA:12,2
DA:13,2
DA:19,2
DA:20,6
DA:26,2
DA:27,0
DA:28,0
DA:29,0
DA:30,0
DA:32,0
DA:33,0
DA:35,0
DA:41,2
DA:42,0
DA:43,0
DA:44,0
DA:46,0
DA:47,0
DA:49,0
DA:55,2
DA:56,0
DA:57,0
DA:58,0
DA:59,0
DA:61,0
DA:67,2
DA:68,0
DA:69,0
DA:70,0
DA:72,0
DA:78,2
DA:79,0
DA:80,0
DA:81,0
DA:83,0
DA:89,2
DA:90,0
DA:91,0
DA:92,0
DA:94,0
DA:98,2
DA:99,0
DA:101,0
DA:102,0
DA:103,0
DA:104,0
DA:107,0
DA:108,0
DA:109,0
DA:110,0
DA:113,0
DA:116,0
DA:117,0
DA:120,0
DA:121,0
DA:124,0
DA:125,0
DA:128,0
DA:136,2
DA:137,6
DA:143,2
DA:144,0
DA:145,0
DA:146,0
DA:149,0
DA:150,0
DA:151,0
DA:152,0
DA:153,0
DA:155,0
DA:156,0
DA:159,0
DA:165,0
DA:166,0
DA:167,0
DA:168,0
DA:169,0
DA:172,0
DA:173,0
DA:174,0
DA:175,0
DA:176,0
DA:177,0
DA:178,0
DA:179,0
DA:180,0
DA:184,0
DA:203,2
DA:204,4
DA:205,4
DA:206,4
DA:215,2
DA:216,1
DA:221,1
DA:222,1
DA:223,1
DA:224,1
DA:225,1
DA:227,1
DA:228,1
DA:231,1
DA:233,1
DA:240,2
DA:241,6
DA:242,6
DA:244,6
DA:245,6
DA:246,6
DA:248,6
DA:251,2
DA:252,3
DA:253,3
DA:254,3
DA:255,3
DA:256,3
DA:257,3
DA:259,3
DA:260,3
DA:261,3
DA:262,3
DA:263,3
DA:264,3
DA:266,3
DA:267,1
DA:268,1
DA:269,1
DA:270,1
DA:271,1
DA:272,1
DA:273,1
DA:274,1
DA:275,1
DA:278,0
DA:280,1
DA:281,1
DA:282,1
DA:283,1
DA:284,1
DA:286,2
DA:287,1
DA:288,1
DA:289,1
DA:290,0
DA:292,1
DA:293,1
DA:294,1
DA:295,1
DA:296,1
DA:297,1
DA:299,1
DA:300,1
DA:301,1
DA:302,1
DA:303,0
DA:305,1
DA:306,1
DA:307,1
DA:308,1
DA:309,1
DA:310,1
DA:311,1
DA:312,1
DA:313,1
DA:317,3
DA:320,2
DA:321,3
DA:322,3
DA:323,3
DA:324,3
DA:325,3
DA:326,3
DA:327,3
DA:329,3
DA:330,1
DA:335,1
DA:336,1
DA:338,2
DA:339,1
DA:347,1
DA:348,1
DA:357,1
DA:358,1
DA:368,1
DA:369,1
DA:382,3
DA:383,3
DA:384,3
DA:385,3
DA:386,3
DA:387,3
DA:393,2
DA:394,0
DA:395,0
DA:401,0
DA:411,2
DA:413,0
DA:414,0
DA:418,0
DA:419,0
DA:423,0
DA:424,0
DA:425,0
DA:426,0
DA:430,0
DA:431,0
DA:432,0
DA:435,0
DA:436,0
DA:437,0
DA:439,0
DA:441,0
DA:444,0
DA:447,2
DA:448,0
DA:449,0
DA:450,0
DA:451,0
DA:454,0
DA:455,0
DA:456,0
DA:459,0
DA:460,0
DA:461,0
DA:463,0
DA:464,0
DA:470,2
DA:471,0
DA:472,0
DA:475,0
DA:476,0
DA:479,0
DA:480,0
DA:481,0
DA:484,0
DA:485,0
DA:486,0
DA:488,0
DA:489,0
DA:495,2
DA:496,1
DA:497,1
DA:498,1
DA:500,1
DA:501,0
DA:502,0
DA:510,1
DA:512,0
DA:513,0
DA:517,2
DA:518,0
DA:519,0
DA:522,0
DA:523,0
DA:524,0
DA:531,0
DA:532,0
DA:533,0
DA:538,0
DA:546,0
DA:547,0
DA:549,0
DA:550,0
DA:556,2
DA:557,0
DA:558,0
DA:561,0
DA:562,0
DA:563,0
DA:567,0
DA:568,0
DA:569,0
DA:575,0
DA:581,0
DA:582,0
DA:587,0
DA:589,0
DA:590,0
DA:596,2
DA:597,0
DA:598,0
DA:601,0
DA:602,0
DA:603,0
DA:606,0
DA:608,0
DA:609,0
DA:614,0
DA:619,0
DA:620,0
DA:626,2
DA:627,0
DA:628,0
DA:631,0
DA:632,0
DA:636,0
DA:637,0
DA:638,0
DA:642,0
DA:643,0
DA:644,0
DA:648,0
DA:649,0
DA:650,0
DA:654,0
DA:655,0
DA:656,0
DA:660,0
DA:661,0
DA:662,0
DA:666,0
DA:683,0
DA:684,0
DA:697,0
DA:710,0
DA:715,0
DA:716,0
DA:722,2
DA:723,0
DA:724,0
DA:727,0
DA:728,0
DA:732,0
DA:733,0
DA:734,0
DA:738,0
DA:739,0
DA:740,0
DA:741,0
DA:744,0
DA:745,0
DA:747,0
DA:753,0
DA:758,0
DA:759,0
DA:766,2
DA:767,0
DA:768,0
DA:769,0
DA:771,0
DA:772,0
DA:775,0
DA:776,0
DA:777,0
DA:780,0
DA:781,0
DA:782,0
DA:785,0
DA:786,0
DA:787,0
DA:790,0
DA:791,0
DA:792,0
DA:795,0
DA:796,0
DA:797,0
DA:798,0
DA:799,0
DA:800,0
DA:803,0
DA:812,0
DA:813,0
DA:821,0
DA:829,0
DA:831,0
DA:832,0
DA:836,2
DA:837,0
DA:838,0
DA:839,0
DA:841,0
DA:842,0
DA:846,2
DA:847,0
DA:848,0
DA:850,0
DA:851,0
DA:854,0
DA:855,0
DA:857,0
DA:858,0
DA:862,2
DA:863,0
DA:864,0
DA:865,0
DA:867,0
DA:868,0
DA:871,0
DA:872,0
DA:873,0
DA:876,0
DA:877,0
DA:878,0
DA:881,0
DA:882,0
DA:883,0
DA:885,0
DA:889,0
DA:897,0
DA:905,0
DA:907,0
DA:908,0
DA:912,2
DA:913,0
DA:914,0
DA:915,0
DA:917,0
DA:918,0
DA:921,0
DA:922,0
DA:923,0
DA:926,0
DA:927,0
DA:928,0
DA:931,0
DA:932,0
DA:934,0
DA:935,0
DA:943,0
DA:951,0
DA:953,0
DA:954,0
DA:959,2
DA:960,0
DA:961,0
DA:962,0
DA:964,0
DA:965,0
DA:969,2
DA:970,0
DA:971,0
DA:974,0
DA:975,0
DA:976,0
DA:979,0
DA:980,0
DA:981,0
DA:984,0
DA:985,0
DA:987,0
DA:988,0
DA:992,2
DA:993,0
DA:994,0
DA:997,0
DA:998,0
DA:999,0
DA:1002,0
DA:1003,0
DA:1004,0
DA:1006,0
DA:1008,0
DA:1009,0
DA:1014,2
DA:1015,0
DA:1016,0
DA:1019,0
DA:1020,0
DA:1021,0
DA:1025,0
DA:1026,0
DA:1027,0
DA:1031,0
DA:1032,0
DA:1033,0
DA:1034,0
DA:1037,0
DA:1038,0
DA:1039,0
DA:1043,0
DA:1044,0
DA:1048,0
DA:1054,0
DA:1056,0
DA:1057,0
DA:1061,2
DA:1062,0
DA:1063,0
DA:1066,0
DA:1067,0
DA:1068,0
DA:1072,0
DA:1073,0
DA:1074,0
DA:1078,0
DA:1079,0
DA:1080,0
DA:1081,0
DA:1085,0
DA:1086,0
DA:1087,0
DA:1088,0
DA:1090,0
DA:1094,0
DA:1095,0
DA:1096,0
DA:1099,0
DA:1106,0
DA:1107,0
DA:1109,0
DA:1110,0
DA:1116,2
DA:1117,0
DA:1118,0
DA:1119,0
DA:1122,0
DA:1123,0
DA:1126,0
DA:1128,0
DA:1130,0
DA:1131,0
DA:1132,0
DA:1135,0
DA:1137,0
DA:1138,0
DA:1139,0
DA:1142,0
DA:1152,0
DA:1155,0
DA:1157,0
DA:1158,0
DA:1165,2
DA:1166,0
DA:1176,0
DA:1179,0
DA:1180,0
DA:1184,0
DA:1185,0
DA:1186,0
DA:1190,0
DA:1191,0
DA:1192,0
DA:1196,0
DA:1197,0
DA:1202,0
DA:1213,0
DA:1215,0
DA:1216,0
DA:1224,0
DA:1232,0
DA:1237,0
DA:1238,0
DA:1245,2
DA:1246,0
DA:1247,0
DA:1249,0
DA:1250,0
DA:1251,0
DA:1254,0
DA:1255,0
DA:1257,0
DA:1258,0
DA:1263,2
DA:1264,0
DA:1265,0
DA:1267,0
DA:1268,0
DA:1269,0
DA:1272,0
DA:1273,0
DA:1275,0
DA:1276,0
DA:1281,2
DA:1282,0
DA:1283,0
DA:1290,0
DA:1293,0
DA:1294,0
DA:1297,0
DA:1298,0
DA:1299,0
DA:1303,0
DA:1304,0
DA:1309,0
DA:1321,0
DA:1326,0
DA:1327,0
DA:1334,2
DA:1335,0
DA:1336,0
DA:1339,0
DA:1340,0
DA:1343,0
DA:1344,0
DA:1345,0
DA:1348,0
DA:1349,0
DA:1353,0
DA:1354,0
DA:1360,2
DA:1361,6
DA:1362,6
DA:1363,6
DA:1365,6
DA:1366,0
DA:1369,6
DA:1375,6
DA:1376,6
DA:1377,0
DA:1380,6
DA:1381,0
DA:1384,6
DA:1385,6
DA:1386,0
DA:1389,6
DA:1391,6
DA:1392,3
DA:1395,3
DA:1397,0
DA:1398,0
DA:1402,2
LF:621
LH:172
BRDA:26,0,0,0
BRDA:26,1,0,0
BRDA:27,2,0,0
BRDA:27,2,1,0
BRDA:29,3,0,0
BRDA:29,3,1,0
BRDA:32,4,0,0
BRDA:32,4,1,0
BRDA:41,5,0,0
BRDA:41,6,0,0
BRDA:43,7,0,0
BRDA:43,7,1,0
BRDA:46,8,0,0
BRDA:46,8,1,0
BRDA:46,9,0,0
BRDA:46,9,1,0
BRDA:58,10,0,0
BRDA:58,10,1,0
BRDA:58,11,0,0
BRDA:58,11,1,0
BRDA:58,11,2,0
BRDA:69,12,0,0
BRDA:69,12,1,0
BRDA:69,13,0,0
BRDA:69,13,1,0
BRDA:69,13,2,0
BRDA:80,14,0,0
BRDA:80,14,1,0
BRDA:91,15,0,0
BRDA:91,15,1,0
BRDA:101,16,0,0
BRDA:101,16,1,0
BRDA:103,17,0,0
BRDA:103,17,1,0
BRDA:107,18,0,0
BRDA:107,18,1,0
BRDA:109,19,0,0
BRDA:109,19,1,0
BRDA:116,20,0,0
BRDA:116,20,1,0
BRDA:116,21,0,0
BRDA:116,21,1,0
BRDA:120,22,0,0
BRDA:120,22,1,0
BRDA:124,23,0,0
BRDA:124,23,1,0
BRDA:128,24,0,0
BRDA:128,24,1,0
BRDA:145,25,0,0
BRDA:145,25,1,0
BRDA:152,26,0,0
BRDA:152,26,1,0
BRDA:162,27,0,0
BRDA:162,27,1,0
BRDA:166,28,0,0
BRDA:166,28,1,0
BRDA:169,29,0,0
BRDA:169,29,1,0
BRDA:177,30,0,0
BRDA:177,30,1,0
BRDA:177,31,0,0
BRDA:177,31,1,0
BRDA:178,32,0,0
BRDA:178,32,1,0
BRDA:197,33,0,0
BRDA:197,33,1,0
BRDA:205,34,0,0
BRDA:205,34,1,4
BRDA:222,35,0,1
BRDA:222,35,1,0
BRDA:224,36,0,1
BRDA:224,36,1,0
BRDA:232,37,0,1
BRDA:232,37,1,0
BRDA:235,38,0,1
BRDA:235,38,1,0
BRDA:242,39,0,0
BRDA:242,39,1,6
BRDA:262,40,0,3
BRDA:262,40,1,0
BRDA:266,41,0,1
BRDA:266,41,1,2
BRDA:273,42,0,1
BRDA:273,42,1,0
BRDA:286,43,0,1
BRDA:286,43,1,1
BRDA:289,44,0,0
BRDA:289,44,1,1
BRDA:294,45,0,0
BRDA:294,45,1,1
BRDA:295,46,0,0
BRDA:295,46,1,1
BRDA:296,47,0,0
BRDA:296,47,1,1
BRDA:299,48,0,1
BRDA:299,48,1,0
BRDA:302,49,0,0
BRDA:302,49,1,1
BRDA:307,50,0,0
BRDA:307,50,1,1
BRDA:308,51,0,0
BRDA:308,51,1,1
BRDA:309,52,0,0
BRDA:309,52,1,1
BRDA:310,53,0,0
BRDA:310,53,1,1
BRDA:311,54,0,0
BRDA:311,54,1,1
BRDA:312,55,0,0
BRDA:312,55,1,1
BRDA:325,56,0,3
BRDA:325,56,1,0
BRDA:329,57,0,1
BRDA:329,57,1,2
BRDA:338,58,0,1
BRDA:338,58,1,1
BRDA:352,59,0,1
BRDA:352,59,1,1
BRDA:353,60,0,1
BRDA:353,60,1,1
BRDA:354,61,0,1
BRDA:354,61,1,1
BRDA:357,62,0,1
BRDA:357,62,1,0
BRDA:372,63,0,1
BRDA:372,63,1,1
BRDA:373,64,0,1
BRDA:373,64,1,1
BRDA:374,65,0,1
BRDA:374,65,1,1
BRDA:375,66,0,1
BRDA:375,66,1,1
BRDA:376,67,0,1
BRDA:376,67,1,1
BRDA:377,68,0,0
BRDA:377,68,1,1
BRDA:394,69,0,0
BRDA:394,69,1,0
BRDA:413,70,0,0
BRDA:413,70,1,0
BRDA:413,71,0,0
BRDA:413,71,1,0
BRDA:418,72,0,0
BRDA:418,72,1,0
BRDA:425,73,0,0
BRDA:425,73,1,0
BRDA:430,74,0,0
BRDA:430,74,1,0
BRDA:431,75,0,0
BRDA:431,75,1,0
BRDA:436,76,0,0
BRDA:436,76,1,0
BRDA:450,77,0,0
BRDA:450,77,1,0
BRDA:455,78,0,0
BRDA:455,78,1,0
BRDA:465,79,0,0
BRDA:465,79,1,0
BRDA:475,80,0,0
BRDA:475,80,1,0
BRDA:475,81,0,0
BRDA:475,81,1,0
BRDA:480,82,0,0
BRDA:480,82,1,0
BRDA:490,83,0,0
BRDA:490,83,1,0
BRDA:523,84,0,0
BRDA:523,84,1,0
BRDA:532,85,0,0
BRDA:532,85,1,0
BRDA:542,86,0,0
BRDA:542,86,1,0
BRDA:551,87,0,0
BRDA:551,87,1,0
BRDA:562,88,0,0
BRDA:562,88,1,0
BRDA:568,89,0,0
BRDA:568,89,1,0
BRDA:577,90,0,0
BRDA:577,90,1,0
BRDA:581,91,0,0
BRDA:581,91,1,0
BRDA:591,92,0,0
BRDA:591,92,1,0
BRDA:602,93,0,0
BRDA:602,93,1,0
BRDA:608,94,0,0
BRDA:608,94,1,0
BRDA:621,95,0,0
BRDA:621,95,1,0
BRDA:631,96,0,0
BRDA:631,96,1,0
BRDA:631,97,0,0
BRDA:631,97,1,0
BRDA:637,98,0,0
BRDA:637,98,1,0
BRDA:643,99,0,0
BRDA:643,99,1,0
BRDA:649,100,0,0
BRDA:649,100,1,0
BRDA:655,101,0,0
BRDA:655,101,1,0
BRDA:661,102,0,0
BRDA:661,102,1,0
BRDA:717,103,0,0
BRDA:717,103,1,0
BRDA:727,104,0,0
BRDA:727,104,1,0
BRDA:727,105,0,0
BRDA:727,105,1,0
BRDA:733,106,0,0
BRDA:733,106,1,0
BRDA:740,107,0,0
BRDA:740,107,1,0
BRDA:760,108,0,0
BRDA:760,108,1,0
BRDA:771,109,0,0
BRDA:771,109,1,0
BRDA:771,110,0,0
BRDA:771,110,1,0
BRDA:775,111,0,0
BRDA:775,111,1,0
BRDA:776,112,0,0
BRDA:776,112,1,0
BRDA:781,113,0,0
BRDA:781,113,1,0
BRDA:785,114,0,0
BRDA:785,114,1,0
BRDA:786,115,0,0
BRDA:786,115,1,0
BRDA:791,116,0,0
BRDA:791,116,1,0
BRDA:799,117,0,0
BRDA:799,117,1,0
BRDA:808,118,0,0
BRDA:808,118,1,0
BRDA:832,119,0,0
BRDA:832,119,1,0
BRDA:842,120,0,0
BRDA:842,120,1,0
BRDA:850,121,0,0
BRDA:850,121,1,0
BRDA:850,122,0,0
BRDA:850,122,1,0
BRDA:858,123,0,0
BRDA:858,123,1,0
BRDA:867,124,0,0
BRDA:867,124,1,0
BRDA:867,125,0,0
BRDA:867,125,1,0
BRDA:872,126,0,0
BRDA:872,126,1,0
BRDA:877,127,0,0
BRDA:877,127,1,0
BRDA:882,128,0,0
BRDA:882,128,1,0
BRDA:882,129,0,0
BRDA:882,129,1,0
BRDA:885,130,0,0
BRDA:885,130,1,0
BRDA:908,131,0,0
BRDA:908,131,1,0
BRDA:917,132,0,0
BRDA:917,132,1,0
BRDA:917,133,0,0
BRDA:917,133,1,0
BRDA:921,134,0,0
BRDA:921,134,1,0
BRDA:922,135,0,0
BRDA:922,135,1,0
BRDA:927,136,0,0
BRDA:927,136,1,0
BRDA:954,137,0,0
BRDA:954,137,1,0
BRDA:975,138,0,0
BRDA:975,138,1,0
BRDA:980,139,0,0
BRDA:980,139,1,0
BRDA:988,140,0,0
BRDA:988,140,1,0
BRDA:998,141,0,0
BRDA:998,141,1,0
BRDA:1003,142,0,0
BRDA:1003,142,1,0
BRDA:1009,143,0,0
BRDA:1009,143,1,0
BRDA:1020,144,0,0
BRDA:1020,144,1,0
BRDA:1026,145,0,0
BRDA:1026,145,1,0
BRDA:1033,146,0,0
BRDA:1033,146,1,0
BRDA:1038,147,0,0
BRDA:1038,147,1,0
BRDA:1043,148,0,0
BRDA:1043,148,1,0
BRDA:1067,149,0,0
BRDA:1067,149,1,0
BRDA:1073,150,0,0
BRDA:1073,150,1,0
BRDA:1080,151,0,0
BRDA:1080,151,1,0
BRDA:1086,152,0,0
BRDA:1086,152,1,0
BRDA:1086,153,0,0
BRDA:1086,153,1,0
BRDA:1087,154,0,0
BRDA:1087,154,1,0
BRDA:1087,155,0,0
BRDA:1087,155,1,0
BRDA:1090,156,0,0
BRDA:1090,156,1,0
BRDA:1095,157,0,0
BRDA:1095,157,1,0
BRDA:1122,158,0,0
BRDA:1122,158,1,0
BRDA:1122,159,0,0
BRDA:1122,159,1,0
BRDA:1128,160,0,0
BRDA:1128,160,1,0
BRDA:1131,161,0,0
BRDA:1131,161,1,0
BRDA:1135,162,0,0
BRDA:1135,162,1,0
BRDA:1135,163,0,0
BRDA:1135,163,1,0
BRDA:1138,164,0,0
BRDA:1138,164,1,0
BRDA:1159,165,0,0
BRDA:1159,165,1,0
BRDA:1179,166,0,0
BRDA:1179,166,1,0
BRDA:1179,167,0,0
BRDA:1179,167,1,0
BRDA:1185,168,0,0
BRDA:1185,168,1,0
BRDA:1191,169,0,0
BRDA:1191,169,1,0
BRDA:1196,170,0,0
BRDA:1196,170,1,0
BRDA:1196,171,0,0
BRDA:1196,171,1,0
BRDA:1196,171,2,0
BRDA:1196,171,3,0
BRDA:1196,171,4,0
BRDA:1205,172,0,0
BRDA:1205,172,1,0
BRDA:1206,173,0,0
BRDA:1206,173,1,0
BRDA:1207,174,0,0
BRDA:1207,174,1,0
BRDA:1208,175,0,0
BRDA:1208,175,1,0
BRDA:1209,176,0,0
BRDA:1209,176,1,0
BRDA:1239,177,0,0
BRDA:1239,177,1,0
BRDA:1250,178,0,0
BRDA:1250,178,1,0
BRDA:1258,179,0,0
BRDA:1258,179,1,0
BRDA:1268,180,0,0
BRDA:1268,180,1,0
BRDA:1276,181,0,0
BRDA:1276,181,1,0
BRDA:1293,182,0,0
BRDA:1293,182,1,0
BRDA:1293,183,0,0
BRDA:1293,183,1,0
BRDA:1298,184,0,0
BRDA:1298,184,1,0
BRDA:1303,185,0,0
BRDA:1303,185,1,0
BRDA:1303,186,0,0
BRDA:1303,186,1,0
BRDA:1303,186,2,0
BRDA:1303,186,3,0
BRDA:1303,186,4,0
BRDA:1312,187,0,0
BRDA:1312,187,1,0
BRDA:1313,188,0,0
BRDA:1313,188,1,0
BRDA:1314,189,0,0
BRDA:1314,189,1,0
BRDA:1315,190,0,0
BRDA:1315,190,1,0
BRDA:1316,191,0,0
BRDA:1316,191,1,0
BRDA:1328,192,0,0
BRDA:1328,192,1,0
BRDA:1339,193,0,0
BRDA:1339,193,1,0
BRDA:1339,194,0,0
BRDA:1339,194,1,0
BRDA:1344,195,0,0
BRDA:1344,195,1,0
BRDA:1355,196,0,0
BRDA:1355,196,1,0
BRDA:1363,197,0,6
BRDA:1363,197,1,0
BRDA:1365,198,0,0
BRDA:1365,198,1,6
BRDA:1365,199,0,6
BRDA:1365,199,1,6
BRDA:1376,200,0,0
BRDA:1376,200,1,6
BRDA:1380,201,0,0
BRDA:1380,201,1,6
BRDA:1385,202,0,0
BRDA:1385,202,1,6
BRDA:1391,203,0,3
BRDA:1391,203,1,3
BRDA:1398,204,0,0
BRDA:1398,204,1,0
BRF:414
BRH:56
end_of_record
