TN:
SF:jest.config.js
FNF:0
FNH:0
DA:1,0
LF:1
LH:0
BRF:0
BRH:0
end_of_record
TN:
SF:models\attendance.js
FNF:0
FNH:0
DA:1,3
DA:3,3
DA:22,3
LF:3
LH:3
BRF:0
BRH:0
end_of_record
TN:
SF:models\counseling.js
FNF:0
FNH:0
DA:1,3
DA:3,3
DA:42,3
LF:3
LH:3
BRF:0
BRH:0
end_of_record
TN:
SF:models\feedback.js
FNF:0
FNH:0
DA:1,3
DA:3,3
DA:28,3
LF:3
LH:3
BRF:0
BRH:0
end_of_record
TN:
SF:models\grade.js
FNF:0
FNH:0
DA:1,3
DA:3,3
DA:32,3
DA:34,3
LF:4
LH:4
BRF:0
BRH:0
end_of_record
TN:
SF:models\notification.js
FNF:0
FNH:0
DA:1,3
DA:3,3
DA:38,3
LF:3
LH:3
BRF:0
BRH:0
end_of_record
TN:
SF:models\student.js
FNF:0
FNH:0
DA:1,4
DA:3,4
DA:30,4
LF:3
LH:3
BRF:0
BRH:0
end_of_record
TN:
SF:models\subject.js
FNF:0
FNH:0
DA:1,3
DA:3,3
DA:13,3
LF:3
LH:3
BRF:0
BRH:0
end_of_record
TN:
SF:models\user.js
FN:22,(anonymous_0)
FNF:1
FNH:0
FNDA:0,(anonymous_0)
DA:1,3
DA:3,3
DA:23,0
DA:30,3
LF:4
LH:3
BRDA:23,0,0,0
BRDA:23,0,1,0
BRF:2
BRH:0
end_of_record
TN:
SF:routes\stdRoute.js
FN:18,(anonymous_0)
FN:25,(anonymous_1)
FN:40,(anonymous_2)
FN:54,(anonymous_3)
FN:66,(anonymous_4)
FN:77,(anonymous_5)
FN:88,(anonymous_6)
FN:97,(anonymous_7)
FN:135,(anonymous_8)
FN:142,(anonymous_9)
FN:145,(anonymous_10)
FN:149,(anonymous_11)
FN:158,(anonymous_12)
FN:166,(anonymous_13)
FN:175,(anonymous_14)
FN:202,(anonymous_15)
FN:214,(anonymous_16)
FN:220,(anonymous_17)
FN:232,(anonymous_18)
FN:239,(anonymous_19)
FN:241,(anonymous_20)
FN:251,(anonymous_21)
FN:256,(anonymous_22)
FN:259,(anonymous_23)
FN:261,(anonymous_24)
FN:274,(anonymous_25)
FN:286,(anonymous_26)
FN:304,(anonymous_27)
FN:310,(anonymous_28)
FN:316,(anonymous_29)
FN:327,(anonymous_30)
FN:340,(anonymous_31)
FN:365,(anonymous_32)
FN:383,(anonymous_33)
FN:419,(anonymous_34)
FN:442,(anonymous_35)
FN:467,(anonymous_36)
FN:472,(anonymous_37)
FN:473,(anonymous_38)
FN:489,(anonymous_39)
FN:528,(anonymous_40)
FN:568,(anonymous_41)
FN:598,(anonymous_42)
FN:694,(anonymous_43)
FN:738,(anonymous_44)
FN:807,(anonymous_45)
FN:817,(anonymous_46)
FN:833,(anonymous_47)
FN:883,(anonymous_48)
FN:935,(anonymous_49)
FN:938,(anonymous_50)
FN:945,(anonymous_51)
FN:968,(anonymous_52)
FN:990,(anonymous_53)
FN:1037,(anonymous_54)
FN:1092,(anonymous_55)
FN:1141,(anonymous_56)
FN:1221,(anonymous_57)
FN:1239,(anonymous_58)
FN:1257,(anonymous_59)
FN:1310,(anonymous_60)
FN:1336,(anonymous_61)
FNF:62
FNH:28
FNDA:11,(anonymous_0)
FNDA:6,(anonymous_1)
FNDA:0,(anonymous_2)
FNDA:0,(anonymous_3)
FNDA:0,(anonymous_4)
FNDA:2,(anonymous_5)
FNDA:2,(anonymous_6)
FNDA:0,(anonymous_7)
FNDA:7,(anonymous_8)
FNDA:0,(anonymous_9)
FNDA:0,(anonymous_10)
FNDA:0,(anonymous_11)
FNDA:0,(anonymous_12)
FNDA:0,(anonymous_13)
FNDA:0,(anonymous_14)
FNDA:2,(anonymous_15)
FNDA:1,(anonymous_16)
FNDA:1,(anonymous_17)
FNDA:1,(anonymous_18)
FNDA:3,(anonymous_19)
FNDA:3,(anonymous_20)
FNDA:3,(anonymous_21)
FNDA:0,(anonymous_22)
FNDA:1,(anonymous_23)
FNDA:1,(anonymous_24)
FNDA:3,(anonymous_25)
FNDA:3,(anonymous_26)
FNDA:1,(anonymous_27)
FNDA:1,(anonymous_28)
FNDA:1,(anonymous_29)
FNDA:1,(anonymous_30)
FNDA:1,(anonymous_31)
FNDA:0,(anonymous_32)
FNDA:0,(anonymous_33)
FNDA:0,(anonymous_34)
FNDA:0,(anonymous_35)
FNDA:1,(anonymous_36)
FNDA:0,(anonymous_37)
FNDA:0,(anonymous_38)
FNDA:0,(anonymous_39)
FNDA:0,(anonymous_40)
FNDA:0,(anonymous_41)
FNDA:0,(anonymous_42)
FNDA:0,(anonymous_43)
FNDA:2,(anonymous_44)
FNDA:1,(anonymous_45)
FNDA:1,(anonymous_46)
FNDA:2,(anonymous_47)
FNDA:3,(anonymous_48)
FNDA:0,(anonymous_49)
FNDA:0,(anonymous_50)
FNDA:0,(anonymous_51)
FNDA:0,(anonymous_52)
FNDA:0,(anonymous_53)
FNDA:0,(anonymous_54)
FNDA:0,(anonymous_55)
FNDA:0,(anonymous_56)
FNDA:0,(anonymous_57)
FNDA:0,(anonymous_58)
FNDA:0,(anonymous_59)
FNDA:0,(anonymous_60)
FNDA:3,(anonymous_61)
DA:1,3
DA:2,3
DA:3,3
DA:4,3
DA:5,3
DA:6,3
DA:7,3
DA:8,3
DA:9,3
DA:10,3
DA:11,3
DA:12,3
DA:18,3
DA:19,11
DA:25,3
DA:26,6
DA:27,6
DA:28,6
DA:29,0
DA:31,6
DA:32,0
DA:34,6
DA:40,3
DA:41,0
DA:42,0
DA:43,0
DA:45,0
DA:46,0
DA:48,0
DA:54,3
DA:55,0
DA:56,0
DA:57,0
DA:58,0
DA:60,0
DA:66,3
DA:67,0
DA:68,0
DA:69,0
DA:71,0
DA:77,3
DA:78,2
DA:79,2
DA:80,0
DA:82,2
DA:88,3
DA:89,2
DA:90,2
DA:91,1
DA:93,1
DA:97,3
DA:98,0
DA:100,0
DA:101,0
DA:102,0
DA:103,0
DA:106,0
DA:107,0
DA:108,0
DA:109,0
DA:112,0
DA:115,0
DA:116,0
DA:119,0
DA:120,0
DA:123,0
DA:124,0
DA:127,0
DA:135,3
DA:136,7
DA:142,3
DA:143,0
DA:144,0
DA:145,0
DA:148,0
DA:149,0
DA:150,0
DA:151,0
DA:152,0
DA:154,0
DA:155,0
DA:158,0
DA:164,0
DA:165,0
DA:166,0
DA:167,0
DA:168,0
DA:171,0
DA:172,0
DA:173,0
DA:174,0
DA:175,0
DA:176,0
DA:177,0
DA:178,0
DA:179,0
DA:183,0
DA:202,3
DA:203,2
DA:204,2
DA:205,2
DA:214,3
DA:215,1
DA:220,1
DA:221,1
DA:222,1
DA:223,1
DA:224,1
DA:226,1
DA:227,1
DA:230,1
DA:232,1
DA:239,3
DA:240,3
DA:241,3
DA:242,3
DA:243,3
DA:244,3
DA:246,3
DA:247,3
DA:250,3
DA:251,3
DA:256,0
DA:259,3
DA:260,1
DA:261,1
DA:262,1
DA:263,1
DA:264,1
DA:265,1
DA:267,1
DA:268,1
DA:269,1
DA:271,1
DA:274,3
DA:275,3
DA:276,3
DA:278,3
DA:279,3
DA:280,3
DA:281,3
DA:283,3
DA:286,3
DA:287,3
DA:288,3
DA:289,3
DA:290,3
DA:291,3
DA:292,3
DA:293,3
DA:295,3
DA:296,1
DA:297,1
DA:298,1
DA:300,1
DA:301,1
DA:302,1
DA:303,1
DA:304,1
DA:305,1
DA:307,1
DA:308,1
DA:309,1
DA:310,1
DA:311,1
DA:313,1
DA:314,1
DA:315,1
DA:316,1
DA:317,1
DA:324,2
DA:325,1
DA:326,1
DA:327,1
DA:328,1
DA:337,1
DA:338,1
DA:339,1
DA:340,1
DA:341,1
DA:354,3
DA:355,3
DA:356,3
DA:357,3
DA:358,3
DA:359,3
DA:365,3
DA:366,0
DA:367,0
DA:373,0
DA:383,3
DA:385,0
DA:386,0
DA:390,0
DA:391,0
DA:395,0
DA:396,0
DA:397,0
DA:398,0
DA:402,0
DA:403,0
DA:404,0
DA:407,0
DA:408,0
DA:409,0
DA:411,0
DA:413,0
DA:416,0
DA:419,3
DA:420,0
DA:421,0
DA:422,0
DA:423,0
DA:426,0
DA:427,0
DA:428,0
DA:431,0
DA:432,0
DA:433,0
DA:435,0
DA:436,0
DA:442,3
DA:443,0
DA:444,0
DA:447,0
DA:448,0
DA:451,0
DA:452,0
DA:453,0
DA:456,0
DA:457,0
DA:458,0
DA:460,0
DA:461,0
DA:467,3
DA:468,1
DA:469,1
DA:470,1
DA:472,1
DA:473,0
DA:474,0
DA:482,1
DA:484,0
DA:485,0
DA:489,3
DA:490,0
DA:491,0
DA:494,0
DA:495,0
DA:496,0
DA:503,0
DA:504,0
DA:505,0
DA:510,0
DA:518,0
DA:519,0
DA:521,0
DA:522,0
DA:528,3
DA:529,0
DA:530,0
DA:533,0
DA:534,0
DA:535,0
DA:539,0
DA:540,0
DA:541,0
DA:547,0
DA:553,0
DA:554,0
DA:559,0
DA:561,0
DA:562,0
DA:568,3
DA:569,0
DA:570,0
DA:573,0
DA:574,0
DA:575,0
DA:578,0
DA:580,0
DA:581,0
DA:586,0
DA:591,0
DA:592,0
DA:598,3
DA:599,0
DA:600,0
DA:603,0
DA:604,0
DA:608,0
DA:609,0
DA:610,0
DA:614,0
DA:615,0
DA:616,0
DA:620,0
DA:621,0
DA:622,0
DA:626,0
DA:627,0
DA:628,0
DA:632,0
DA:633,0
DA:634,0
DA:638,0
DA:655,0
DA:656,0
DA:669,0
DA:682,0
DA:687,0
DA:688,0
DA:694,3
DA:695,0
DA:696,0
DA:699,0
DA:700,0
DA:704,0
DA:705,0
DA:706,0
DA:710,0
DA:711,0
DA:712,0
DA:713,0
DA:716,0
DA:717,0
DA:719,0
DA:725,0
DA:730,0
DA:731,0
DA:738,3
DA:739,2
DA:740,2
DA:741,2
DA:743,2
DA:744,0
DA:747,2
DA:748,2
DA:749,0
DA:752,2
DA:753,2
DA:754,1
DA:757,1
DA:758,1
DA:759,0
DA:762,1
DA:763,1
DA:764,0
DA:767,1
DA:768,1
DA:769,1
DA:770,1
DA:771,1
DA:772,0
DA:775,1
DA:783,1
DA:784,1
DA:792,1
DA:800,1
DA:802,0
DA:803,0
DA:807,3
DA:808,1
DA:809,1
DA:810,1
DA:812,0
DA:813,0
DA:817,3
DA:818,1
DA:819,1
DA:821,1
DA:822,0
DA:825,1
DA:826,1
DA:828,0
DA:829,0
DA:833,3
DA:834,2
DA:835,2
DA:836,2
DA:838,2
DA:839,0
DA:842,2
DA:843,2
DA:844,0
DA:847,2
DA:848,2
DA:849,0
DA:852,2
DA:853,2
DA:854,2
DA:856,2
DA:860,2
DA:868,2
DA:876,2
DA:878,0
DA:879,0
DA:883,3
DA:884,3
DA:885,3
DA:886,3
DA:888,3
DA:889,0
DA:892,3
DA:893,3
DA:894,0
DA:897,3
DA:898,3
DA:899,0
DA:903,3
DA:904,2
DA:907,1
DA:908,1
DA:910,1
DA:911,1
DA:919,1
DA:927,1
DA:929,0
DA:930,0
DA:935,3
DA:936,0
DA:937,0
DA:938,0
DA:940,0
DA:941,0
DA:945,3
DA:946,0
DA:947,0
DA:950,0
DA:951,0
DA:952,0
DA:955,0
DA:956,0
DA:957,0
DA:960,0
DA:961,0
DA:963,0
DA:964,0
DA:968,3
DA:969,0
DA:970,0
DA:973,0
DA:974,0
DA:975,0
DA:978,0
DA:979,0
DA:980,0
DA:982,0
DA:984,0
DA:985,0
DA:990,3
DA:991,0
DA:992,0
DA:995,0
DA:996,0
DA:997,0
DA:1001,0
DA:1002,0
DA:1003,0
DA:1007,0
DA:1008,0
DA:1009,0
DA:1010,0
DA:1013,0
DA:1014,0
DA:1015,0
DA:1019,0
DA:1020,0
DA:1024,0
DA:1030,0
DA:1032,0
DA:1033,0
DA:1037,3
DA:1038,0
DA:1039,0
DA:1042,0
DA:1043,0
DA:1044,0
DA:1048,0
DA:1049,0
DA:1050,0
DA:1054,0
DA:1055,0
DA:1056,0
DA:1057,0
DA:1061,0
DA:1062,0
DA:1063,0
DA:1064,0
DA:1066,0
DA:1070,0
DA:1071,0
DA:1072,0
DA:1075,0
DA:1082,0
DA:1083,0
DA:1085,0
DA:1086,0
DA:1092,3
DA:1093,0
DA:1094,0
DA:1095,0
DA:1098,0
DA:1099,0
DA:1102,0
DA:1104,0
DA:1106,0
DA:1107,0
DA:1108,0
DA:1111,0
DA:1113,0
DA:1114,0
DA:1115,0
DA:1118,0
DA:1128,0
DA:1131,0
DA:1133,0
DA:1134,0
DA:1141,3
DA:1142,0
DA:1152,0
DA:1155,0
DA:1156,0
DA:1160,0
DA:1161,0
DA:1162,0
DA:1166,0
DA:1167,0
DA:1168,0
DA:1172,0
DA:1173,0
DA:1178,0
DA:1189,0
DA:1191,0
DA:1192,0
DA:1200,0
DA:1208,0
DA:1213,0
DA:1214,0
DA:1221,3
DA:1222,0
DA:1223,0
DA:1225,0
DA:1226,0
DA:1227,0
DA:1230,0
DA:1231,0
DA:1233,0
DA:1234,0
DA:1239,3
DA:1240,0
DA:1241,0
DA:1243,0
DA:1244,0
DA:1245,0
DA:1248,0
DA:1249,0
DA:1251,0
DA:1252,0
DA:1257,3
DA:1258,0
DA:1259,0
DA:1266,0
DA:1269,0
DA:1270,0
DA:1273,0
DA:1274,0
DA:1275,0
DA:1279,0
DA:1280,0
DA:1285,0
DA:1297,0
DA:1302,0
DA:1303,0
DA:1310,3
DA:1311,0
DA:1312,0
DA:1315,0
DA:1316,0
DA:1319,0
DA:1320,0
DA:1321,0
DA:1324,0
DA:1325,0
DA:1329,0
DA:1330,0
DA:1336,3
DA:1337,3
DA:1338,3
DA:1339,3
DA:1341,3
DA:1342,0
DA:1345,3
DA:1351,3
DA:1352,3
DA:1353,0
DA:1356,3
DA:1357,0
DA:1360,3
DA:1361,3
DA:1362,0
DA:1365,3
DA:1367,3
DA:1369,0
DA:1370,0
DA:1374,3
LF:606
LH:231
BRDA:25,0,0,0
BRDA:25,1,0,0
BRDA:26,2,0,0
BRDA:26,2,1,6
BRDA:28,3,0,0
BRDA:28,3,1,6
BRDA:31,4,0,0
BRDA:31,4,1,6
BRDA:40,5,0,0
BRDA:40,6,0,0
BRDA:42,7,0,0
BRDA:42,7,1,0
BRDA:45,8,0,0
BRDA:45,8,1,0
BRDA:45,9,0,0
BRDA:45,9,1,0
BRDA:57,10,0,0
BRDA:57,10,1,0
BRDA:57,11,0,0
BRDA:57,11,1,0
BRDA:57,11,2,0
BRDA:68,12,0,0
BRDA:68,12,1,0
BRDA:68,13,0,0
BRDA:68,13,1,0
BRDA:68,13,2,0
BRDA:79,14,0,0
BRDA:79,14,1,2
BRDA:90,15,0,1
BRDA:90,15,1,1
BRDA:100,16,0,0
BRDA:100,16,1,0
BRDA:102,17,0,0
BRDA:102,17,1,0
BRDA:106,18,0,0
BRDA:106,18,1,0
BRDA:108,19,0,0
BRDA:108,19,1,0
BRDA:115,20,0,0
BRDA:115,20,1,0
BRDA:115,21,0,0
BRDA:115,21,1,0
BRDA:119,22,0,0
BRDA:119,22,1,0
BRDA:123,23,0,0
BRDA:123,23,1,0
BRDA:127,24,0,0
BRDA:127,24,1,0
BRDA:144,25,0,0
BRDA:144,25,1,0
BRDA:151,26,0,0
BRDA:151,26,1,0
BRDA:161,27,0,0
BRDA:161,27,1,0
BRDA:165,28,0,0
BRDA:165,28,1,0
BRDA:168,29,0,0
BRDA:168,29,1,0
BRDA:176,30,0,0
BRDA:176,30,1,0
BRDA:176,31,0,0
BRDA:176,31,1,0
BRDA:177,32,0,0
BRDA:177,32,1,0
BRDA:196,33,0,0
BRDA:196,33,1,0
BRDA:204,34,0,0
BRDA:204,34,1,2
BRDA:221,35,0,1
BRDA:221,35,1,0
BRDA:223,36,0,1
BRDA:223,36,1,0
BRDA:231,37,0,1
BRDA:231,37,1,0
BRDA:234,38,0,1
BRDA:234,38,1,0
BRDA:243,39,0,3
BRDA:243,39,1,0
BRDA:246,40,0,3
BRDA:246,40,1,0
BRDA:254,41,0,3
BRDA:254,41,1,0
BRDA:265,42,0,1
BRDA:265,42,1,0
BRDA:276,43,0,0
BRDA:276,43,1,3
BRDA:291,44,0,3
BRDA:291,44,1,0
BRDA:295,45,0,1
BRDA:295,45,1,2
BRDA:297,46,0,1
BRDA:297,46,1,0
BRDA:321,47,0,1
BRDA:321,47,1,0
BRDA:324,48,0,1
BRDA:324,48,1,1
BRDA:332,49,0,1
BRDA:332,49,1,1
BRDA:333,50,0,1
BRDA:333,50,1,1
BRDA:334,51,0,1
BRDA:334,51,1,1
BRDA:337,52,0,1
BRDA:337,52,1,0
BRDA:344,53,0,1
BRDA:344,53,1,1
BRDA:345,54,0,1
BRDA:345,54,1,1
BRDA:346,55,0,1
BRDA:346,55,1,1
BRDA:347,56,0,1
BRDA:347,56,1,1
BRDA:348,57,0,1
BRDA:348,57,1,1
BRDA:349,58,0,0
BRDA:349,58,1,1
BRDA:366,59,0,0
BRDA:366,59,1,0
BRDA:385,60,0,0
BRDA:385,60,1,0
BRDA:385,61,0,0
BRDA:385,61,1,0
BRDA:390,62,0,0
BRDA:390,62,1,0
BRDA:397,63,0,0
BRDA:397,63,1,0
BRDA:402,64,0,0
BRDA:402,64,1,0
BRDA:403,65,0,0
BRDA:403,65,1,0
BRDA:408,66,0,0
BRDA:408,66,1,0
BRDA:422,67,0,0
BRDA:422,67,1,0
BRDA:427,68,0,0
BRDA:427,68,1,0
BRDA:437,69,0,0
BRDA:437,69,1,0
BRDA:447,70,0,0
BRDA:447,70,1,0
BRDA:447,71,0,0
BRDA:447,71,1,0
BRDA:452,72,0,0
BRDA:452,72,1,0
BRDA:462,73,0,0
BRDA:462,73,1,0
BRDA:495,74,0,0
BRDA:495,74,1,0
BRDA:504,75,0,0
BRDA:504,75,1,0
BRDA:514,76,0,0
BRDA:514,76,1,0
BRDA:523,77,0,0
BRDA:523,77,1,0
BRDA:534,78,0,0
BRDA:534,78,1,0
BRDA:540,79,0,0
BRDA:540,79,1,0
BRDA:549,80,0,0
BRDA:549,80,1,0
BRDA:553,81,0,0
BRDA:553,81,1,0
BRDA:563,82,0,0
BRDA:563,82,1,0
BRDA:574,83,0,0
BRDA:574,83,1,0
BRDA:580,84,0,0
BRDA:580,84,1,0
BRDA:593,85,0,0
BRDA:593,85,1,0
BRDA:603,86,0,0
BRDA:603,86,1,0
BRDA:603,87,0,0
BRDA:603,87,1,0
BRDA:609,88,0,0
BRDA:609,88,1,0
BRDA:615,89,0,0
BRDA:615,89,1,0
BRDA:621,90,0,0
BRDA:621,90,1,0
BRDA:627,91,0,0
BRDA:627,91,1,0
BRDA:633,92,0,0
BRDA:633,92,1,0
BRDA:689,93,0,0
BRDA:689,93,1,0
BRDA:699,94,0,0
BRDA:699,94,1,0
BRDA:699,95,0,0
BRDA:699,95,1,0
BRDA:705,96,0,0
BRDA:705,96,1,0
BRDA:712,97,0,0
BRDA:712,97,1,0
BRDA:732,98,0,0
BRDA:732,98,1,0
BRDA:743,99,0,0
BRDA:743,99,1,2
BRDA:743,100,0,2
BRDA:743,100,1,2
BRDA:747,101,0,2
BRDA:747,101,1,0
BRDA:748,102,0,0
BRDA:748,102,1,2
BRDA:753,103,0,1
BRDA:753,103,1,1
BRDA:757,104,0,1
BRDA:757,104,1,0
BRDA:758,105,0,0
BRDA:758,105,1,1
BRDA:763,106,0,0
BRDA:763,106,1,1
BRDA:771,107,0,0
BRDA:771,107,1,1
BRDA:803,108,0,0
BRDA:803,108,1,0
BRDA:813,109,0,0
BRDA:813,109,1,0
BRDA:821,110,0,0
BRDA:821,110,1,1
BRDA:821,111,0,1
BRDA:821,111,1,1
BRDA:829,112,0,0
BRDA:829,112,1,0
BRDA:838,113,0,0
BRDA:838,113,1,2
BRDA:838,114,0,2
BRDA:838,114,1,2
BRDA:843,115,0,0
BRDA:843,115,1,2
BRDA:848,116,0,0
BRDA:848,116,1,2
BRDA:853,117,0,1
BRDA:853,117,1,1
BRDA:853,118,0,1
BRDA:853,118,1,0
BRDA:856,119,0,1
BRDA:856,119,1,1
BRDA:879,120,0,0
BRDA:879,120,1,0
BRDA:888,121,0,0
BRDA:888,121,1,3
BRDA:888,122,0,3
BRDA:888,122,1,3
BRDA:892,123,0,3
BRDA:892,123,1,0
BRDA:893,124,0,0
BRDA:893,124,1,3
BRDA:898,125,0,0
BRDA:898,125,1,3
BRDA:903,126,0,2
BRDA:903,126,1,1
BRDA:930,127,0,0
BRDA:930,127,1,0
BRDA:951,128,0,0
BRDA:951,128,1,0
BRDA:956,129,0,0
BRDA:956,129,1,0
BRDA:964,130,0,0
BRDA:964,130,1,0
BRDA:974,131,0,0
BRDA:974,131,1,0
BRDA:979,132,0,0
BRDA:979,132,1,0
BRDA:985,133,0,0
BRDA:985,133,1,0
BRDA:996,134,0,0
BRDA:996,134,1,0
BRDA:1002,135,0,0
BRDA:1002,135,1,0
BRDA:1009,136,0,0
BRDA:1009,136,1,0
BRDA:1014,137,0,0
BRDA:1014,137,1,0
BRDA:1019,138,0,0
BRDA:1019,138,1,0
BRDA:1043,139,0,0
BRDA:1043,139,1,0
BRDA:1049,140,0,0
BRDA:1049,140,1,0
BRDA:1056,141,0,0
BRDA:1056,141,1,0
BRDA:1062,142,0,0
BRDA:1062,142,1,0
BRDA:1062,143,0,0
BRDA:1062,143,1,0
BRDA:1063,144,0,0
BRDA:1063,144,1,0
BRDA:1063,145,0,0
BRDA:1063,145,1,0
BRDA:1066,146,0,0
BRDA:1066,146,1,0
BRDA:1071,147,0,0
BRDA:1071,147,1,0
BRDA:1098,148,0,0
BRDA:1098,148,1,0
BRDA:1098,149,0,0
BRDA:1098,149,1,0
BRDA:1104,150,0,0
BRDA:1104,150,1,0
BRDA:1107,151,0,0
BRDA:1107,151,1,0
BRDA:1111,152,0,0
BRDA:1111,152,1,0
BRDA:1111,153,0,0
BRDA:1111,153,1,0
BRDA:1114,154,0,0
BRDA:1114,154,1,0
BRDA:1135,155,0,0
BRDA:1135,155,1,0
BRDA:1155,156,0,0
BRDA:1155,156,1,0
BRDA:1155,157,0,0
BRDA:1155,157,1,0
BRDA:1161,158,0,0
BRDA:1161,158,1,0
BRDA:1167,159,0,0
BRDA:1167,159,1,0
BRDA:1172,160,0,0
BRDA:1172,160,1,0
BRDA:1172,161,0,0
BRDA:1172,161,1,0
BRDA:1172,161,2,0
BRDA:1172,161,3,0
BRDA:1172,161,4,0
BRDA:1181,162,0,0
BRDA:1181,162,1,0
BRDA:1182,163,0,0
BRDA:1182,163,1,0
BRDA:1183,164,0,0
BRDA:1183,164,1,0
BRDA:1184,165,0,0
BRDA:1184,165,1,0
BRDA:1185,166,0,0
BRDA:1185,166,1,0
BRDA:1215,167,0,0
BRDA:1215,167,1,0
BRDA:1226,168,0,0
BRDA:1226,168,1,0
BRDA:1234,169,0,0
BRDA:1234,169,1,0
BRDA:1244,170,0,0
BRDA:1244,170,1,0
BRDA:1252,171,0,0
BRDA:1252,171,1,0
BRDA:1269,172,0,0
BRDA:1269,172,1,0
BRDA:1269,173,0,0
BRDA:1269,173,1,0
BRDA:1274,174,0,0
BRDA:1274,174,1,0
BRDA:1279,175,0,0
BRDA:1279,175,1,0
BRDA:1279,176,0,0
BRDA:1279,176,1,0
BRDA:1279,176,2,0
BRDA:1279,176,3,0
BRDA:1279,176,4,0
BRDA:1288,177,0,0
BRDA:1288,177,1,0
BRDA:1289,178,0,0
BRDA:1289,178,1,0
BRDA:1290,179,0,0
BRDA:1290,179,1,0
BRDA:1291,180,0,0
BRDA:1291,180,1,0
BRDA:1292,181,0,0
BRDA:1292,181,1,0
BRDA:1304,182,0,0
BRDA:1304,182,1,0
BRDA:1315,183,0,0
BRDA:1315,183,1,0
BRDA:1315,184,0,0
BRDA:1315,184,1,0
BRDA:1320,185,0,0
BRDA:1320,185,1,0
BRDA:1331,186,0,0
BRDA:1331,186,1,0
BRDA:1339,187,0,3
BRDA:1339,187,1,0
BRDA:1341,188,0,0
BRDA:1341,188,1,3
BRDA:1341,189,0,3
BRDA:1341,189,1,3
BRDA:1352,190,0,0
BRDA:1352,190,1,3
BRDA:1356,191,0,0
BRDA:1356,191,1,3
BRDA:1361,192,0,0
BRDA:1361,192,1,3
BRDA:1370,193,0,0
BRDA:1370,193,1,0
BRF:392
BRH:80
end_of_record
