{"C:\\Users\\82105\\SWD\\SWD_Project\\client\\src\\App.jsx": {"path":"C:\\Users\\82105\\SWD\\SWD_Project\\client\\src\\App.jsx","statementMap":{"0":{"start":{"line":5,"column":16},"end":{"line":5,"column":18}},"1":{"start":{"line":8,"column":38},"end":{"line":8,"column":53}},"2":{"start":{"line":9,"column":26},"end":{"line":9,"column":40}},"3":{"start":{"line":10,"column":36},"end":{"line":10,"column":54}},"4":{"start":{"line":11,"column":40},"end":{"line":11,"column":52}},"5":{"start":{"line":12,"column":40},"end":{"line":12,"column":54}},"6":{"start":{"line":13,"column":28},"end":{"line":13,"column":40}},"7":{"start":{"line":14,"column":32},"end":{"line":14,"column":44}},"8":{"start":{"line":15,"column":44},"end":{"line":15,"column":56}},"9":{"start":{"line":16,"column":32},"end":{"line":16,"column":47}},"10":{"start":{"line":19,"column":34},"end":{"line":25,"column":4}},"11":{"start":{"line":28,"column":36},"end":{"line":33,"column":4}},"12":{"start":{"line":34,"column":46},"end":{"line":34,"column":61}},"13":{"start":{"line":37,"column":38},"end":{"line":46,"column":4}},"14":{"start":{"line":47,"column":56},"end":{"line":47,"column":71}},"15":{"start":{"line":50,"column":46},"end":{"line":53,"column":4}},"16":{"start":{"line":54,"column":56},"end":{"line":54,"column":71}},"17":{"start":{"line":57,"column":34},"end":{"line":63,"column":4}},"18":{"start":{"line":64,"column":44},"end":{"line":64,"column":59}},"19":{"start":{"line":67,"column":50},"end":{"line":67,"column":65}},"20":{"start":{"line":69,"column":26},"end":{"line":69,"column":56}},"21":{"start":{"line":72,"column":38},"end":{"line":72,"column":54}},"22":{"start":{"line":73,"column":44},"end":{"line":73,"column":59}},"23":{"start":{"line":76,"column":40},"end":{"line":76,"column":52}},"24":{"start":{"line":77,"column":54},"end":{"line":77,"column":69}},"25":{"start":{"line":78,"column":50},"end":{"line":78,"column":62}},"26":{"start":{"line":81,"column":34},"end":{"line":81,"column":59}},"27":{"start":{"line":82,"column":38},"end":{"line":82,"column":50}},"28":{"start":{"line":84,"column":42},"end":{"line":92,"column":4}},"29":{"start":{"line":93,"column":52},"end":{"line":93,"column":67}},"30":{"start":{"line":94,"column":50},"end":{"line":94,"column":62}},"31":{"start":{"line":95,"column":44},"end":{"line":95,"column":56}},"32":{"start":{"line":96,"column":56},"end":{"line":96,"column":67}},"33":{"start":{"line":97,"column":62},"end":{"line":97,"column":77}},"34":{"start":{"line":98,"column":58},"end":{"line":98,"column":73}},"35":{"start":{"line":99,"column":54},"end":{"line":99,"column":66}},"36":{"start":{"line":104,"column":25},"end":{"line":117,"column":3}},"37":{"start":{"line":105,"column":4},"end":{"line":116,"column":5}},"38":{"start":{"line":106,"column":27},"end":{"line":106,"column":137}},"39":{"start":{"line":107,"column":23},"end":{"line":107,"column":95}},"40":{"start":{"line":108,"column":6},"end":{"line":110,"column":7}},"41":{"start":{"line":109,"column":8},"end":{"line":109,"column":52}},"42":{"start":{"line":111,"column":19},"end":{"line":111,"column":40}},"43":{"start":{"line":112,"column":6},"end":{"line":112,"column":31}},"44":{"start":{"line":114,"column":6},"end":{"line":114,"column":53}},"45":{"start":{"line":115,"column":6},"end":{"line":115,"column":29}},"46":{"start":{"line":119,"column":29},"end":{"line":154,"column":3}},"47":{"start":{"line":120,"column":4},"end":{"line":120,"column":84}},"48":{"start":{"line":120,"column":78},"end":{"line":120,"column":84}},"49":{"start":{"line":122,"column":22},"end":{"line":122,"column":62}},"50":{"start":{"line":123,"column":4},"end":{"line":123,"column":26}},"51":{"start":{"line":123,"column":20},"end":{"line":123,"column":26}},"52":{"start":{"line":125,"column":4},"end":{"line":125,"column":33}},"53":{"start":{"line":126,"column":4},"end":{"line":126,"column":29}},"54":{"start":{"line":128,"column":4},"end":{"line":153,"column":5}},"55":{"start":{"line":129,"column":26},"end":{"line":129,"column":47}},"56":{"start":{"line":130,"column":6},"end":{"line":130,"column":53}},"57":{"start":{"line":131,"column":6},"end":{"line":131,"column":48}},"58":{"start":{"line":132,"column":6},"end":{"line":134,"column":7}},"59":{"start":{"line":133,"column":8},"end":{"line":133,"column":55}},"60":{"start":{"line":136,"column":23},"end":{"line":136,"column":97}},"61":{"start":{"line":137,"column":6},"end":{"line":139,"column":7}},"62":{"start":{"line":138,"column":8},"end":{"line":138,"column":56}},"63":{"start":{"line":141,"column":19},"end":{"line":141,"column":40}},"64":{"start":{"line":142,"column":6},"end":{"line":142,"column":28}},"65":{"start":{"line":143,"column":6},"end":{"line":143,"column":84}},"66":{"start":{"line":143,"column":57},"end":{"line":143,"column":75}},"67":{"start":{"line":144,"column":6},"end":{"line":144,"column":17}},"68":{"start":{"line":146,"column":6},"end":{"line":146,"column":57}},"69":{"start":{"line":147,"column":6},"end":{"line":147,"column":26}},"70":{"start":{"line":148,"column":6},"end":{"line":148,"column":31}},"71":{"start":{"line":149,"column":6},"end":{"line":149,"column":40}},"72":{"start":{"line":150,"column":6},"end":{"line":150,"column":15}},"73":{"start":{"line":152,"column":6},"end":{"line":152,"column":36}},"74":{"start":{"line":156,"column":32},"end":{"line":182,"column":3}},"75":{"start":{"line":157,"column":4},"end":{"line":157,"column":21}},"76":{"start":{"line":157,"column":15},"end":{"line":157,"column":21}},"77":{"start":{"line":158,"column":22},"end":{"line":158,"column":62}},"78":{"start":{"line":159,"column":4},"end":{"line":159,"column":26}},"79":{"start":{"line":159,"column":20},"end":{"line":159,"column":26}},"80":{"start":{"line":161,"column":4},"end":{"line":181,"column":5}},"81":{"start":{"line":162,"column":26},"end":{"line":162,"column":47}},"82":{"start":{"line":163,"column":6},"end":{"line":163,"column":53}},"83":{"start":{"line":164,"column":6},"end":{"line":164,"column":48}},"84":{"start":{"line":165,"column":6},"end":{"line":167,"column":7}},"85":{"start":{"line":166,"column":8},"end":{"line":166,"column":55}},"86":{"start":{"line":169,"column":23},"end":{"line":171,"column":8}},"87":{"start":{"line":173,"column":6},"end":{"line":175,"column":7}},"88":{"start":{"line":174,"column":8},"end":{"line":174,"column":63}},"89":{"start":{"line":177,"column":6},"end":{"line":177,"column":91}},"90":{"start":{"line":177,"column":31},"end":{"line":177,"column":90}},"91":{"start":{"line":177,"column":57},"end":{"line":177,"column":88}},"92":{"start":{"line":178,"column":6},"end":{"line":178,"column":31}},"93":{"start":{"line":180,"column":6},"end":{"line":180,"column":61}},"94":{"start":{"line":184,"column":35},"end":{"line":190,"column":3}},"95":{"start":{"line":185,"column":30},"end":{"line":185,"column":56}},"96":{"start":{"line":186,"column":4},"end":{"line":186,"column":35}},"97":{"start":{"line":187,"column":4},"end":{"line":189,"column":5}},"98":{"start":{"line":187,"column":47},"end":{"line":187,"column":65}},"99":{"start":{"line":188,"column":6},"end":{"line":188,"column":35}},"100":{"start":{"line":192,"column":28},"end":{"line":263,"column":3}},"101":{"start":{"line":193,"column":4},"end":{"line":193,"column":22}},"102":{"start":{"line":194,"column":4},"end":{"line":194,"column":16}},"103":{"start":{"line":195,"column":4},"end":{"line":195,"column":18}},"104":{"start":{"line":197,"column":4},"end":{"line":201,"column":5}},"105":{"start":{"line":199,"column":6},"end":{"line":199,"column":37}},"106":{"start":{"line":200,"column":6},"end":{"line":200,"column":12}},"107":{"start":{"line":203,"column":4},"end":{"line":203,"column":20}},"108":{"start":{"line":204,"column":4},"end":{"line":208,"column":5}},"109":{"start":{"line":205,"column":4},"end":{"line":205,"column":33}},"110":{"start":{"line":206,"column":4},"end":{"line":206,"column":21}},"111":{"start":{"line":207,"column":4},"end":{"line":207,"column":10}},"112":{"start":{"line":210,"column":29},"end":{"line":210,"column":50}},"113":{"start":{"line":211,"column":31},"end":{"line":211,"column":51}},"114":{"start":{"line":212,"column":4},"end":{"line":262,"column":5}},"115":{"start":{"line":213,"column":23},"end":{"line":228,"column":8}},"116":{"start":{"line":230,"column":6},"end":{"line":233,"column":7}},"117":{"start":{"line":231,"column":26},"end":{"line":231,"column":47}},"118":{"start":{"line":232,"column":8},"end":{"line":232,"column":70}},"119":{"start":{"line":235,"column":6},"end":{"line":235,"column":39}},"120":{"start":{"line":236,"column":6},"end":{"line":244,"column":8}},"121":{"start":{"line":246,"column":6},"end":{"line":251,"column":7}},"122":{"start":{"line":247,"column":8},"end":{"line":247,"column":53}},"123":{"start":{"line":248,"column":8},"end":{"line":248,"column":33}},"124":{"start":{"line":250,"column":6},"end":{"line":250,"column":56}},"125":{"start":{"line":253,"column":6},"end":{"line":253,"column":33}},"126":{"start":{"line":255,"column":6},"end":{"line":259,"column":7}},"127":{"start":{"line":256,"column":8},"end":{"line":256,"column":63}},"128":{"start":{"line":258,"column":8},"end":{"line":258,"column":29}},"129":{"start":{"line":261,"column":6},"end":{"line":261,"column":23}},"130":{"start":{"line":267,"column":31},"end":{"line":273,"column":3}},"131":{"start":{"line":268,"column":43},"end":{"line":268,"column":51}},"132":{"start":{"line":269,"column":4},"end":{"line":272,"column":7}},"133":{"start":{"line":269,"column":29},"end":{"line":272,"column":5}},"134":{"start":{"line":275,"column":2},"end":{"line":299,"column":23}},"135":{"start":{"line":276,"column":4},"end":{"line":276,"column":21}},"136":{"start":{"line":276,"column":15},"end":{"line":276,"column":21}},"137":{"start":{"line":278,"column":4},"end":{"line":280,"column":5}},"138":{"start":{"line":279,"column":6},"end":{"line":279,"column":21}},"139":{"start":{"line":281,"column":4},"end":{"line":281,"column":19}},"140":{"start":{"line":283,"column":4},"end":{"line":297,"column":5}},"141":{"start":{"line":284,"column":6},"end":{"line":296,"column":7}},"142":{"start":{"line":286,"column":8},"end":{"line":286,"column":37}},"143":{"start":{"line":287,"column":8},"end":{"line":287,"column":41}},"144":{"start":{"line":288,"column":13},"end":{"line":296,"column":7}},"145":{"start":{"line":290,"column":8},"end":{"line":293,"column":9}},"146":{"start":{"line":291,"column":10},"end":{"line":291,"column":42}},"147":{"start":{"line":292,"column":10},"end":{"line":292,"column":46}},"148":{"start":{"line":295,"column":8},"end":{"line":295,"column":26}},"149":{"start":{"line":301,"column":2},"end":{"line":306,"column":36}},"150":{"start":{"line":302,"column":4},"end":{"line":302,"column":84}},"151":{"start":{"line":302,"column":78},"end":{"line":302,"column":84}},"152":{"start":{"line":304,"column":4},"end":{"line":304,"column":24}},"153":{"start":{"line":308,"column":28},"end":{"line":313,"column":3}},"154":{"start":{"line":309,"column":4},"end":{"line":309,"column":51}},"155":{"start":{"line":309,"column":20},"end":{"line":309,"column":51}},"156":{"start":{"line":310,"column":17},"end":{"line":310,"column":36}},"157":{"start":{"line":311,"column":4},"end":{"line":311,"column":78}},"158":{"start":{"line":311,"column":38},"end":{"line":311,"column":78}},"159":{"start":{"line":312,"column":4},"end":{"line":312,"column":15}},"160":{"start":{"line":315,"column":27},"end":{"line":334,"column":3}},"161":{"start":{"line":316,"column":4},"end":{"line":318,"column":5}},"162":{"start":{"line":317,"column":6},"end":{"line":317,"column":39}},"163":{"start":{"line":319,"column":4},"end":{"line":321,"column":5}},"164":{"start":{"line":320,"column":6},"end":{"line":320,"column":37}},"165":{"start":{"line":322,"column":27},"end":{"line":322,"column":64}},"166":{"start":{"line":323,"column":4},"end":{"line":323,"column":45}},"167":{"start":{"line":323,"column":24},"end":{"line":323,"column":45}},"168":{"start":{"line":324,"column":4},"end":{"line":326,"column":5}},"169":{"start":{"line":325,"column":6},"end":{"line":325,"column":60}},"170":{"start":{"line":327,"column":4},"end":{"line":329,"column":5}},"171":{"start":{"line":328,"column":6},"end":{"line":328,"column":47}},"172":{"start":{"line":330,"column":4},"end":{"line":332,"column":5}},"173":{"start":{"line":331,"column":6},"end":{"line":331,"column":36}},"174":{"start":{"line":333,"column":4},"end":{"line":333,"column":15}},"175":{"start":{"line":336,"column":19},"end":{"line":342,"column":3}},"176":{"start":{"line":337,"column":25},"end":{"line":337,"column":79}},"177":{"start":{"line":337,"column":67},"end":{"line":337,"column":78}},"178":{"start":{"line":338,"column":4},"end":{"line":340,"column":5}},"179":{"start":{"line":339,"column":6},"end":{"line":339,"column":41}},"180":{"start":{"line":339,"column":29},"end":{"line":339,"column":41}},"181":{"start":{"line":341,"column":4},"end":{"line":341,"column":14}},"182":{"start":{"line":344,"column":18},"end":{"line":361,"column":3}},"183":{"start":{"line":345,"column":4},"end":{"line":345,"column":39}},"184":{"start":{"line":345,"column":29},"end":{"line":345,"column":39}},"185":{"start":{"line":347,"column":22},"end":{"line":347,"column":24}},"186":{"start":{"line":348,"column":4},"end":{"line":354,"column":6}},"187":{"start":{"line":349,"column":6},"end":{"line":353,"column":8}},"188":{"start":{"line":350,"column":8},"end":{"line":352,"column":9}},"189":{"start":{"line":351,"column":10},"end":{"line":351,"column":37}},"190":{"start":{"line":356,"column":4},"end":{"line":356,"column":42}},"191":{"start":{"line":356,"column":32},"end":{"line":356,"column":42}},"192":{"start":{"line":358,"column":4},"end":{"line":358,"column":35}},"193":{"start":{"line":358,"column":29},"end":{"line":358,"column":34}},"194":{"start":{"line":359,"column":17},"end":{"line":359,"column":45}},"195":{"start":{"line":360,"column":4},"end":{"line":360,"column":40}},"196":{"start":{"line":363,"column":33},"end":{"line":368,"column":3}},"197":{"start":{"line":364,"column":4},"end":{"line":367,"column":7}},"198":{"start":{"line":364,"column":27},"end":{"line":367,"column":5}},"199":{"start":{"line":370,"column":21},"end":{"line":377,"column":3}},"200":{"start":{"line":371,"column":4},"end":{"line":376,"column":5}},"201":{"start":{"line":372,"column":6},"end":{"line":372,"column":64}},"202":{"start":{"line":374,"column":6},"end":{"line":374,"column":27}},"203":{"start":{"line":375,"column":6},"end":{"line":375,"column":29}},"204":{"start":{"line":379,"column":27},"end":{"line":398,"column":3}},"205":{"start":{"line":380,"column":4},"end":{"line":380,"column":34}},"206":{"start":{"line":380,"column":28},"end":{"line":380,"column":34}},"207":{"start":{"line":381,"column":4},"end":{"line":397,"column":5}},"208":{"start":{"line":382,"column":23},"end":{"line":388,"column":8}},"209":{"start":{"line":389,"column":6},"end":{"line":392,"column":7}},"210":{"start":{"line":390,"column":26},"end":{"line":390,"column":47}},"211":{"start":{"line":391,"column":8},"end":{"line":391,"column":42}},"212":{"start":{"line":393,"column":6},"end":{"line":393,"column":23}},"213":{"start":{"line":394,"column":6},"end":{"line":394,"column":21}},"214":{"start":{"line":396,"column":6},"end":{"line":396,"column":51}},"215":{"start":{"line":400,"column":30},"end":{"line":414,"column":3}},"216":{"start":{"line":401,"column":4},"end":{"line":401,"column":58}},"217":{"start":{"line":401,"column":52},"end":{"line":401,"column":58}},"218":{"start":{"line":402,"column":4},"end":{"line":413,"column":5}},"219":{"start":{"line":403,"column":23},"end":{"line":405,"column":8}},"220":{"start":{"line":406,"column":6},"end":{"line":409,"column":7}},"221":{"start":{"line":407,"column":26},"end":{"line":407,"column":47}},"222":{"start":{"line":408,"column":8},"end":{"line":408,"column":42}},"223":{"start":{"line":410,"column":6},"end":{"line":410,"column":21}},"224":{"start":{"line":412,"column":6},"end":{"line":412,"column":53}},"225":{"start":{"line":416,"column":28},"end":{"line":452,"column":3}},"226":{"start":{"line":417,"column":4},"end":{"line":417,"column":26}},"227":{"start":{"line":418,"column":4},"end":{"line":418,"column":22}},"228":{"start":{"line":419,"column":4},"end":{"line":419,"column":24}},"229":{"start":{"line":420,"column":4},"end":{"line":420,"column":16}},"230":{"start":{"line":421,"column":4},"end":{"line":421,"column":18}},"231":{"start":{"line":422,"column":4},"end":{"line":422,"column":24}},"232":{"start":{"line":423,"column":4},"end":{"line":423,"column":21}},"233":{"start":{"line":424,"column":4},"end":{"line":424,"column":22}},"234":{"start":{"line":425,"column":4},"end":{"line":425,"column":27}},"235":{"start":{"line":426,"column":4},"end":{"line":426,"column":30}},"236":{"start":{"line":427,"column":4},"end":{"line":427,"column":28}},"237":{"start":{"line":428,"column":4},"end":{"line":428,"column":33}},"238":{"start":{"line":429,"column":4},"end":{"line":429,"column":33}},"239":{"start":{"line":430,"column":4},"end":{"line":430,"column":27}},"240":{"start":{"line":431,"column":4},"end":{"line":431,"column":31}},"241":{"start":{"line":432,"column":4},"end":{"line":432,"column":36}},"242":{"start":{"line":433,"column":4},"end":{"line":433,"column":27}},"243":{"start":{"line":434,"column":4},"end":{"line":442,"column":6}},"244":{"start":{"line":443,"column":4},"end":{"line":443,"column":24}},"245":{"start":{"line":444,"column":4},"end":{"line":444,"column":29}},"246":{"start":{"line":445,"column":4},"end":{"line":445,"column":34}},"247":{"start":{"line":446,"column":4},"end":{"line":446,"column":29}},"248":{"start":{"line":447,"column":4},"end":{"line":447,"column":78}},"249":{"start":{"line":448,"column":4},"end":{"line":448,"column":85}},"250":{"start":{"line":449,"column":4},"end":{"line":449,"column":90}},"251":{"start":{"line":450,"column":4},"end":{"line":450,"column":78}},"252":{"start":{"line":451,"column":4},"end":{"line":451,"column":21}},"253":{"start":{"line":454,"column":23},"end":{"line":498,"column":3}},"254":{"start":{"line":455,"column":23},"end":{"line":455,"column":42}},"255":{"start":{"line":456,"column":4},"end":{"line":459,"column":5}},"256":{"start":{"line":457,"column":6},"end":{"line":457,"column":45}},"257":{"start":{"line":458,"column":6},"end":{"line":458,"column":12}},"258":{"start":{"line":461,"column":4},"end":{"line":461,"column":20}},"259":{"start":{"line":462,"column":4},"end":{"line":462,"column":16}},"260":{"start":{"line":463,"column":4},"end":{"line":463,"column":24}},"261":{"start":{"line":464,"column":4},"end":{"line":464,"column":30}},"262":{"start":{"line":466,"column":4},"end":{"line":497,"column":5}},"263":{"start":{"line":467,"column":23},"end":{"line":467,"column":141}},"264":{"start":{"line":469,"column":6},"end":{"line":471,"column":7}},"265":{"start":{"line":470,"column":8},"end":{"line":470,"column":60}},"266":{"start":{"line":472,"column":6},"end":{"line":475,"column":7}},"267":{"start":{"line":473,"column":26},"end":{"line":473,"column":47}},"268":{"start":{"line":474,"column":8},"end":{"line":474,"column":80}},"269":{"start":{"line":477,"column":19},"end":{"line":477,"column":40}},"270":{"start":{"line":478,"column":6},"end":{"line":478,"column":26}},"271":{"start":{"line":479,"column":6},"end":{"line":479,"column":18}},"272":{"start":{"line":480,"column":6},"end":{"line":480,"column":36}},"273":{"start":{"line":482,"column":6},"end":{"line":484,"column":7}},"274":{"start":{"line":483,"column":8},"end":{"line":483,"column":44}},"275":{"start":{"line":487,"column":6},"end":{"line":487,"column":24}},"276":{"start":{"line":489,"column":6},"end":{"line":493,"column":7}},"277":{"start":{"line":490,"column":8},"end":{"line":490,"column":102}},"278":{"start":{"line":492,"column":8},"end":{"line":492,"column":29}},"279":{"start":{"line":494,"column":6},"end":{"line":494,"column":26}},"280":{"start":{"line":496,"column":6},"end":{"line":496,"column":23}},"281":{"start":{"line":500,"column":27},"end":{"line":519,"column":3}},"282":{"start":{"line":501,"column":4},"end":{"line":501,"column":31}},"283":{"start":{"line":502,"column":4},"end":{"line":502,"column":27}},"284":{"start":{"line":503,"column":4},"end":{"line":518,"column":5}},"285":{"start":{"line":504,"column":23},"end":{"line":504,"column":61}},"286":{"start":{"line":505,"column":6},"end":{"line":507,"column":7}},"287":{"start":{"line":506,"column":8},"end":{"line":506,"column":55}},"288":{"start":{"line":508,"column":19},"end":{"line":508,"column":40}},"289":{"start":{"line":509,"column":6},"end":{"line":509,"column":26}},"290":{"start":{"line":510,"column":6},"end":{"line":510,"column":29}},"291":{"start":{"line":512,"column":6},"end":{"line":512,"column":56}},"292":{"start":{"line":513,"column":6},"end":{"line":513,"column":72}},"293":{"start":{"line":514,"column":6},"end":{"line":514,"column":24}},"294":{"start":{"line":516,"column":6},"end":{"line":516,"column":34}},"295":{"start":{"line":521,"column":24},"end":{"line":532,"column":3}},"296":{"start":{"line":522,"column":4},"end":{"line":531,"column":5}},"297":{"start":{"line":523,"column":23},"end":{"line":523,"column":66}},"298":{"start":{"line":524,"column":6},"end":{"line":526,"column":7}},"299":{"start":{"line":525,"column":8},"end":{"line":525,"column":51}},"300":{"start":{"line":527,"column":19},"end":{"line":527,"column":40}},"301":{"start":{"line":528,"column":6},"end":{"line":528,"column":23}},"302":{"start":{"line":530,"column":6},"end":{"line":530,"column":52}},"303":{"start":{"line":534,"column":27},"end":{"line":549,"column":3}},"304":{"start":{"line":535,"column":43},"end":{"line":535,"column":51}},"305":{"start":{"line":536,"column":4},"end":{"line":548,"column":5}},"306":{"start":{"line":537,"column":6},"end":{"line":542,"column":9}},"307":{"start":{"line":537,"column":27},"end":{"line":542,"column":7}},"308":{"start":{"line":541,"column":37},"end":{"line":541,"column":48}},"309":{"start":{"line":544,"column":6},"end":{"line":547,"column":9}},"310":{"start":{"line":544,"column":27},"end":{"line":547,"column":7}},"311":{"start":{"line":551,"column":28},"end":{"line":557,"column":3}},"312":{"start":{"line":552,"column":28},"end":{"line":552,"column":36}},"313":{"start":{"line":553,"column":4},"end":{"line":556,"column":7}},"314":{"start":{"line":553,"column":26},"end":{"line":556,"column":5}},"315":{"start":{"line":559,"column":25},"end":{"line":610,"column":3}},"316":{"start":{"line":560,"column":4},"end":{"line":560,"column":22}},"317":{"start":{"line":561,"column":4},"end":{"line":561,"column":16}},"318":{"start":{"line":562,"column":4},"end":{"line":562,"column":18}},"319":{"start":{"line":564,"column":4},"end":{"line":567,"column":5}},"320":{"start":{"line":565,"column":6},"end":{"line":565,"column":37}},"321":{"start":{"line":566,"column":6},"end":{"line":566,"column":12}},"322":{"start":{"line":568,"column":4},"end":{"line":571,"column":5}},"323":{"start":{"line":569,"column":6},"end":{"line":569,"column":49}},"324":{"start":{"line":570,"column":6},"end":{"line":570,"column":12}},"325":{"start":{"line":573,"column":4},"end":{"line":573,"column":20}},"326":{"start":{"line":574,"column":4},"end":{"line":609,"column":5}},"327":{"start":{"line":575,"column":23},"end":{"line":587,"column":8}},"328":{"start":{"line":589,"column":6},"end":{"line":592,"column":7}},"329":{"start":{"line":590,"column":26},"end":{"line":590,"column":47}},"330":{"start":{"line":591,"column":8},"end":{"line":591,"column":67}},"331":{"start":{"line":594,"column":6},"end":{"line":594,"column":70}},"332":{"start":{"line":595,"column":6},"end":{"line":595,"column":87}},"333":{"start":{"line":598,"column":6},"end":{"line":598,"column":53}},"334":{"start":{"line":599,"column":6},"end":{"line":599,"column":31}},"335":{"start":{"line":600,"column":6},"end":{"line":600,"column":30}},"336":{"start":{"line":602,"column":6},"end":{"line":606,"column":7}},"337":{"start":{"line":603,"column":8},"end":{"line":603,"column":63}},"338":{"start":{"line":605,"column":8},"end":{"line":605,"column":29}},"339":{"start":{"line":608,"column":6},"end":{"line":608,"column":23}},"340":{"start":{"line":612,"column":33},"end":{"line":618,"column":3}},"341":{"start":{"line":613,"column":28},"end":{"line":613,"column":36}},"342":{"start":{"line":614,"column":4},"end":{"line":617,"column":7}},"343":{"start":{"line":614,"column":31},"end":{"line":617,"column":5}},"344":{"start":{"line":620,"column":30},"end":{"line":665,"column":3}},"345":{"start":{"line":621,"column":4},"end":{"line":621,"column":22}},"346":{"start":{"line":622,"column":4},"end":{"line":622,"column":16}},"347":{"start":{"line":623,"column":4},"end":{"line":623,"column":18}},"348":{"start":{"line":625,"column":4},"end":{"line":628,"column":5}},"349":{"start":{"line":626,"column":6},"end":{"line":626,"column":34}},"350":{"start":{"line":627,"column":6},"end":{"line":627,"column":12}},"351":{"start":{"line":630,"column":4},"end":{"line":630,"column":20}},"352":{"start":{"line":631,"column":4},"end":{"line":664,"column":5}},"353":{"start":{"line":632,"column":23},"end":{"line":642,"column":8}},"354":{"start":{"line":644,"column":6},"end":{"line":647,"column":7}},"355":{"start":{"line":645,"column":26},"end":{"line":645,"column":47}},"356":{"start":{"line":646,"column":8},"end":{"line":646,"column":72}},"357":{"start":{"line":649,"column":6},"end":{"line":649,"column":77}},"358":{"start":{"line":650,"column":6},"end":{"line":650,"column":92}},"359":{"start":{"line":653,"column":6},"end":{"line":653,"column":53}},"360":{"start":{"line":654,"column":6},"end":{"line":654,"column":31}},"361":{"start":{"line":655,"column":6},"end":{"line":655,"column":35}},"362":{"start":{"line":657,"column":6},"end":{"line":661,"column":7}},"363":{"start":{"line":658,"column":8},"end":{"line":658,"column":63}},"364":{"start":{"line":660,"column":8},"end":{"line":660,"column":29}},"365":{"start":{"line":663,"column":6},"end":{"line":663,"column":23}},"366":{"start":{"line":667,"column":27},"end":{"line":682,"column":3}},"367":{"start":{"line":668,"column":43},"end":{"line":668,"column":51}},"368":{"start":{"line":669,"column":4},"end":{"line":681,"column":5}},"369":{"start":{"line":670,"column":6},"end":{"line":675,"column":9}},"370":{"start":{"line":670,"column":27},"end":{"line":675,"column":7}},"371":{"start":{"line":674,"column":37},"end":{"line":674,"column":48}},"372":{"start":{"line":677,"column":6},"end":{"line":680,"column":9}},"373":{"start":{"line":677,"column":27},"end":{"line":680,"column":7}},"374":{"start":{"line":684,"column":30},"end":{"line":750,"column":3}},"375":{"start":{"line":685,"column":4},"end":{"line":685,"column":22}},"376":{"start":{"line":686,"column":4},"end":{"line":686,"column":16}},"377":{"start":{"line":687,"column":4},"end":{"line":687,"column":18}},"378":{"start":{"line":689,"column":4},"end":{"line":692,"column":5}},"379":{"start":{"line":690,"column":6},"end":{"line":690,"column":42}},"380":{"start":{"line":691,"column":6},"end":{"line":691,"column":12}},"381":{"start":{"line":693,"column":4},"end":{"line":696,"column":5}},"382":{"start":{"line":694,"column":6},"end":{"line":694,"column":33}},"383":{"start":{"line":695,"column":6},"end":{"line":695,"column":12}},"384":{"start":{"line":697,"column":19},"end":{"line":697,"column":48}},"385":{"start":{"line":698,"column":4},"end":{"line":701,"column":5}},"386":{"start":{"line":699,"column":6},"end":{"line":699,"column":38}},"387":{"start":{"line":700,"column":6},"end":{"line":700,"column":12}},"388":{"start":{"line":702,"column":4},"end":{"line":705,"column":5}},"389":{"start":{"line":703,"column":6},"end":{"line":703,"column":47}},"390":{"start":{"line":704,"column":6},"end":{"line":704,"column":12}},"391":{"start":{"line":706,"column":4},"end":{"line":709,"column":5}},"392":{"start":{"line":707,"column":6},"end":{"line":707,"column":50}},"393":{"start":{"line":708,"column":6},"end":{"line":708,"column":12}},"394":{"start":{"line":710,"column":4},"end":{"line":713,"column":5}},"395":{"start":{"line":711,"column":6},"end":{"line":711,"column":39}},"396":{"start":{"line":712,"column":6},"end":{"line":712,"column":12}},"397":{"start":{"line":715,"column":4},"end":{"line":715,"column":20}},"398":{"start":{"line":716,"column":4},"end":{"line":749,"column":5}},"399":{"start":{"line":717,"column":23},"end":{"line":728,"column":8}},"400":{"start":{"line":730,"column":6},"end":{"line":733,"column":7}},"401":{"start":{"line":731,"column":26},"end":{"line":731,"column":47}},"402":{"start":{"line":732,"column":8},"end":{"line":732,"column":72}},"403":{"start":{"line":735,"column":6},"end":{"line":735,"column":68}},"404":{"start":{"line":738,"column":6},"end":{"line":738,"column":50}},"405":{"start":{"line":739,"column":6},"end":{"line":739,"column":31}},"406":{"start":{"line":740,"column":6},"end":{"line":740,"column":29}},"407":{"start":{"line":742,"column":6},"end":{"line":746,"column":7}},"408":{"start":{"line":743,"column":8},"end":{"line":743,"column":63}},"409":{"start":{"line":745,"column":8},"end":{"line":745,"column":29}},"410":{"start":{"line":748,"column":6},"end":{"line":748,"column":23}},"411":{"start":{"line":752,"column":24},"end":{"line":761,"column":3}},"412":{"start":{"line":753,"column":4},"end":{"line":759,"column":6}},"413":{"start":{"line":760,"column":4},"end":{"line":760,"column":26}},"414":{"start":{"line":763,"column":32},"end":{"line":812,"column":3}},"415":{"start":{"line":764,"column":4},"end":{"line":764,"column":22}},"416":{"start":{"line":765,"column":4},"end":{"line":765,"column":16}},"417":{"start":{"line":766,"column":4},"end":{"line":766,"column":18}},"418":{"start":{"line":768,"column":28},"end":{"line":768,"column":46}},"419":{"start":{"line":769,"column":4},"end":{"line":772,"column":5}},"420":{"start":{"line":770,"column":6},"end":{"line":770,"column":31}},"421":{"start":{"line":771,"column":6},"end":{"line":771,"column":12}},"422":{"start":{"line":774,"column":4},"end":{"line":774,"column":20}},"423":{"start":{"line":775,"column":4},"end":{"line":811,"column":5}},"424":{"start":{"line":776,"column":23},"end":{"line":788,"column":8}},"425":{"start":{"line":790,"column":6},"end":{"line":793,"column":7}},"426":{"start":{"line":791,"column":26},"end":{"line":791,"column":47}},"427":{"start":{"line":792,"column":8},"end":{"line":792,"column":66}},"428":{"start":{"line":795,"column":6},"end":{"line":797,"column":7}},"429":{"start":{"line":796,"column":8},"end":{"line":796,"column":59}},"430":{"start":{"line":799,"column":25},"end":{"line":799,"column":46}},"431":{"start":{"line":800,"column":6},"end":{"line":800,"column":73}},"432":{"start":{"line":801,"column":6},"end":{"line":801,"column":80}},"433":{"start":{"line":802,"column":6},"end":{"line":802,"column":18}},"434":{"start":{"line":804,"column":6},"end":{"line":808,"column":7}},"435":{"start":{"line":805,"column":8},"end":{"line":805,"column":102}},"436":{"start":{"line":807,"column":8},"end":{"line":807,"column":29}},"437":{"start":{"line":810,"column":6},"end":{"line":810,"column":23}},"438":{"start":{"line":814,"column":22},"end":{"line":818,"column":3}},"439":{"start":{"line":815,"column":4},"end":{"line":815,"column":23}},"440":{"start":{"line":816,"column":4},"end":{"line":816,"column":21}},"441":{"start":{"line":817,"column":4},"end":{"line":817,"column":23}},"442":{"start":{"line":820,"column":2},"end":{"line":822,"column":3}},"443":{"start":{"line":821,"column":4},"end":{"line":821,"column":42}},"444":{"start":{"line":824,"column":2},"end":{"line":1729,"column":3}},"445":{"start":{"line":857,"column":35},"end":{"line":857,"column":55}},"446":{"start":{"line":857,"column":56},"end":{"line":857,"column":77}},"447":{"start":{"line":857,"column":78},"end":{"line":857,"column":92}},"448":{"start":{"line":862,"column":25},"end":{"line":862,"column":47}},"449":{"start":{"line":878,"column":27},"end":{"line":878,"column":51}},"450":{"start":{"line":895,"column":27},"end":{"line":895,"column":51}},"451":{"start":{"line":912,"column":27},"end":{"line":912,"column":51}},"452":{"start":{"line":936,"column":33},"end":{"line":936,"column":63}},"453":{"start":{"line":943,"column":33},"end":{"line":943,"column":65}},"454":{"start":{"line":946,"column":39},"end":{"line":946,"column":54}},"455":{"start":{"line":946,"column":55},"end":{"line":946,"column":81}},"456":{"start":{"line":968,"column":20},"end":{"line":979,"column":25}},"457":{"start":{"line":969,"column":22},"end":{"line":969,"column":50}},"458":{"start":{"line":970,"column":22},"end":{"line":970,"column":54}},"459":{"start":{"line":972,"column":22},"end":{"line":976,"column":23}},"460":{"start":{"line":973,"column":24},"end":{"line":973,"column":42}},"461":{"start":{"line":974,"column":24},"end":{"line":974,"column":52}},"462":{"start":{"line":975,"column":24},"end":{"line":975,"column":56}},"463":{"start":{"line":993,"column":39},"end":{"line":993,"column":65}},"464":{"start":{"line":1000,"column":78},"end":{"line":1000,"column":106}},"465":{"start":{"line":1007,"column":24},"end":{"line":1007,"column":82}},"466":{"start":{"line":1013,"column":80},"end":{"line":1013,"column":103}},"467":{"start":{"line":1013,"column":295},"end":{"line":1013,"column":323}},"468":{"start":{"line":1024,"column":64},"end":{"line":1024,"column":75}},"469":{"start":{"line":1025,"column":24},"end":{"line":1028,"column":29}},"470":{"start":{"line":1035,"column":41},"end":{"line":1055,"column":22}},"471":{"start":{"line":1037,"column":22},"end":{"line":1049,"column":23}},"472":{"start":{"line":1038,"column":24},"end":{"line":1038,"column":52}},"473":{"start":{"line":1039,"column":24},"end":{"line":1039,"column":52}},"474":{"start":{"line":1040,"column":29},"end":{"line":1049,"column":23}},"475":{"start":{"line":1041,"column":24},"end":{"line":1041,"column":41}},"476":{"start":{"line":1042,"column":24},"end":{"line":1042,"column":41}},"477":{"start":{"line":1043,"column":29},"end":{"line":1049,"column":23}},"478":{"start":{"line":1044,"column":24},"end":{"line":1044,"column":39}},"479":{"start":{"line":1045,"column":24},"end":{"line":1045,"column":39}},"480":{"start":{"line":1046,"column":29},"end":{"line":1049,"column":23}},"481":{"start":{"line":1047,"column":24},"end":{"line":1047,"column":49}},"482":{"start":{"line":1048,"column":24},"end":{"line":1048,"column":49}},"483":{"start":{"line":1050,"column":22},"end":{"line":1054,"column":23}},"484":{"start":{"line":1051,"column":24},"end":{"line":1051,"column":70}},"485":{"start":{"line":1053,"column":24},"end":{"line":1053,"column":70}},"486":{"start":{"line":1056,"column":20},"end":{"line":1089,"column":22}},"487":{"start":{"line":1060,"column":47},"end":{"line":1060,"column":65}},"488":{"start":{"line":1061,"column":30},"end":{"line":1064,"column":31}},"489":{"start":{"line":1062,"column":32},"end":{"line":1062,"column":50}},"490":{"start":{"line":1063,"column":32},"end":{"line":1063,"column":50}},"491":{"start":{"line":1066,"column":47},"end":{"line":1066,"column":68}},"492":{"start":{"line":1067,"column":30},"end":{"line":1070,"column":31}},"493":{"start":{"line":1068,"column":32},"end":{"line":1068,"column":50}},"494":{"start":{"line":1069,"column":32},"end":{"line":1069,"column":53}},"495":{"start":{"line":1079,"column":28},"end":{"line":1085,"column":33}},"496":{"start":{"line":1099,"column":22},"end":{"line":1099,"column":84}},"497":{"start":{"line":1109,"column":96},"end":{"line":1109,"column":122}},"498":{"start":{"line":1113,"column":24},"end":{"line":1151,"column":30}},"499":{"start":{"line":1165,"column":35},"end":{"line":1165,"column":59}},"500":{"start":{"line":1178,"column":20},"end":{"line":1178,"column":64}},"501":{"start":{"line":1243,"column":35},"end":{"line":1243,"column":64}},"502":{"start":{"line":1246,"column":56},"end":{"line":1246,"column":67}},"503":{"start":{"line":1247,"column":16},"end":{"line":1258,"column":22}},"504":{"start":{"line":1252,"column":37},"end":{"line":1252,"column":82}},"505":{"start":{"line":1262,"column":29},"end":{"line":1262,"column":58}},"506":{"start":{"line":1282,"column":35},"end":{"line":1282,"column":64}},"507":{"start":{"line":1331,"column":35},"end":{"line":1331,"column":58}},"508":{"start":{"line":1371,"column":20},"end":{"line":1380,"column":28}},"509":{"start":{"line":1419,"column":35},"end":{"line":1419,"column":62}},"510":{"start":{"line":1514,"column":35},"end":{"line":1514,"column":67}},"511":{"start":{"line":1524,"column":18},"end":{"line":1530,"column":24}},"512":{"start":{"line":1582,"column":18},"end":{"line":1591,"column":26}},"513":{"start":{"line":1637,"column":33},"end":{"line":1637,"column":62}},"514":{"start":{"line":1648,"column":20},"end":{"line":1651,"column":25}},"515":{"start":{"line":1650,"column":45},"end":{"line":1650,"column":69}},"516":{"start":{"line":1677,"column":20},"end":{"line":1712,"column":26}}},"fnMap":{"0":{"name":"App","decl":{"start":{"line":7,"column":9},"end":{"line":7,"column":12}},"loc":{"start":{"line":7,"column":15},"end":{"line":1730,"column":1}},"line":7},"1":{"name":"(anonymous_1)","decl":{"start":{"line":104,"column":25},"end":{"line":104,"column":26}},"loc":{"start":{"line":104,"column":46},"end":{"line":117,"column":3}},"line":104},"2":{"name":"(anonymous_2)","decl":{"start":{"line":119,"column":29},"end":{"line":119,"column":30}},"loc":{"start":{"line":119,"column":41},"end":{"line":154,"column":3}},"line":119},"3":{"name":"(anonymous_3)","decl":{"start":{"line":143,"column":41},"end":{"line":143,"column":42}},"loc":{"start":{"line":143,"column":57},"end":{"line":143,"column":75}},"line":143},"4":{"name":"(anonymous_4)","decl":{"start":{"line":156,"column":32},"end":{"line":156,"column":33}},"loc":{"start":{"line":156,"column":44},"end":{"line":182,"column":3}},"line":156},"5":{"name":"(anonymous_5)","decl":{"start":{"line":177,"column":23},"end":{"line":177,"column":24}},"loc":{"start":{"line":177,"column":31},"end":{"line":177,"column":90}},"line":177},"6":{"name":"(anonymous_6)","decl":{"start":{"line":177,"column":40},"end":{"line":177,"column":41}},"loc":{"start":{"line":177,"column":57},"end":{"line":177,"column":88}},"line":177},"7":{"name":"(anonymous_7)","decl":{"start":{"line":184,"column":35},"end":{"line":184,"column":36}},"loc":{"start":{"line":184,"column":47},"end":{"line":190,"column":3}},"line":184},"8":{"name":"(anonymous_8)","decl":{"start":{"line":187,"column":31},"end":{"line":187,"column":32}},"loc":{"start":{"line":187,"column":47},"end":{"line":187,"column":65}},"line":187},"9":{"name":"(anonymous_9)","decl":{"start":{"line":192,"column":28},"end":{"line":192,"column":29}},"loc":{"start":{"line":192,"column":41},"end":{"line":263,"column":3}},"line":192},"10":{"name":"(anonymous_10)","decl":{"start":{"line":267,"column":31},"end":{"line":267,"column":32}},"loc":{"start":{"line":267,"column":38},"end":{"line":273,"column":3}},"line":267},"11":{"name":"(anonymous_11)","decl":{"start":{"line":269,"column":20},"end":{"line":269,"column":21}},"loc":{"start":{"line":269,"column":29},"end":{"line":272,"column":5}},"line":269},"12":{"name":"(anonymous_12)","decl":{"start":{"line":275,"column":12},"end":{"line":275,"column":13}},"loc":{"start":{"line":275,"column":18},"end":{"line":299,"column":3}},"line":275},"13":{"name":"(anonymous_13)","decl":{"start":{"line":301,"column":12},"end":{"line":301,"column":13}},"loc":{"start":{"line":301,"column":18},"end":{"line":306,"column":3}},"line":301},"14":{"name":"(anonymous_14)","decl":{"start":{"line":308,"column":28},"end":{"line":308,"column":29}},"loc":{"start":{"line":308,"column":43},"end":{"line":313,"column":3}},"line":308},"15":{"name":"(anonymous_15)","decl":{"start":{"line":315,"column":27},"end":{"line":315,"column":28}},"loc":{"start":{"line":315,"column":33},"end":{"line":334,"column":3}},"line":315},"16":{"name":"(anonymous_16)","decl":{"start":{"line":336,"column":19},"end":{"line":336,"column":20}},"loc":{"start":{"line":336,"column":30},"end":{"line":342,"column":3}},"line":336},"17":{"name":"(anonymous_17)","decl":{"start":{"line":337,"column":57},"end":{"line":337,"column":58}},"loc":{"start":{"line":337,"column":67},"end":{"line":337,"column":78}},"line":337},"18":{"name":"(anonymous_18)","decl":{"start":{"line":344,"column":18},"end":{"line":344,"column":19}},"loc":{"start":{"line":344,"column":38},"end":{"line":361,"column":3}},"line":344},"19":{"name":"(anonymous_19)","decl":{"start":{"line":348,"column":24},"end":{"line":348,"column":25}},"loc":{"start":{"line":348,"column":35},"end":{"line":354,"column":5}},"line":348},"20":{"name":"(anonymous_20)","decl":{"start":{"line":349,"column":29},"end":{"line":349,"column":30}},"loc":{"start":{"line":349,"column":38},"end":{"line":353,"column":7}},"line":349},"21":{"name":"(anonymous_21)","decl":{"start":{"line":358,"column":19},"end":{"line":358,"column":20}},"loc":{"start":{"line":358,"column":29},"end":{"line":358,"column":34}},"line":358},"22":{"name":"(anonymous_22)","decl":{"start":{"line":363,"column":33},"end":{"line":363,"column":34}},"loc":{"start":{"line":363,"column":51},"end":{"line":368,"column":3}},"line":363},"23":{"name":"(anonymous_23)","decl":{"start":{"line":364,"column":18},"end":{"line":364,"column":19}},"loc":{"start":{"line":364,"column":27},"end":{"line":367,"column":5}},"line":364},"24":{"name":"(anonymous_24)","decl":{"start":{"line":370,"column":21},"end":{"line":370,"column":22}},"loc":{"start":{"line":370,"column":33},"end":{"line":377,"column":3}},"line":370},"25":{"name":"(anonymous_25)","decl":{"start":{"line":379,"column":27},"end":{"line":379,"column":28}},"loc":{"start":{"line":379,"column":39},"end":{"line":398,"column":3}},"line":379},"26":{"name":"(anonymous_26)","decl":{"start":{"line":400,"column":30},"end":{"line":400,"column":31}},"loc":{"start":{"line":400,"column":53},"end":{"line":414,"column":3}},"line":400},"27":{"name":"(anonymous_27)","decl":{"start":{"line":416,"column":28},"end":{"line":416,"column":29}},"loc":{"start":{"line":416,"column":34},"end":{"line":452,"column":3}},"line":416},"28":{"name":"(anonymous_28)","decl":{"start":{"line":454,"column":23},"end":{"line":454,"column":24}},"loc":{"start":{"line":454,"column":72},"end":{"line":498,"column":3}},"line":454},"29":{"name":"(anonymous_29)","decl":{"start":{"line":500,"column":27},"end":{"line":500,"column":28}},"loc":{"start":{"line":500,"column":39},"end":{"line":519,"column":3}},"line":500},"30":{"name":"(anonymous_30)","decl":{"start":{"line":521,"column":24},"end":{"line":521,"column":25}},"loc":{"start":{"line":521,"column":36},"end":{"line":532,"column":3}},"line":521},"31":{"name":"(anonymous_31)","decl":{"start":{"line":534,"column":27},"end":{"line":534,"column":28}},"loc":{"start":{"line":534,"column":34},"end":{"line":549,"column":3}},"line":534},"32":{"name":"(anonymous_32)","decl":{"start":{"line":537,"column":18},"end":{"line":537,"column":19}},"loc":{"start":{"line":537,"column":27},"end":{"line":542,"column":7}},"line":537},"33":{"name":"(anonymous_33)","decl":{"start":{"line":541,"column":32},"end":{"line":541,"column":33}},"loc":{"start":{"line":541,"column":37},"end":{"line":541,"column":48}},"line":541},"34":{"name":"(anonymous_34)","decl":{"start":{"line":544,"column":18},"end":{"line":544,"column":19}},"loc":{"start":{"line":544,"column":27},"end":{"line":547,"column":7}},"line":544},"35":{"name":"(anonymous_35)","decl":{"start":{"line":551,"column":28},"end":{"line":551,"column":29}},"loc":{"start":{"line":551,"column":35},"end":{"line":557,"column":3}},"line":551},"36":{"name":"(anonymous_36)","decl":{"start":{"line":553,"column":17},"end":{"line":553,"column":18}},"loc":{"start":{"line":553,"column":26},"end":{"line":556,"column":5}},"line":553},"37":{"name":"(anonymous_37)","decl":{"start":{"line":559,"column":25},"end":{"line":559,"column":26}},"loc":{"start":{"line":559,"column":38},"end":{"line":610,"column":3}},"line":559},"38":{"name":"(anonymous_38)","decl":{"start":{"line":612,"column":33},"end":{"line":612,"column":34}},"loc":{"start":{"line":612,"column":40},"end":{"line":618,"column":3}},"line":612},"39":{"name":"(anonymous_39)","decl":{"start":{"line":614,"column":22},"end":{"line":614,"column":23}},"loc":{"start":{"line":614,"column":31},"end":{"line":617,"column":5}},"line":614},"40":{"name":"(anonymous_40)","decl":{"start":{"line":620,"column":30},"end":{"line":620,"column":31}},"loc":{"start":{"line":620,"column":43},"end":{"line":665,"column":3}},"line":620},"41":{"name":"(anonymous_41)","decl":{"start":{"line":667,"column":27},"end":{"line":667,"column":28}},"loc":{"start":{"line":667,"column":34},"end":{"line":682,"column":3}},"line":667},"42":{"name":"(anonymous_42)","decl":{"start":{"line":670,"column":18},"end":{"line":670,"column":19}},"loc":{"start":{"line":670,"column":27},"end":{"line":675,"column":7}},"line":670},"43":{"name":"(anonymous_43)","decl":{"start":{"line":674,"column":32},"end":{"line":674,"column":33}},"loc":{"start":{"line":674,"column":37},"end":{"line":674,"column":48}},"line":674},"44":{"name":"(anonymous_44)","decl":{"start":{"line":677,"column":18},"end":{"line":677,"column":19}},"loc":{"start":{"line":677,"column":27},"end":{"line":680,"column":7}},"line":677},"45":{"name":"(anonymous_45)","decl":{"start":{"line":684,"column":30},"end":{"line":684,"column":31}},"loc":{"start":{"line":684,"column":43},"end":{"line":750,"column":3}},"line":684},"46":{"name":"(anonymous_46)","decl":{"start":{"line":752,"column":24},"end":{"line":752,"column":25}},"loc":{"start":{"line":752,"column":30},"end":{"line":761,"column":3}},"line":752},"47":{"name":"(anonymous_47)","decl":{"start":{"line":763,"column":32},"end":{"line":763,"column":33}},"loc":{"start":{"line":763,"column":45},"end":{"line":812,"column":3}},"line":763},"48":{"name":"(anonymous_48)","decl":{"start":{"line":814,"column":22},"end":{"line":814,"column":23}},"loc":{"start":{"line":814,"column":36},"end":{"line":818,"column":3}},"line":814},"49":{"name":"(anonymous_49)","decl":{"start":{"line":857,"column":27},"end":{"line":857,"column":28}},"loc":{"start":{"line":857,"column":33},"end":{"line":857,"column":94}},"line":857},"50":{"name":"(anonymous_50)","decl":{"start":{"line":862,"column":19},"end":{"line":862,"column":20}},"loc":{"start":{"line":862,"column":25},"end":{"line":862,"column":47}},"line":862},"51":{"name":"(anonymous_51)","decl":{"start":{"line":878,"column":21},"end":{"line":878,"column":22}},"loc":{"start":{"line":878,"column":27},"end":{"line":878,"column":51}},"line":878},"52":{"name":"(anonymous_52)","decl":{"start":{"line":895,"column":21},"end":{"line":895,"column":22}},"loc":{"start":{"line":895,"column":27},"end":{"line":895,"column":51}},"line":895},"53":{"name":"(anonymous_53)","decl":{"start":{"line":912,"column":21},"end":{"line":912,"column":22}},"loc":{"start":{"line":912,"column":27},"end":{"line":912,"column":51}},"line":912},"54":{"name":"(anonymous_54)","decl":{"start":{"line":936,"column":26},"end":{"line":936,"column":27}},"loc":{"start":{"line":936,"column":33},"end":{"line":936,"column":63}},"line":936},"55":{"name":"(anonymous_55)","decl":{"start":{"line":943,"column":26},"end":{"line":943,"column":27}},"loc":{"start":{"line":943,"column":33},"end":{"line":943,"column":65}},"line":943},"56":{"name":"(anonymous_56)","decl":{"start":{"line":946,"column":31},"end":{"line":946,"column":32}},"loc":{"start":{"line":946,"column":37},"end":{"line":946,"column":83}},"line":946},"57":{"name":"(anonymous_57)","decl":{"start":{"line":967,"column":35},"end":{"line":967,"column":36}},"loc":{"start":{"line":968,"column":20},"end":{"line":979,"column":25}},"line":968},"58":{"name":"(anonymous_58)","decl":{"start":{"line":968,"column":149},"end":{"line":968,"column":150}},"loc":{"start":{"line":968,"column":155},"end":{"line":971,"column":21}},"line":968},"59":{"name":"(anonymous_59)","decl":{"start":{"line":971,"column":34},"end":{"line":971,"column":35}},"loc":{"start":{"line":971,"column":41},"end":{"line":977,"column":21}},"line":971},"60":{"name":"(anonymous_60)","decl":{"start":{"line":993,"column":33},"end":{"line":993,"column":34}},"loc":{"start":{"line":993,"column":39},"end":{"line":993,"column":65}},"line":993},"61":{"name":"(anonymous_61)","decl":{"start":{"line":1000,"column":72},"end":{"line":1000,"column":73}},"loc":{"start":{"line":1000,"column":78},"end":{"line":1000,"column":106}},"line":1000},"62":{"name":"(anonymous_62)","decl":{"start":{"line":1006,"column":51},"end":{"line":1006,"column":52}},"loc":{"start":{"line":1007,"column":24},"end":{"line":1007,"column":82}},"line":1007},"63":{"name":"(anonymous_63)","decl":{"start":{"line":1013,"column":74},"end":{"line":1013,"column":75}},"loc":{"start":{"line":1013,"column":80},"end":{"line":1013,"column":103}},"line":1013},"64":{"name":"(anonymous_64)","decl":{"start":{"line":1013,"column":289},"end":{"line":1013,"column":290}},"loc":{"start":{"line":1013,"column":295},"end":{"line":1013,"column":323}},"line":1013},"65":{"name":"(anonymous_65)","decl":{"start":{"line":1024,"column":55},"end":{"line":1024,"column":56}},"loc":{"start":{"line":1024,"column":64},"end":{"line":1024,"column":75}},"line":1024},"66":{"name":"(anonymous_66)","decl":{"start":{"line":1024,"column":81},"end":{"line":1024,"column":82}},"loc":{"start":{"line":1025,"column":24},"end":{"line":1028,"column":29}},"line":1025},"67":{"name":"(anonymous_67)","decl":{"start":{"line":1034,"column":19},"end":{"line":1034,"column":20}},"loc":{"start":{"line":1034,"column":25},"end":{"line":1090,"column":19}},"line":1034},"68":{"name":"(anonymous_68)","decl":{"start":{"line":1035,"column":70},"end":{"line":1035,"column":71}},"loc":{"start":{"line":1035,"column":80},"end":{"line":1055,"column":21}},"line":1035},"69":{"name":"(anonymous_69)","decl":{"start":{"line":1060,"column":41},"end":{"line":1060,"column":42}},"loc":{"start":{"line":1060,"column":47},"end":{"line":1060,"column":65}},"line":1060},"70":{"name":"(anonymous_70)","decl":{"start":{"line":1060,"column":78},"end":{"line":1060,"column":79}},"loc":{"start":{"line":1060,"column":85},"end":{"line":1065,"column":29}},"line":1060},"71":{"name":"(anonymous_71)","decl":{"start":{"line":1066,"column":41},"end":{"line":1066,"column":42}},"loc":{"start":{"line":1066,"column":47},"end":{"line":1066,"column":68}},"line":1066},"72":{"name":"(anonymous_72)","decl":{"start":{"line":1066,"column":81},"end":{"line":1066,"column":82}},"loc":{"start":{"line":1066,"column":88},"end":{"line":1071,"column":29}},"line":1066},"73":{"name":"(anonymous_73)","decl":{"start":{"line":1078,"column":44},"end":{"line":1078,"column":45}},"loc":{"start":{"line":1079,"column":28},"end":{"line":1085,"column":33}},"line":1079},"74":{"name":"(anonymous_74)","decl":{"start":{"line":1098,"column":50},"end":{"line":1098,"column":51}},"loc":{"start":{"line":1099,"column":22},"end":{"line":1099,"column":84}},"line":1099},"75":{"name":"(anonymous_75)","decl":{"start":{"line":1109,"column":90},"end":{"line":1109,"column":91}},"loc":{"start":{"line":1109,"column":96},"end":{"line":1109,"column":122}},"line":1109},"76":{"name":"(anonymous_76)","decl":{"start":{"line":1112,"column":44},"end":{"line":1112,"column":45}},"loc":{"start":{"line":1113,"column":24},"end":{"line":1151,"column":30}},"line":1113},"77":{"name":"(anonymous_77)","decl":{"start":{"line":1165,"column":29},"end":{"line":1165,"column":30}},"loc":{"start":{"line":1165,"column":35},"end":{"line":1165,"column":59}},"line":1165},"78":{"name":"(anonymous_78)","decl":{"start":{"line":1177,"column":32},"end":{"line":1177,"column":33}},"loc":{"start":{"line":1178,"column":20},"end":{"line":1178,"column":64}},"line":1178},"79":{"name":"(anonymous_79)","decl":{"start":{"line":1243,"column":29},"end":{"line":1243,"column":30}},"loc":{"start":{"line":1243,"column":35},"end":{"line":1243,"column":64}},"line":1243},"80":{"name":"(anonymous_80)","decl":{"start":{"line":1246,"column":47},"end":{"line":1246,"column":48}},"loc":{"start":{"line":1246,"column":56},"end":{"line":1246,"column":67}},"line":1246},"81":{"name":"(anonymous_81)","decl":{"start":{"line":1246,"column":73},"end":{"line":1246,"column":74}},"loc":{"start":{"line":1247,"column":16},"end":{"line":1258,"column":22}},"line":1247},"82":{"name":"(anonymous_82)","decl":{"start":{"line":1252,"column":30},"end":{"line":1252,"column":31}},"loc":{"start":{"line":1252,"column":37},"end":{"line":1252,"column":82}},"line":1252},"83":{"name":"(anonymous_83)","decl":{"start":{"line":1262,"column":23},"end":{"line":1262,"column":24}},"loc":{"start":{"line":1262,"column":29},"end":{"line":1262,"column":58}},"line":1262},"84":{"name":"(anonymous_84)","decl":{"start":{"line":1282,"column":29},"end":{"line":1282,"column":30}},"loc":{"start":{"line":1282,"column":35},"end":{"line":1282,"column":64}},"line":1282},"85":{"name":"(anonymous_85)","decl":{"start":{"line":1331,"column":29},"end":{"line":1331,"column":30}},"loc":{"start":{"line":1331,"column":35},"end":{"line":1331,"column":58}},"line":1331},"86":{"name":"(anonymous_86)","decl":{"start":{"line":1370,"column":32},"end":{"line":1370,"column":33}},"loc":{"start":{"line":1371,"column":20},"end":{"line":1380,"column":28}},"line":1371},"87":{"name":"(anonymous_87)","decl":{"start":{"line":1419,"column":29},"end":{"line":1419,"column":30}},"loc":{"start":{"line":1419,"column":35},"end":{"line":1419,"column":62}},"line":1419},"88":{"name":"(anonymous_88)","decl":{"start":{"line":1514,"column":29},"end":{"line":1514,"column":30}},"loc":{"start":{"line":1514,"column":35},"end":{"line":1514,"column":67}},"line":1514},"89":{"name":"(anonymous_89)","decl":{"start":{"line":1523,"column":35},"end":{"line":1523,"column":36}},"loc":{"start":{"line":1524,"column":18},"end":{"line":1530,"column":24}},"line":1524},"90":{"name":"(anonymous_90)","decl":{"start":{"line":1581,"column":30},"end":{"line":1581,"column":31}},"loc":{"start":{"line":1582,"column":18},"end":{"line":1591,"column":26}},"line":1582},"91":{"name":"(anonymous_91)","decl":{"start":{"line":1637,"column":26},"end":{"line":1637,"column":27}},"loc":{"start":{"line":1637,"column":33},"end":{"line":1637,"column":62}},"line":1637},"92":{"name":"(anonymous_92)","decl":{"start":{"line":1647,"column":32},"end":{"line":1647,"column":33}},"loc":{"start":{"line":1648,"column":20},"end":{"line":1651,"column":25}},"line":1648},"93":{"name":"(anonymous_93)","decl":{"start":{"line":1650,"column":39},"end":{"line":1650,"column":40}},"loc":{"start":{"line":1650,"column":45},"end":{"line":1650,"column":69}},"line":1650},"94":{"name":"(anonymous_94)","decl":{"start":{"line":1676,"column":40},"end":{"line":1676,"column":41}},"loc":{"start":{"line":1677,"column":20},"end":{"line":1712,"column":26}},"line":1677}},"branchMap":{"0":{"loc":{"start":{"line":106,"column":27},"end":{"line":106,"column":137}},"type":"cond-expr","locations":[{"start":{"line":106,"column":34},"end":{"line":106,"column":132}},{"start":{"line":106,"column":135},"end":{"line":106,"column":137}}],"line":106},"1":{"loc":{"start":{"line":108,"column":6},"end":{"line":110,"column":7}},"type":"if","locations":[{"start":{"line":108,"column":6},"end":{"line":110,"column":7}},{"start":{},"end":{}}],"line":108},"2":{"loc":{"start":{"line":120,"column":4},"end":{"line":120,"column":84}},"type":"if","locations":[{"start":{"line":120,"column":4},"end":{"line":120,"column":84}},{"start":{},"end":{}}],"line":120},"3":{"loc":{"start":{"line":120,"column":8},"end":{"line":120,"column":76}},"type":"binary-expr","locations":[{"start":{"line":120,"column":8},"end":{"line":120,"column":13}},{"start":{"line":120,"column":18},"end":{"line":120,"column":45}},{"start":{"line":120,"column":49},"end":{"line":120,"column":75}}],"line":120},"4":{"loc":{"start":{"line":122,"column":22},"end":{"line":122,"column":62}},"type":"binary-expr","locations":[{"start":{"line":122,"column":22},"end":{"line":122,"column":36}},{"start":{"line":122,"column":40},"end":{"line":122,"column":62}}],"line":122},"5":{"loc":{"start":{"line":123,"column":4},"end":{"line":123,"column":26}},"type":"if","locations":[{"start":{"line":123,"column":4},"end":{"line":123,"column":26}},{"start":{},"end":{}}],"line":123},"6":{"loc":{"start":{"line":132,"column":6},"end":{"line":134,"column":7}},"type":"if","locations":[{"start":{"line":132,"column":6},"end":{"line":134,"column":7}},{"start":{},"end":{}}],"line":132},"7":{"loc":{"start":{"line":137,"column":6},"end":{"line":139,"column":7}},"type":"if","locations":[{"start":{"line":137,"column":6},"end":{"line":139,"column":7}},{"start":{},"end":{}}],"line":137},"8":{"loc":{"start":{"line":157,"column":4},"end":{"line":157,"column":21}},"type":"if","locations":[{"start":{"line":157,"column":4},"end":{"line":157,"column":21}},{"start":{},"end":{}}],"line":157},"9":{"loc":{"start":{"line":158,"column":22},"end":{"line":158,"column":62}},"type":"binary-expr","locations":[{"start":{"line":158,"column":22},"end":{"line":158,"column":36}},{"start":{"line":158,"column":40},"end":{"line":158,"column":62}}],"line":158},"10":{"loc":{"start":{"line":159,"column":4},"end":{"line":159,"column":26}},"type":"if","locations":[{"start":{"line":159,"column":4},"end":{"line":159,"column":26}},{"start":{},"end":{}}],"line":159},"11":{"loc":{"start":{"line":165,"column":6},"end":{"line":167,"column":7}},"type":"if","locations":[{"start":{"line":165,"column":6},"end":{"line":167,"column":7}},{"start":{},"end":{}}],"line":165},"12":{"loc":{"start":{"line":173,"column":6},"end":{"line":175,"column":7}},"type":"if","locations":[{"start":{"line":173,"column":6},"end":{"line":175,"column":7}},{"start":{},"end":{}}],"line":173},"13":{"loc":{"start":{"line":187,"column":4},"end":{"line":189,"column":5}},"type":"if","locations":[{"start":{"line":187,"column":4},"end":{"line":189,"column":5}},{"start":{},"end":{}}],"line":187},"14":{"loc":{"start":{"line":197,"column":4},"end":{"line":201,"column":5}},"type":"if","locations":[{"start":{"line":197,"column":4},"end":{"line":201,"column":5}},{"start":{},"end":{}}],"line":197},"15":{"loc":{"start":{"line":197,"column":8},"end":{"line":198,"column":92}},"type":"binary-expr","locations":[{"start":{"line":197,"column":8},"end":{"line":197,"column":41}},{"start":{"line":197,"column":45},"end":{"line":197,"column":69}},{"start":{"line":198,"column":8},"end":{"line":198,"column":30}},{"start":{"line":198,"column":34},"end":{"line":198,"column":56}},{"start":{"line":198,"column":60},"end":{"line":198,"column":92}}],"line":197},"16":{"loc":{"start":{"line":204,"column":4},"end":{"line":208,"column":5}},"type":"if","locations":[{"start":{"line":204,"column":4},"end":{"line":208,"column":5}},{"start":{},"end":{}}],"line":204},"17":{"loc":{"start":{"line":204,"column":8},"end":{"line":204,"column":71}},"type":"binary-expr","locations":[{"start":{"line":204,"column":8},"end":{"line":204,"column":20}},{"start":{"line":204,"column":24},"end":{"line":204,"column":46}},{"start":{"line":204,"column":50},"end":{"line":204,"column":71}}],"line":204},"18":{"loc":{"start":{"line":230,"column":6},"end":{"line":233,"column":7}},"type":"if","locations":[{"start":{"line":230,"column":6},"end":{"line":233,"column":7}},{"start":{},"end":{}}],"line":230},"19":{"loc":{"start":{"line":232,"column":24},"end":{"line":232,"column":69}},"type":"binary-expr","locations":[{"start":{"line":232,"column":24},"end":{"line":232,"column":41}},{"start":{"line":232,"column":45},"end":{"line":232,"column":69}}],"line":232},"20":{"loc":{"start":{"line":255,"column":6},"end":{"line":259,"column":7}},"type":"if","locations":[{"start":{"line":255,"column":6},"end":{"line":259,"column":7}},{"start":{"line":257,"column":13},"end":{"line":259,"column":7}}],"line":255},"21":{"loc":{"start":{"line":271,"column":14},"end":{"line":271,"column":51}},"type":"cond-expr","locations":[{"start":{"line":271,"column":36},"end":{"line":271,"column":43}},{"start":{"line":271,"column":46},"end":{"line":271,"column":51}}],"line":271},"22":{"loc":{"start":{"line":276,"column":4},"end":{"line":276,"column":21}},"type":"if","locations":[{"start":{"line":276,"column":4},"end":{"line":276,"column":21}},{"start":{},"end":{}}],"line":276},"23":{"loc":{"start":{"line":278,"column":4},"end":{"line":280,"column":5}},"type":"if","locations":[{"start":{"line":278,"column":4},"end":{"line":280,"column":5}},{"start":{},"end":{}}],"line":278},"24":{"loc":{"start":{"line":283,"column":4},"end":{"line":297,"column":5}},"type":"if","locations":[{"start":{"line":283,"column":4},"end":{"line":297,"column":5}},{"start":{},"end":{}}],"line":283},"25":{"loc":{"start":{"line":284,"column":6},"end":{"line":296,"column":7}},"type":"if","locations":[{"start":{"line":284,"column":6},"end":{"line":296,"column":7}},{"start":{"line":288,"column":13},"end":{"line":296,"column":7}}],"line":284},"26":{"loc":{"start":{"line":288,"column":13},"end":{"line":296,"column":7}},"type":"if","locations":[{"start":{"line":288,"column":13},"end":{"line":296,"column":7}},{"start":{"line":294,"column":13},"end":{"line":296,"column":7}}],"line":288},"27":{"loc":{"start":{"line":290,"column":8},"end":{"line":293,"column":9}},"type":"if","locations":[{"start":{"line":290,"column":8},"end":{"line":293,"column":9}},{"start":{},"end":{}}],"line":290},"28":{"loc":{"start":{"line":302,"column":4},"end":{"line":302,"column":84}},"type":"if","locations":[{"start":{"line":302,"column":4},"end":{"line":302,"column":84}},{"start":{},"end":{}}],"line":302},"29":{"loc":{"start":{"line":302,"column":8},"end":{"line":302,"column":76}},"type":"binary-expr","locations":[{"start":{"line":302,"column":8},"end":{"line":302,"column":13}},{"start":{"line":302,"column":18},"end":{"line":302,"column":45}},{"start":{"line":302,"column":49},"end":{"line":302,"column":75}}],"line":302},"30":{"loc":{"start":{"line":309,"column":4},"end":{"line":309,"column":51}},"type":"if","locations":[{"start":{"line":309,"column":4},"end":{"line":309,"column":51}},{"start":{},"end":{}}],"line":309},"31":{"loc":{"start":{"line":311,"column":4},"end":{"line":311,"column":78}},"type":"if","locations":[{"start":{"line":311,"column":4},"end":{"line":311,"column":78}},{"start":{},"end":{}}],"line":311},"32":{"loc":{"start":{"line":316,"column":4},"end":{"line":318,"column":5}},"type":"if","locations":[{"start":{"line":316,"column":4},"end":{"line":318,"column":5}},{"start":{},"end":{}}],"line":316},"33":{"loc":{"start":{"line":316,"column":8},"end":{"line":316,"column":47}},"type":"binary-expr","locations":[{"start":{"line":316,"column":8},"end":{"line":316,"column":22}},{"start":{"line":316,"column":26},"end":{"line":316,"column":47}}],"line":316},"34":{"loc":{"start":{"line":319,"column":4},"end":{"line":321,"column":5}},"type":"if","locations":[{"start":{"line":319,"column":4},"end":{"line":321,"column":5}},{"start":{},"end":{}}],"line":319},"35":{"loc":{"start":{"line":323,"column":4},"end":{"line":323,"column":45}},"type":"if","locations":[{"start":{"line":323,"column":4},"end":{"line":323,"column":45}},{"start":{},"end":{}}],"line":323},"36":{"loc":{"start":{"line":324,"column":4},"end":{"line":326,"column":5}},"type":"if","locations":[{"start":{"line":324,"column":4},"end":{"line":326,"column":5}},{"start":{},"end":{}}],"line":324},"37":{"loc":{"start":{"line":324,"column":8},"end":{"line":324,"column":73}},"type":"binary-expr","locations":[{"start":{"line":324,"column":8},"end":{"line":324,"column":24}},{"start":{"line":324,"column":28},"end":{"line":324,"column":73}}],"line":324},"38":{"loc":{"start":{"line":327,"column":4},"end":{"line":329,"column":5}},"type":"if","locations":[{"start":{"line":327,"column":4},"end":{"line":329,"column":5}},{"start":{},"end":{}}],"line":327},"39":{"loc":{"start":{"line":327,"column":8},"end":{"line":327,"column":58}},"type":"binary-expr","locations":[{"start":{"line":327,"column":8},"end":{"line":327,"column":25}},{"start":{"line":327,"column":29},"end":{"line":327,"column":58}}],"line":327},"40":{"loc":{"start":{"line":330,"column":4},"end":{"line":332,"column":5}},"type":"if","locations":[{"start":{"line":330,"column":4},"end":{"line":332,"column":5}},{"start":{},"end":{}}],"line":330},"41":{"loc":{"start":{"line":330,"column":8},"end":{"line":330,"column":45}},"type":"binary-expr","locations":[{"start":{"line":330,"column":8},"end":{"line":330,"column":21}},{"start":{"line":330,"column":25},"end":{"line":330,"column":45}}],"line":330},"42":{"loc":{"start":{"line":339,"column":6},"end":{"line":339,"column":41}},"type":"if","locations":[{"start":{"line":339,"column":6},"end":{"line":339,"column":41}},{"start":{},"end":{}}],"line":339},"43":{"loc":{"start":{"line":345,"column":4},"end":{"line":345,"column":39}},"type":"if","locations":[{"start":{"line":345,"column":4},"end":{"line":345,"column":39}},{"start":{},"end":{}}],"line":345},"44":{"loc":{"start":{"line":350,"column":8},"end":{"line":352,"column":9}},"type":"if","locations":[{"start":{"line":350,"column":8},"end":{"line":352,"column":9}},{"start":{},"end":{}}],"line":350},"45":{"loc":{"start":{"line":356,"column":4},"end":{"line":356,"column":42}},"type":"if","locations":[{"start":{"line":356,"column":4},"end":{"line":356,"column":42}},{"start":{},"end":{}}],"line":356},"46":{"loc":{"start":{"line":366,"column":15},"end":{"line":366,"column":42}},"type":"binary-expr","locations":[{"start":{"line":366,"column":15},"end":{"line":366,"column":37}},{"start":{"line":366,"column":41},"end":{"line":366,"column":42}}],"line":366},"47":{"loc":{"start":{"line":371,"column":4},"end":{"line":376,"column":5}},"type":"if","locations":[{"start":{"line":371,"column":4},"end":{"line":376,"column":5}},{"start":{"line":373,"column":11},"end":{"line":376,"column":5}}],"line":371},"48":{"loc":{"start":{"line":372,"column":23},"end":{"line":372,"column":63}},"type":"cond-expr","locations":[{"start":{"line":372,"column":49},"end":{"line":372,"column":55}},{"start":{"line":372,"column":58},"end":{"line":372,"column":63}}],"line":372},"49":{"loc":{"start":{"line":380,"column":4},"end":{"line":380,"column":34}},"type":"if","locations":[{"start":{"line":380,"column":4},"end":{"line":380,"column":34}},{"start":{},"end":{}}],"line":380},"50":{"loc":{"start":{"line":389,"column":6},"end":{"line":392,"column":7}},"type":"if","locations":[{"start":{"line":389,"column":6},"end":{"line":392,"column":7}},{"start":{},"end":{}}],"line":389},"51":{"loc":{"start":{"line":401,"column":4},"end":{"line":401,"column":58}},"type":"if","locations":[{"start":{"line":401,"column":4},"end":{"line":401,"column":58}},{"start":{},"end":{}}],"line":401},"52":{"loc":{"start":{"line":406,"column":6},"end":{"line":409,"column":7}},"type":"if","locations":[{"start":{"line":406,"column":6},"end":{"line":409,"column":7}},{"start":{},"end":{}}],"line":406},"53":{"loc":{"start":{"line":454,"column":30},"end":{"line":454,"column":48}},"type":"default-arg","locations":[{"start":{"line":454,"column":37},"end":{"line":454,"column":48}}],"line":454},"54":{"loc":{"start":{"line":454,"column":50},"end":{"line":454,"column":67}},"type":"default-arg","locations":[{"start":{"line":454,"column":62},"end":{"line":454,"column":67}}],"line":454},"55":{"loc":{"start":{"line":455,"column":23},"end":{"line":455,"column":42}},"type":"binary-expr","locations":[{"start":{"line":455,"column":23},"end":{"line":455,"column":27}},{"start":{"line":455,"column":31},"end":{"line":455,"column":42}}],"line":455},"56":{"loc":{"start":{"line":456,"column":4},"end":{"line":459,"column":5}},"type":"if","locations":[{"start":{"line":456,"column":4},"end":{"line":459,"column":5}},{"start":{},"end":{}}],"line":456},"57":{"loc":{"start":{"line":456,"column":8},"end":{"line":456,"column":41}},"type":"binary-expr","locations":[{"start":{"line":456,"column":8},"end":{"line":456,"column":19}},{"start":{"line":456,"column":23},"end":{"line":456,"column":41}}],"line":456},"58":{"loc":{"start":{"line":469,"column":6},"end":{"line":471,"column":7}},"type":"if","locations":[{"start":{"line":469,"column":6},"end":{"line":471,"column":7}},{"start":{},"end":{}}],"line":469},"59":{"loc":{"start":{"line":472,"column":6},"end":{"line":475,"column":7}},"type":"if","locations":[{"start":{"line":472,"column":6},"end":{"line":475,"column":7}},{"start":{},"end":{}}],"line":472},"60":{"loc":{"start":{"line":474,"column":24},"end":{"line":474,"column":79}},"type":"binary-expr","locations":[{"start":{"line":474,"column":24},"end":{"line":474,"column":41}},{"start":{"line":474,"column":45},"end":{"line":474,"column":79}}],"line":474},"61":{"loc":{"start":{"line":482,"column":6},"end":{"line":484,"column":7}},"type":"if","locations":[{"start":{"line":482,"column":6},"end":{"line":484,"column":7}},{"start":{},"end":{}}],"line":482},"62":{"loc":{"start":{"line":482,"column":10},"end":{"line":482,"column":32}},"type":"binary-expr","locations":[{"start":{"line":482,"column":10},"end":{"line":482,"column":14}},{"start":{"line":482,"column":18},"end":{"line":482,"column":32}}],"line":482},"63":{"loc":{"start":{"line":489,"column":6},"end":{"line":493,"column":7}},"type":"if","locations":[{"start":{"line":489,"column":6},"end":{"line":493,"column":7}},{"start":{"line":491,"column":13},"end":{"line":493,"column":7}}],"line":489},"64":{"loc":{"start":{"line":505,"column":6},"end":{"line":507,"column":7}},"type":"if","locations":[{"start":{"line":505,"column":6},"end":{"line":507,"column":7}},{"start":{},"end":{}}],"line":505},"65":{"loc":{"start":{"line":513,"column":26},"end":{"line":513,"column":71}},"type":"binary-expr","locations":[{"start":{"line":513,"column":26},"end":{"line":513,"column":37}},{"start":{"line":513,"column":41},"end":{"line":513,"column":71}}],"line":513},"66":{"loc":{"start":{"line":524,"column":6},"end":{"line":526,"column":7}},"type":"if","locations":[{"start":{"line":524,"column":6},"end":{"line":526,"column":7}},{"start":{},"end":{}}],"line":524},"67":{"loc":{"start":{"line":536,"column":4},"end":{"line":548,"column":5}},"type":"if","locations":[{"start":{"line":536,"column":4},"end":{"line":548,"column":5}},{"start":{"line":543,"column":11},"end":{"line":548,"column":5}}],"line":536},"68":{"loc":{"start":{"line":539,"column":17},"end":{"line":541,"column":49}},"type":"cond-expr","locations":[{"start":{"line":540,"column":12},"end":{"line":540,"column":36}},{"start":{"line":541,"column":12},"end":{"line":541,"column":49}}],"line":539},"69":{"loc":{"start":{"line":555,"column":14},"end":{"line":555,"column":101}},"type":"cond-expr","locations":[{"start":{"line":555,"column":71},"end":{"line":555,"column":93}},{"start":{"line":555,"column":96},"end":{"line":555,"column":101}}],"line":555},"70":{"loc":{"start":{"line":555,"column":14},"end":{"line":555,"column":68}},"type":"binary-expr","locations":[{"start":{"line":555,"column":14},"end":{"line":555,"column":29}},{"start":{"line":555,"column":33},"end":{"line":555,"column":48}},{"start":{"line":555,"column":52},"end":{"line":555,"column":68}}],"line":555},"71":{"loc":{"start":{"line":564,"column":4},"end":{"line":567,"column":5}},"type":"if","locations":[{"start":{"line":564,"column":4},"end":{"line":567,"column":5}},{"start":{},"end":{}}],"line":564},"72":{"loc":{"start":{"line":564,"column":8},"end":{"line":564,"column":55}},"type":"binary-expr","locations":[{"start":{"line":564,"column":8},"end":{"line":564,"column":26}},{"start":{"line":564,"column":30},"end":{"line":564,"column":55}}],"line":564},"73":{"loc":{"start":{"line":568,"column":4},"end":{"line":571,"column":5}},"type":"if","locations":[{"start":{"line":568,"column":4},"end":{"line":571,"column":5}},{"start":{},"end":{}}],"line":568},"74":{"loc":{"start":{"line":568,"column":8},"end":{"line":568,"column":72}},"type":"binary-expr","locations":[{"start":{"line":568,"column":8},"end":{"line":568,"column":24}},{"start":{"line":568,"column":28},"end":{"line":568,"column":47}},{"start":{"line":568,"column":51},"end":{"line":568,"column":72}}],"line":568},"75":{"loc":{"start":{"line":589,"column":6},"end":{"line":592,"column":7}},"type":"if","locations":[{"start":{"line":589,"column":6},"end":{"line":592,"column":7}},{"start":{},"end":{}}],"line":589},"76":{"loc":{"start":{"line":591,"column":24},"end":{"line":591,"column":66}},"type":"binary-expr","locations":[{"start":{"line":591,"column":24},"end":{"line":591,"column":41}},{"start":{"line":591,"column":45},"end":{"line":591,"column":66}}],"line":591},"77":{"loc":{"start":{"line":602,"column":6},"end":{"line":606,"column":7}},"type":"if","locations":[{"start":{"line":602,"column":6},"end":{"line":606,"column":7}},{"start":{"line":604,"column":13},"end":{"line":606,"column":7}}],"line":602},"78":{"loc":{"start":{"line":625,"column":4},"end":{"line":628,"column":5}},"type":"if","locations":[{"start":{"line":625,"column":4},"end":{"line":628,"column":5}},{"start":{},"end":{}}],"line":625},"79":{"loc":{"start":{"line":644,"column":6},"end":{"line":647,"column":7}},"type":"if","locations":[{"start":{"line":644,"column":6},"end":{"line":647,"column":7}},{"start":{},"end":{}}],"line":644},"80":{"loc":{"start":{"line":646,"column":24},"end":{"line":646,"column":71}},"type":"binary-expr","locations":[{"start":{"line":646,"column":24},"end":{"line":646,"column":41}},{"start":{"line":646,"column":45},"end":{"line":646,"column":71}}],"line":646},"81":{"loc":{"start":{"line":657,"column":6},"end":{"line":661,"column":7}},"type":"if","locations":[{"start":{"line":657,"column":6},"end":{"line":661,"column":7}},{"start":{"line":659,"column":13},"end":{"line":661,"column":7}}],"line":657},"82":{"loc":{"start":{"line":669,"column":4},"end":{"line":681,"column":5}},"type":"if","locations":[{"start":{"line":669,"column":4},"end":{"line":681,"column":5}},{"start":{"line":676,"column":11},"end":{"line":681,"column":5}}],"line":669},"83":{"loc":{"start":{"line":672,"column":17},"end":{"line":674,"column":49}},"type":"cond-expr","locations":[{"start":{"line":673,"column":12},"end":{"line":673,"column":36}},{"start":{"line":674,"column":12},"end":{"line":674,"column":49}}],"line":672},"84":{"loc":{"start":{"line":689,"column":4},"end":{"line":692,"column":5}},"type":"if","locations":[{"start":{"line":689,"column":4},"end":{"line":692,"column":5}},{"start":{},"end":{}}],"line":689},"85":{"loc":{"start":{"line":689,"column":8},"end":{"line":689,"column":47}},"type":"binary-expr","locations":[{"start":{"line":689,"column":8},"end":{"line":689,"column":22}},{"start":{"line":689,"column":26},"end":{"line":689,"column":47}}],"line":689},"86":{"loc":{"start":{"line":693,"column":4},"end":{"line":696,"column":5}},"type":"if","locations":[{"start":{"line":693,"column":4},"end":{"line":696,"column":5}},{"start":{},"end":{}}],"line":693},"87":{"loc":{"start":{"line":698,"column":4},"end":{"line":701,"column":5}},"type":"if","locations":[{"start":{"line":698,"column":4},"end":{"line":701,"column":5}},{"start":{},"end":{}}],"line":698},"88":{"loc":{"start":{"line":702,"column":4},"end":{"line":705,"column":5}},"type":"if","locations":[{"start":{"line":702,"column":4},"end":{"line":705,"column":5}},{"start":{},"end":{}}],"line":702},"89":{"loc":{"start":{"line":702,"column":8},"end":{"line":702,"column":34}},"type":"binary-expr","locations":[{"start":{"line":702,"column":8},"end":{"line":702,"column":18}},{"start":{"line":702,"column":22},"end":{"line":702,"column":34}}],"line":702},"90":{"loc":{"start":{"line":706,"column":4},"end":{"line":709,"column":5}},"type":"if","locations":[{"start":{"line":706,"column":4},"end":{"line":709,"column":5}},{"start":{},"end":{}}],"line":706},"91":{"loc":{"start":{"line":706,"column":8},"end":{"line":706,"column":58}},"type":"binary-expr","locations":[{"start":{"line":706,"column":8},"end":{"line":706,"column":25}},{"start":{"line":706,"column":29},"end":{"line":706,"column":58}}],"line":706},"92":{"loc":{"start":{"line":710,"column":4},"end":{"line":713,"column":5}},"type":"if","locations":[{"start":{"line":710,"column":4},"end":{"line":713,"column":5}},{"start":{},"end":{}}],"line":710},"93":{"loc":{"start":{"line":710,"column":8},"end":{"line":710,"column":45}},"type":"binary-expr","locations":[{"start":{"line":710,"column":8},"end":{"line":710,"column":21}},{"start":{"line":710,"column":25},"end":{"line":710,"column":45}}],"line":710},"94":{"loc":{"start":{"line":730,"column":6},"end":{"line":733,"column":7}},"type":"if","locations":[{"start":{"line":730,"column":6},"end":{"line":733,"column":7}},{"start":{},"end":{}}],"line":730},"95":{"loc":{"start":{"line":732,"column":24},"end":{"line":732,"column":71}},"type":"binary-expr","locations":[{"start":{"line":732,"column":24},"end":{"line":732,"column":41}},{"start":{"line":732,"column":45},"end":{"line":732,"column":71}}],"line":732},"96":{"loc":{"start":{"line":742,"column":6},"end":{"line":746,"column":7}},"type":"if","locations":[{"start":{"line":742,"column":6},"end":{"line":746,"column":7}},{"start":{"line":744,"column":13},"end":{"line":746,"column":7}}],"line":742},"97":{"loc":{"start":{"line":755,"column":17},"end":{"line":755,"column":105}},"type":"cond-expr","locations":[{"start":{"line":755,"column":41},"end":{"line":755,"column":100}},{"start":{"line":755,"column":103},"end":{"line":755,"column":105}}],"line":755},"98":{"loc":{"start":{"line":756,"column":14},"end":{"line":756,"column":38}},"type":"binary-expr","locations":[{"start":{"line":756,"column":14},"end":{"line":756,"column":32}},{"start":{"line":756,"column":36},"end":{"line":756,"column":38}}],"line":756},"99":{"loc":{"start":{"line":757,"column":15},"end":{"line":757,"column":98}},"type":"cond-expr","locations":[{"start":{"line":757,"column":53},"end":{"line":757,"column":73}},{"start":{"line":757,"column":76},"end":{"line":757,"column":98}}],"line":757},"100":{"loc":{"start":{"line":769,"column":4},"end":{"line":772,"column":5}},"type":"if","locations":[{"start":{"line":769,"column":4},"end":{"line":772,"column":5}},{"start":{},"end":{}}],"line":769},"101":{"loc":{"start":{"line":790,"column":6},"end":{"line":793,"column":7}},"type":"if","locations":[{"start":{"line":790,"column":6},"end":{"line":793,"column":7}},{"start":{},"end":{}}],"line":790},"102":{"loc":{"start":{"line":792,"column":24},"end":{"line":792,"column":65}},"type":"binary-expr","locations":[{"start":{"line":792,"column":24},"end":{"line":792,"column":41}},{"start":{"line":792,"column":45},"end":{"line":792,"column":65}}],"line":792},"103":{"loc":{"start":{"line":795,"column":6},"end":{"line":797,"column":7}},"type":"if","locations":[{"start":{"line":795,"column":6},"end":{"line":797,"column":7}},{"start":{},"end":{}}],"line":795},"104":{"loc":{"start":{"line":804,"column":6},"end":{"line":808,"column":7}},"type":"if","locations":[{"start":{"line":804,"column":6},"end":{"line":808,"column":7}},{"start":{"line":806,"column":13},"end":{"line":808,"column":7}}],"line":804},"105":{"loc":{"start":{"line":820,"column":2},"end":{"line":822,"column":3}},"type":"if","locations":[{"start":{"line":820,"column":2},"end":{"line":822,"column":3}},{"start":{},"end":{}}],"line":820},"106":{"loc":{"start":{"line":829,"column":73},"end":{"line":829,"column":152}},"type":"cond-expr","locations":[{"start":{"line":829,"column":103},"end":{"line":829,"column":107}},{"start":{"line":829,"column":110},"end":{"line":829,"column":152}}],"line":829},"107":{"loc":{"start":{"line":829,"column":110},"end":{"line":829,"column":152}},"type":"cond-expr","locations":[{"start":{"line":829,"column":140},"end":{"line":829,"column":144}},{"start":{"line":829,"column":147},"end":{"line":829,"column":152}}],"line":829},"108":{"loc":{"start":{"line":830,"column":11},"end":{"line":856,"column":11}},"type":"binary-expr","locations":[{"start":{"line":830,"column":12},"end":{"line":830,"column":39}},{"start":{"line":830,"column":43},"end":{"line":830,"column":69}},{"start":{"line":831,"column":12},"end":{"line":855,"column":21}}],"line":830},"109":{"loc":{"start":{"line":844,"column":15},"end":{"line":854,"column":15}},"type":"binary-expr","locations":[{"st
[...]
}},{"start":{"line":1526,"column":102},"end":{"line":1526,"column":110}}],"line":1526},"206":{"loc":{"start":{"line":1538,"column":7},"end":{"line":1626,"column":7}},"type":"binary-expr","locations":[{"start":{"line":1538,"column":7},"end":{"line":1538,"column":31}},{"start":{"line":1539,"column":8},"end":{"line":1625,"column":18}}],"line":1538},"207":{"loc":{"start":{"line":1612,"column":33},"end":{"line":1612,"column":61}},"type":"cond-expr","locations":[{"start":{"line":1612,"column":43},"end":{"line":1612,"column":49}},{"start":{"line":1612,"column":52},"end":{"line":1612,"column":61}}],"line":1612},"208":{"loc":{"start":{"line":1616,"column":24},"end":{"line":1616,"column":59}},"type":"cond-expr","locations":[{"start":{"line":1616,"column":34},"end":{"line":1616,"column":47}},{"start":{"line":1616,"column":50},"end":{"line":1616,"column":59}}],"line":1616},"209":{"loc":{"start":{"line":1620,"column":15},"end":{"line":1620,"column":44}},"type":"cond-expr","locations":[{"start":{"line":1620,"column":25},"end":{"line":1620,"column":34}},{"start":{"line":1620,"column":37},"end":{"line":1620,"column":44}}],"line":1620},"210":{"loc":{"start":{"line":1623,"column":11},"end":{"line":1623,"column":148}},"type":"binary-expr","locations":[{"start":{"line":1623,"column":11},"end":{"line":1623,"column":16}},{"start":{"line":1623,"column":20},"end":{"line":1623,"column":148}}],"line":1623},"211":{"loc":{"start":{"line":1624,"column":11},"end":{"line":1624,"column":152}},"type":"binary-expr","locations":[{"start":{"line":1624,"column":11},"end":{"line":1624,"column":18}},{"start":{"line":1624,"column":22},"end":{"line":1624,"column":152}}],"line":1624},"212":{"loc":{"start":{"line":1627,"column":7},"end":{"line":1660,"column":7}},"type":"binary-expr","locations":[{"start":{"line":1627,"column":7},"end":{"line":1627,"column":31}},{"start":{"line":1628,"column":8},"end":{"line":1659,"column":18}}],"line":1627},"213":{"loc":{"start":{"line":1645,"column":15},"end":{"line":1656,"column":15}},"type":"cond-expr","locations":[{"start":{"line":1646,"column":16},"end":{"line":1653,"column":21}},{"start":{"line":1655,"column":16},"end":{"line":1655,"column":32}}],"line":1645},"214":{"loc":{"start":{"line":1661,"column":7},"end":{"line":1727,"column":7}},"type":"binary-expr","locations":[{"start":{"line":1661,"column":7},"end":{"line":1661,"column":31}},{"start":{"line":1662,"column":8},"end":{"line":1726,"column":18}}],"line":1661},"215":{"loc":{"start":{"line":1666,"column":11},"end":{"line":1725,"column":11}},"type":"cond-expr","locations":[{"start":{"line":1667,"column":12},"end":{"line":1720,"column":15}},{"start":{"line":1722,"column":12},"end":{"line":1724,"column":18}}],"line":1666},"216":{"loc":{"start":{"line":1674,"column":15},"end":{"line":1719,"column":15}},"type":"cond-expr","locations":[{"start":{"line":1675,"column":16},"end":{"line":1714,"column":22}},{"start":{"line":1716,"column":16},"end":{"line":1718,"column":22}}],"line":1674},"217":{"loc":{"start":{"line":1677,"column":30},"end":{"line":1677,"column":51}},"type":"binary-expr","locations":[{"start":{"line":1677,"column":30},"end":{"line":1677,"column":42}},{"start":{"line":1677,"column":46},"end":{"line":1677,"column":51}}],"line":1677},"218":{"loc":{"start":{"line":1682,"column":23},"end":{"line":1687,"column":23}},"type":"binary-expr","locations":[{"start":{"line":1682,"column":23},"end":{"line":1682,"column":51}},{"start":{"line":1683,"column":24},"end":{"line":1686,"column":30}}],"line":1682},"219":{"loc":{"start":{"line":1688,"column":23},"end":{"line":1693,"column":23}},"type":"binary-expr","locations":[{"start":{"line":1688,"column":23},"end":{"line":1688,"column":42}},{"start":{"line":1689,"column":24},"end":{"line":1692,"column":30}}],"line":1688},"220":{"loc":{"start":{"line":1694,"column":23},"end":{"line":1699,"column":23}},"type":"binary-expr","locations":[{"start":{"line":1694,"column":23},"end":{"line":1694,"column":40}},{"start":{"line":1695,"column":24},"end":{"line":1698,"column":30}}],"line":1694},"221":{"loc":{"start":{"line":1700,"column":23},"end":{"line":1705,"column":23}},"type":"binary-expr","locations":[{"start":{"line":1700,"column":23},"end":{"line":1700,"column":40}},{"start":{"line":1701,"column":24},"end":{"line":1704,"column":30}}],"line":1700},"222":{"loc":{"start":{"line":1706,"column":23},"end":{"line":1711,"column":23}},"type":"binary-expr","locations":[{"start":{"line":1706,"column":23},"end":{"line":1706,"column":50}},{"start":{"line":1707,"column":24},"end":{"line":1710,"column":30}}],"line":1706}},"s":{"0":1,"1":1,"2":1,"3":1,"4":1,"5":1,"6":1,"7":1,"8":1,"9":1,"10":1,"11":1,"12":1,"13":1,"14":1,"15":1,"16":1,"17":1,"18":1,"19":1,"20":1,"21":1,"22":1,"23":1,"24":1,"25":1,"26":1,"27":1,"28":1,"29":1,"30":1,"31":1,"32":1,"33":1,"34":1,"35":1,"36":1,"37":0,"38":0,"39":0,"40":0,"41":0,"42":0,"43":0,"44":0,"45":0,"46":1,"47":0,"48":0,"49":0,"50":0,"51":0,"52":0,"53":0,"54":0,"55":0,"56":0,"57":0,"58":0,"59":0,"60":0,"61":0,"62":0,"63":0,"64":0,"65":0,"66":0,"67":0,"68":0,"69":0,"70":0,"71":0,"72":0,"73":0,"74":1,"75":0,"76":0,"77":0,"78":0,"79":0,"80":0,"81":0,"82":0,"83":0,"84":0,"85":0,"86":0,"87":0,"88":0,"89":0,"90":0,"91":0,"92":0,"93":0,"94":1,"95":0,"96":0,"97":0,"98":0,"99":0,"100":1,"101":0,"102":0,"103":0,"104":0,"105":0,"106":0,"107":0,"108":0,"109":0,"110":0,"111":0,"112":0,"113":0,"114":0,"115":0,"116":0,"117":0,"118":0,"119":0,"120":0,"121":0,"122":0,"123":0,"124":0,"125":0,"126":0,"127":0,"128":0,"129":0,"130":1,"131":0,"132":0,"133":0,"134":1,"135":1,"136":1,"137":0,"138":0,"139":0,"140":0,"141":0,"142":0,"143":0,"144":0,"145":0,"146":0,"147":0,"148":0,"149":1,"150":1,"151":1,"152":0,"153":1,"154":0,"155":0,"156":0,"157":0,"158":0,"159":0,"160":1,"161":0,"162":0,"163":0,"164":0,"165":0,"166":0,"167":0,"168":0,"169":0,"170":0,"171":0,"172":0,"173":0,"174":0,"175":1,"176":0,"177":0,"178":0,"179":0,"180":0,"181":0,"182":1,"183":0,"184":0,"185":0,"186":0,"187":0,"188":0,"189":0,"190":0,"191":0,"192":0,"193":0,"194":0,"195":0,"196":1,"197":0,"198":0,"199":1,"200":0,"201":0,"202":0,"203":0,"204":1,"205":0,"206":0,"207":0,"208":0,"209":0,"210":0,"211":0,"212":0,"213":0,"214":0,"215":1,"216":0,"217":0,"218":0,"219":0,"220":0,"221":0,"222":0,"223":0,"224":0,"225":1,"226":0,"227":0,"228":0,"229":0,"230":0,"231":0,"232":0,"233":0,"234":0,"235":0,"236":0,"237":0,"238":0,"239":0,"240":0,"241":0,"242":0,"243":0,"244":0,"245":0,"246":0,"247":0,"248":0,"249":0,"250":0,"251":0,"252":0,"253":1,"254":0,"255":0,"256":0,"257":0,"258":0,"259":0,"260":0,"261":0,"262":0,"263":0,"264":0,"265":0,"266":0,"267":0,"268":0,"269":0,"270":0,"271":0,"272":0,"273":0,"274":0,"275":0,"276":0,"277":0,"278":0,"279":0,"280":0,"281":1,"282":0,"283":0,"284":0,"285":0,"286":0,"287":0,"288":0,"289":0,"290":0,"291":0,"292":0,"293":0,"294":0,"295":1,"296":0,"297":0,"298":0,"299":0,"300":0,"301":0,"302":0,"303":1,"304":0,"305":0,"306":0,"307":0,"308":0,"309":0,"310":0,"311":1,"312":0,"313":0,"314":0,"315":1,"316":0,"317":0,"318":0,"319":0,"320":0,"321":0,"322":0,"323":0,"324":0,"325":0,"326":0,"327":0,"328":0,"329":0,"330":0,"331":0,"332":0,"333":0,"334":0,"335":0,"336":0,"337":0,"338":0,"339":0,"340":1,"341":0,"342":0,"343":0,"344":1,"345":0,"346":0,"347":0,"348":0,"349":0,"350":0,"351":0,"352":0,"353":0,"354":0,"355":0,"356":0,"357":0,"358":0,"359":0,"360":0,"361":0,"362":0,"363":0,"364":0,"365":0,"366":1,"367":0,"368":0,"369":0,"370":0,"371":0,"372":0,"373":0,"374":1,"375":0,"376":0,"377":0,"378":0,"379":0,"380":0,"381":0,"382":0,"383":0,"384":0,"385":0,"386":0,"387":0,"388":0,"389":0,"390":0,"391":0,"392":0,"393":0,"394":0,"395":0,"396":0,"397":0,"398":0,"399":0,"400":0,"401":0,"402":0,"403":0,"404":0,"405":0,"406":0,"407":0,"408":0,"409":0,"410":0,"411":1,"412":0,"413":0,"414":1,"415":0,"416":0,"417":0,"418":0,"419":0,"420":0,"421":0,"422":0,"423":0,"424":0,"425":0,"426":0,"427":0,"428":0,"429":0,"430":0,"431":0,"432":0,"433":0,"434":0,"435":0,"436":0,"437":0,"438":1,"439":0,"440":0,"441":0,"442":1,"443":1,"444":0,"445":0,"446":0,"447":0,"448":0,"449":0,"450":0,"451":0,"452":0,"453":0,"454":0,"455":0,"456":0,"457":0,"458":0,"459":0,"460":0,"461":0,"462":0,"463":0,"464":0,"465":0,"466":0,"467":0,"468":0,"469":0,"470":0,"471":0,"472":0,"473":0,"474":0,"475":0,"476":0,"477":0,"478":0,"479":0,"480":0,"481":0,"482":0,"483":0,"484":0,"485":0,"486":0,"487":0,"488":0,"489":0,"490":0,"491":0,"492":0,"493":0,"494":0,"495":0,"496":0,"497":0,"498":0,"499":0,"500":0,"501":0,"502":0,"503":0,"504":0,"505":0,"506":0,"507":0,"508":0,"509":0,"510":0,"511":0,"512":0,"513":0,"514":0,"515":0,"516":0},"f":{"0":1,"1":0,"2":0,"3":0,"4":0,"5":0,"6":0,"7":0,"8":0,"9":0,"10":0,"11":0,"12":1,"13":1,"14":0,"15":0,"16":0,"17":0,"18":0,"19":0,"20":0,"21":0,"22":0,"23":0,"24":0,"25":0,"26":0,"27":0,"28":0,"29":0,"30":0,"31":0,"32":0,"33":0,"34":0,"35":0,"36":0,"37":0,"38":0,"39":0,"40":0,"41":0,"42":0,"43":0,"44":0,"45":0,"46":0,"47":0,"48":0,"49":0,"50":0,"51":0,"52":0,"53":0,"54":0,"55":0,"56":0,"57":0,"58":0,"59":0,"60":0,"61":0,"62":0,"63":0,"64":0,"65":0,"66":0,"67":0,"68":0,"69":0,"70":0,"71":0,"72":0,"73":0,"74":0,"75":0,"76":0,"77":0,"78":0,"79":0,"80":0,"81":0,"82":0,"83":0,"84":0,"85":0,"86":0,"87":0,"88":0,"89":0,"90":0,"91":0,"92":0,"93":0,"94":0},"b":{"0":[0,0],"1":[0,0],"2":[0,0],"3":[0,0,0],"4":[0,0],"5":[0,0],"6":[0,0],"7":[0,0],"8":[0,0],"9":[0,0],"10":[0,0],"11":[0,0],"12":[0,0],"13":[0,0],"14":[0,0],"15":[0,0,0,0,0],"16":[0,0],"17":[0,0,0],"18":[0,0],"19":[0,0],"20":[0,0],"21":[0,0],"22":[1,0],"23":[0,0],"24":[0,0],"25":[0,0],"26":[0,0],"27":[0,0],"28":[1,0],"29":[1,0,0],"30":[0,0],"31":[0,0],"32":[0,0],"33":[0,0],"34":[0,0],"35":[0,0],"36":[0,0],"37":[0,0],"38":[0,0],"39":[0,0],"40":[0,0],"41":[0,0],"42":[0,0],"43":[0,0],"44":[0,0],"45":[0,0],"46":[0,0],"47":[0,0],"48":[0,0],"49":[0,0],"50":[0,0],"51":[0,0],"52":[0,0],"53":[0],"54":[0],"55":[0,0],"56":[0,0],"57":[0,0],"58":[0,0],"59":[0,0],"60":[0,0],"61":[0,0],"62":[0,0],"63":[0,0],"64":[0,0],"65":[0,0],"66":[0,0],"67":[0,0],"68":[0,0],"69":[0,0],"70":[0,0,0],"71":[0,0],"72":[0,0],"73":[0,0],"74":[0,0,0],"75":[0,0],"76":[0,0],"77":[0,0],"78":[0,0],"79":[0,0],"80":[0,0],"81":[0,0],"82":[0,0],"83":[0,0],"84":[0,0],"85":[0,0],"86":[0,0],"87":[0,0],"88":[0,0],"89":[0,0],"90":[0,0],"91":[0,0],"92":[0,0],"93":[0,0],"94":[0,0],"95":[0,0],"96":[0,0],"97":[0,0],"98":[0,0],"99":[0,0],"100":[0,0],"101":[0,0],"102":[0,0],"103":[0,0],"104":[0,0],"105":[1,0],"106":[0,0],"107":[0,0],"108":[0,0,0],"109":[0,0],"110":[0,0],"111":[0,0],"112":[0,0],"113":[0,0,0],"114":[0,0],"115":[0,0],"116":[0,0],"117":[0,0],"118":[0,0],"119":[0,0],"120":[0,0],"121":[0,0],"122":[0,0],"123":[0,0],"124":[0,0],"125":[0,0],"126":[0,0],"127":[0,0],"128":[0,0,0],"129":[0,0],"130":[0,0],"131":[0,0],"132":[0,0],"133":[0,0],"134":[0,0],"135":[0,0],"136":[0,0],"137":[0,0],"138":[0,0],"139":[0,0,0],"140":[0,0],"141":[0,0],"142":[0,0],"143":[0,0],"144":[0,0],"145":[0,0],"146":[0,0],"147":[0,0],"148":[0,0],"149":[0,0],"150":[0,0],"151":[0,0],"152":[0,0],"153":[0,0],"154":[0,0],"155":[0,0],"156":[0,0],"157":[0,0],"158":[0,0],"159":[0,0],"160":[0,0],"161":[0,0],"162":[0,0],"163":[0,0],"164":[0,0],"165":[0,0],"166":[0,0,0],"167":[0,0],"168":[0,0],"169":[0,0],"170":[0,0],"171":[0,0],"172":[0,0],"173":[0,0],"174":[0,0],"175":[0,0],"176":[0,0],"177":[0,0],"178":[0,0],"179":[0,0],"180":[0,0],"181":[0,0],"182":[0,0],"183":[0,0],"184":[0,0],"185":[0,0],"186":[0,0],"187":[0,0],"188":[0,0],"189":[0,0],"190":[0,0],"191":[0,0],"192":[0,0],"193":[0,0],"194":[0,0,0],"195":[0,0],"196":[0,0],"197":[0,0],"198":[0,0],"199":[0,0],"200":[0,0],"201":[0,0],"202":[0,0],"203":[0,0],"204":[0,0],"205":[0,0],"206":[0,0],"207":[0,0],"208":[0,0],"209":[0,0],"210":[0,0],"211":[0,0],"212":[0,0],"213":[0,0],"214":[0,0],"215":[0,0],"216":[0,0],"217":[0,0],"218":[0,0],"219":[0,0],"220":[0,0],"221":[0,0],"222":[0,0]},"_coverageSchema":"1a1c01bbd47fc00a2c39e90264f33305004495a9","hash":"86659f1dfcebfc639d1df80beda393791896098b"}
,"C:\\Users\\82105\\SWD\\SWD_Project\\client\\src\\Login.jsx": {"path":"C:\\Users\\82105\\SWD\\SWD_Project\\client\\src\\Login.jsx","statementMap":{"0":{"start":{"line":3,"column":16},"end":{"line":3,"column":18}},"1":{"start":{"line":6,"column":34},"end":{"line":6,"column":53}},"2":{"start":{"line":7,"column":34},"end":{"line":7,"column":46}},"3":{"start":{"line":8,"column":48},"end":{"line":8,"column":60}},"4":{"start":{"line":9,"column":28},"end":{"line":9,"column":40}},"5":{"start":{"line":11,"column":24},"end":{"line":25,"column":3}},"6":{"start":{"line":12,"column":4},"end":{"line":24,"column":5}},"7":{"start":{"line":13,"column":23},"end":{"line":13,"column":61}},"8":{"start":{"line":14,"column":6},"end":{"line":21,"column":7}},"9":{"start":{"line":15,"column":21},"end":{"line":15,"column":42}},"10":{"start":{"line":16,"column":8},"end":{"line":16,"column":25}},"11":{"start":{"line":18,"column":8},"end":{"line":20,"column":9}},"12":{"start":{"line":19,"column":10},"end":{"line":19,"column":42}},"13":{"start":{"line":23,"column":6},"end":{"line":23,"column":42}},"14":{"start":{"line":27,"column":2},"end":{"line":31,"column":8}},"15":{"start":{"line":30,"column":4},"end":{"line":30,"column":19}},"16":{"start":{"line":33,"column":23},"end":{"line":88,"column":3}},"17":{"start":{"line":34,"column":4},"end":{"line":34,"column":22}},"18":{"start":{"line":38,"column":4},"end":{"line":84,"column":5}},"19":{"start":{"line":40,"column":8},"end":{"line":43,"column":9}},"20":{"start":{"line":44,"column":8},"end":{"line":44,"column":13}},"21":{"start":{"line":46,"column":8},"end":{"line":49,"column":9}},"22":{"start":{"line":47,"column":10},"end":{"line":47,"column":33}},"23":{"start":{"line":48,"column":10},"end":{"line":48,"column":16}},"24":{"start":{"line":51,"column":24},"end":{"line":51,"column":70}},"25":{"start":{"line":51,"column":43},"end":{"line":51,"column":69}},"26":{"start":{"line":52,"column":8},"end":{"line":55,"column":9}},"27":{"start":{"line":53,"column":10},"end":{"line":53,"column":40}},"28":{"start":{"line":54,"column":10},"end":{"line":54,"column":16}},"29":{"start":{"line":56,"column":8},"end":{"line":60,"column":9}},"30":{"start":{"line":61,"column":8},"end":{"line":61,"column":13}},"31":{"start":{"line":64,"column":8},"end":{"line":67,"column":9}},"32":{"start":{"line":65,"column":10},"end":{"line":65,"column":33}},"33":{"start":{"line":66,"column":10},"end":{"line":66,"column":16}},"34":{"start":{"line":68,"column":33},"end":{"line":68,"column":79}},"35":{"start":{"line":68,"column":52},"end":{"line":68,"column":78}},"36":{"start":{"line":69,"column":8},"end":{"line":72,"column":9}},"37":{"start":{"line":70,"column":10},"end":{"line":70,"column":40}},"38":{"start":{"line":71,"column":10},"end":{"line":71,"column":16}},"39":{"start":{"line":73,"column":8},"end":{"line":78,"column":9}},"40":{"start":{"line":79,"column":8},"end":{"line":79,"column":13}},"41":{"start":{"line":82,"column":8},"end":{"line":82,"column":34}},"42":{"start":{"line":83,"column":8},"end":{"line":83,"column":14}},"43":{"start":{"line":87,"column":4},"end":{"line":87,"column":21}},"44":{"start":{"line":90,"column":2},"end":{"line":130,"column":3}},"45":{"start":{"line":97,"column":54},"end":{"line":97,"column":81}},"46":{"start":{"line":109,"column":33},"end":{"line":109,"column":67}},"47":{"start":{"line":112,"column":18},"end":{"line":114,"column":27}}},"fnMap":{"0":{"name":"Login","decl":{"start":{"line":5,"column":9},"end":{"line":5,"column":14}},"loc":{"start":{"line":5,"column":28},"end":{"line":131,"column":1}},"line":5},"1":{"name":"(anonymous_1)","decl":{"start":{"line":11,"column":24},"end":{"line":11,"column":25}},"loc":{"start":{"line":11,"column":36},"end":{"line":25,"column":3}},"line":11},"2":{"name":"(anonymous_2)","decl":{"start":{"line":27,"column":12},"end":{"line":27,"column":13}},"loc":{"start":{"line":27,"column":18},"end":{"line":31,"column":3}},"line":27},"3":{"name":"(anonymous_3)","decl":{"start":{"line":33,"column":23},"end":{"line":33,"column":24}},"loc":{"start":{"line":33,"column":36},"end":{"line":88,"column":3}},"line":33},"4":{"name":"(anonymous_4)","decl":{"start":{"line":51,"column":38},"end":{"line":51,"column":39}},"loc":{"start":{"line":51,"column":43},"end":{"line":51,"column":69}},"line":51},"5":{"name":"(anonymous_5)","decl":{"start":{"line":68,"column":47},"end":{"line":68,"column":48}},"loc":{"start":{"line":68,"column":52},"end":{"line":68,"column":78}},"line":68},"6":{"name":"(anonymous_6)","decl":{"start":{"line":97,"column":47},"end":{"line":97,"column":48}},"loc":{"start":{"line":97,"column":54},"end":{"line":97,"column":81}},"line":97},"7":{"name":"(anonymous_7)","decl":{"start":{"line":109,"column":26},"end":{"line":109,"column":27}},"loc":{"start":{"line":109,"column":33},"end":{"line":109,"column":67}},"line":109},"8":{"name":"(anonymous_8)","decl":{"start":{"line":111,"column":30},"end":{"line":111,"column":31}},"loc":{"start":{"line":112,"column":18},"end":{"line":114,"column":27}},"line":112}},"branchMap":{"0":{"loc":{"start":{"line":14,"column":6},"end":{"line":21,"column":7}},"type":"if","locations":[{"start":{"line":14,"column":6},"end":{"line":21,"column":7}},{"start":{},"end":{}}],"line":14},"1":{"loc":{"start":{"line":18,"column":8},"end":{"line":20,"column":9}},"type":"if","locations":[{"start":{"line":18,"column":8},"end":{"line":20,"column":9}},{"start":{},"end":{}}],"line":18},"2":{"loc":{"start":{"line":38,"column":4},"end":{"line":84,"column":5}},"type":"switch","locations":[{"start":{"line":39,"column":6},"end":{"line":44,"column":13}},{"start":{"line":45,"column":6},"end":{"line":62,"column":7}},{"start":{"line":63,"column":6},"end":{"line":80,"column":7}},{"start":{"line":81,"column":6},"end":{"line":83,"column":14}}],"line":38},"3":{"loc":{"start":{"line":46,"column":8},"end":{"line":49,"column":9}},"type":"if","locations":[{"start":{"line":46,"column":8},"end":{"line":49,"column":9}},{"start":{},"end":{}}],"line":46},"4":{"loc":{"start":{"line":52,"column":8},"end":{"line":55,"column":9}},"type":"if","locations":[{"start":{"line":52,"column":8},"end":{"line":55,"column":9}},{"start":{},"end":{}}],"line":52},"5":{"loc":{"start":{"line":64,"column":8},"end":{"line":67,"column":9}},"type":"if","locations":[{"start":{"line":64,"column":8},"end":{"line":67,"column":9}},{"start":{},"end":{}}],"line":64},"6":{"loc":{"start":{"line":69,"column":8},"end":{"line":72,"column":9}},"type":"if","locations":[{"start":{"line":69,"column":8},"end":{"line":72,"column":9}},{"start":{},"end":{}}],"line":69},"7":{"loc":{"start":{"line":104,"column":11},"end":{"line":118,"column":11}},"type":"binary-expr","locations":[{"start":{"line":104,"column":12},"end":{"line":104,"column":34}},{"start":{"line":104,"column":38},"end":{"line":104,"column":59}},{"start":{"line":105,"column":12},"end":{"line":117,"column":18}}],"line":104},"8":{"loc":{"start":{"line":112,"column":31},"end":{"line":112,"column":64}},"type":"binary-expr","locations":[{"start":{"line":112,"column":31},"end":{"line":112,"column":48}},{"start":{"line":112,"column":52},"end":{"line":112,"column":64}}],"line":112},"9":{"loc":{"start":{"line":120,"column":11},"end":{"line":120,"column":56}},"type":"binary-expr","locations":[{"start":{"line":120,"column":11},"end":{"line":120,"column":16}},{"start":{"line":120,"column":20},"end":{"line":120,"column":56}}],"line":120}},"s":{"0":1,"1":1,"2":1,"3":1,"4":1,"5":1,"6":1,"7":1,"8":1,"9":1,"10":1,"11":1,"12":0,"13":0,"14":1,"15":1,"16":1,"17":0,"18":0,"19":0,"20":0,"21":0,"22":0,"23":0,"24":0,"25":0,"26":0,"27":0,"28":0,"29":0,"30":0,"31":0,"32":0,"33":0,"34":0,"35":0,"36":0,"37":0,"38":0,"39":0,"40":0,"41":0,"42":0,"43":0,"44":1,"45":0,"46":0,"47":0},"f":{"0":1,"1":1,"2":1,"3":0,"4":0,"5":0,"6":0,"7":0,"8":0},"b":{"0":[1,0],"1":[0,1],"2":[0,0,0,0],"3":[0,0],"4":[0,0],"5":[0,0],"6":[0,0],"7":[1,1,0],"8":[0,0],"9":[1,0]},"_coverageSchema":"1a1c01bbd47fc00a2c39e90264f33305004495a9","hash":"88e7a31a4a81042833636f55b87f6b2fa93a623b"}
}
