TN:
SF:src\App.jsx
FN:7,App
FN:104,(anonymous_1)
FN:119,(anonymous_2)
FN:143,(anonymous_3)
FN:156,(anonymous_4)
FN:177,(anonymous_5)
FN:177,(anonymous_6)
FN:184,(anonymous_7)
FN:187,(anonymous_8)
FN:192,(anonymous_9)
FN:267,(anonymous_10)
FN:269,(anonymous_11)
FN:275,(anonymous_12)
FN:301,(anonymous_13)
FN:308,(anonymous_14)
FN:315,(anonymous_15)
FN:336,(anonymous_16)
FN:337,(anonymous_17)
FN:344,(anonymous_18)
FN:348,(anonymous_19)
FN:349,(anonymous_20)
FN:358,(anonymous_21)
FN:363,(anonymous_22)
FN:364,(anonymous_23)
FN:370,(anonymous_24)
FN:379,(anonymous_25)
FN:400,(anonymous_26)
FN:416,(anonymous_27)
FN:454,(anonymous_28)
FN:500,(anonymous_29)
FN:521,(anonymous_30)
FN:534,(anonymous_31)
FN:537,(anonymous_32)
FN:541,(anonymous_33)
FN:544,(anonymous_34)
FN:551,(anonymous_35)
FN:553,(anonymous_36)
FN:559,(anonymous_37)
FN:612,(anonymous_38)
FN:614,(anonymous_39)
FN:620,(anonymous_40)
FN:667,(anonymous_41)
FN:670,(anonymous_42)
FN:674,(anonymous_43)
FN:677,(anonymous_44)
FN:684,(anonymous_45)
FN:752,(anonymous_46)
FN:763,(anonymous_47)
FN:814,(anonymous_48)
FN:857,(anonymous_49)
FN:862,(anonymous_50)
FN:878,(anonymous_51)
FN:895,(anonymous_52)
FN:912,(anonymous_53)
FN:936,(anonymous_54)
FN:943,(anonymous_55)
FN:946,(anonymous_56)
FN:967,(anonymous_57)
FN:968,(anonymous_58)
FN:971,(anonymous_59)
FN:993,(anonymous_60)
FN:1000,(anonymous_61)
FN:1006,(anonymous_62)
FN:1013,(anonymous_63)
FN:1013,(anonymous_64)
FN:1024,(anonymous_65)
FN:1024,(anonymous_66)
FN:1034,(anonymous_67)
FN:1035,(anonymous_68)
FN:1060,(anonymous_69)
FN:1060,(anonymous_70)
FN:1066,(anonymous_71)
FN:1066,(anonymous_72)
FN:1078,(anonymous_73)
FN:1098,(anonymous_74)
FN:1109,(anonymous_75)
FN:1112,(anonymous_76)
FN:1165,(anonymous_77)
FN:1177,(anonymous_78)
FN:1243,(anonymous_79)
FN:1246,(anonymous_80)
FN:1246,(anonymous_81)
FN:1252,(anonymous_82)
FN:1262,(anonymous_83)
FN:1282,(anonymous_84)
FN:1331,(anonymous_85)
FN:1370,(anonymous_86)
FN:1419,(anonymous_87)
FN:1514,(anonymous_88)
FN:1523,(anonymous_89)
FN:1581,(anonymous_90)
FN:1637,(anonymous_91)
FN:1647,(anonymous_92)
FN:1650,(anonymous_93)
FN:1676,(anonymous_94)
FNF:95
FNH:3
FNDA:1,App
FNDA:0,(anonymous_1)
FNDA:0,(anonymous_2)
FNDA:0,(anonymous_3)
FNDA:0,(anonymous_4)
FNDA:0,(anonymous_5)
FNDA:0,(anonymous_6)
FNDA:0,(anonymous_7)
FNDA:0,(anonymous_8)
FNDA:0,(anonymous_9)
FNDA:0,(anonymous_10)
FNDA:0,(anonymous_11)
FNDA:1,(anonymous_12)
FNDA:1,(anonymous_13)
FNDA:0,(anonymous_14)
FNDA:0,(anonymous_15)
FNDA:0,(anonymous_16)
FNDA:0,(anonymous_17)
FNDA:0,(anonymous_18)
FNDA:0,(anonymous_19)
FNDA:0,(anonymous_20)
FNDA:0,(anonymous_21)
FNDA:0,(anonymous_22)
FNDA:0,(anonymous_23)
FNDA:0,(anonymous_24)
FNDA:0,(anonymous_25)
FNDA:0,(anonymous_26)
FNDA:0,(anonymous_27)
FNDA:0,(anonymous_28)
FNDA:0,(anonymous_29)
FNDA:0,(anonymous_30)
FNDA:0,(anonymous_31)
FNDA:0,(anonymous_32)
FNDA:0,(anonymous_33)
FNDA:0,(anonymous_34)
FNDA:0,(anonymous_35)
FNDA:0,(anonymous_36)
FNDA:0,(anonymous_37)
FNDA:0,(anonymous_38)
FNDA:0,(anonymous_39)
FNDA:0,(anonymous_40)
FNDA:0,(anonymous_41)
FNDA:0,(anonymous_42)
FNDA:0,(anonymous_43)
FNDA:0,(anonymous_44)
FNDA:0,(anonymous_45)
FNDA:0,(anonymous_46)
FNDA:0,(anonymous_47)
FNDA:0,(anonymous_48)
FNDA:0,(anonymous_49)
FNDA:0,(anonymous_50)
FNDA:0,(anonymous_51)
FNDA:0,(anonymous_52)
FNDA:0,(anonymous_53)
FNDA:0,(anonymous_54)
FNDA:0,(anonymous_55)
FNDA:0,(anonymous_56)
FNDA:0,(anonymous_57)
FNDA:0,(anonymous_58)
FNDA:0,(anonymous_59)
FNDA:0,(anonymous_60)
FNDA:0,(anonymous_61)
FNDA:0,(anonymous_62)
FNDA:0,(anonymous_63)
FNDA:0,(anonymous_64)
FNDA:0,(anonymous_65)
FNDA:0,(anonymous_66)
FNDA:0,(anonymous_67)
FNDA:0,(anonymous_68)
FNDA:0,(anonymous_69)
FNDA:0,(anonymous_70)
FNDA:0,(anonymous_71)
FNDA:0,(anonymous_72)
FNDA:0,(anonymous_73)
FNDA:0,(anonymous_74)
FNDA:0,(anonymous_75)
FNDA:0,(anonymous_76)
FNDA:0,(anonymous_77)
FNDA:0,(anonymous_78)
FNDA:0,(anonymous_79)
FNDA:0,(anonymous_80)
FNDA:0,(anonymous_81)
FNDA:0,(anonymous_82)
FNDA:0,(anonymous_83)
FNDA:0,(anonymous_84)
FNDA:0,(anonymous_85)
FNDA:0,(anonymous_86)
FNDA:0,(anonymous_87)
FNDA:0,(anonymous_88)
FNDA:0,(anonymous_89)
FNDA:0,(anonymous_90)
FNDA:0,(anonymous_91)
FNDA:0,(anonymous_92)
FNDA:0,(anonymous_93)
FNDA:0,(anonymous_94)
DA:5,1
DA:8,1
DA:9,1
DA:10,1
DA:11,1
DA:12,1
DA:13,1
DA:14,1
DA:15,1
DA:16,1
DA:19,1
DA:28,1
DA:34,1
DA:37,1
DA:47,1
DA:50,1
DA:54,1
DA:57,1
DA:64,1
DA:67,1
DA:69,1
DA:72,1
DA:73,1
DA:76,1
DA:77,1
DA:78,1
DA:81,1
DA:82,1
DA:84,1
DA:93,1
DA:94,1
DA:95,1
DA:96,1
DA:97,1
DA:98,1
DA:99,1
DA:104,1
DA:105,0
DA:106,0
DA:107,0
DA:108,0
DA:109,0
DA:111,0
DA:112,0
DA:114,0
DA:115,0
DA:119,1
DA:120,0
DA:122,0
DA:123,0
DA:125,0
DA:126,0
DA:128,0
DA:129,0
DA:130,0
DA:131,0
DA:132,0
DA:133,0
DA:136,0
DA:137,0
DA:138,0
DA:141,0
DA:142,0
DA:143,0
DA:144,0
DA:146,0
DA:147,0
DA:148,0
DA:149,0
DA:150,0
DA:152,0
DA:156,1
DA:157,0
DA:158,0
DA:159,0
DA:161,0
DA:162,0
DA:163,0
DA:164,0
DA:165,0
DA:166,0
DA:169,0
DA:173,0
DA:174,0
DA:177,0
DA:178,0
DA:180,0
DA:184,1
DA:185,0
DA:186,0
DA:187,0
DA:188,0
DA:192,1
DA:193,0
DA:194,0
DA:195,0
DA:197,0
DA:199,0
DA:200,0
DA:203,0
DA:204,0
DA:205,0
DA:206,0
DA:207,0
DA:210,0
DA:211,0
DA:212,0
DA:213,0
DA:230,0
DA:231,0
DA:232,0
DA:235,0
DA:236,0
DA:246,0
DA:247,0
DA:248,0
DA:250,0
DA:253,0
DA:255,0
DA:256,0
DA:258,0
DA:261,0
DA:267,1
DA:268,0
DA:269,0
DA:275,1
DA:276,1
DA:278,0
DA:279,0
DA:281,0
DA:283,0
DA:284,0
DA:286,0
DA:287,0
DA:288,0
DA:290,0
DA:291,0
DA:292,0
DA:295,0
DA:301,1
DA:302,1
DA:304,0
DA:308,1
DA:309,0
DA:310,0
DA:311,0
DA:312,0
DA:315,1
DA:316,0
DA:317,0
DA:319,0
DA:320,0
DA:322,0
DA:323,0
DA:324,0
DA:325,0
DA:327,0
DA:328,0
DA:330,0
DA:331,0
DA:333,0
DA:336,1
DA:337,0
DA:338,0
DA:339,0
DA:341,0
DA:344,1
DA:345,0
DA:347,0
DA:348,0
DA:349,0
DA:350,0
DA:351,0
DA:356,0
DA:358,0
DA:359,0
DA:360,0
DA:363,1
DA:364,0
DA:370,1
DA:371,0
DA:372,0
DA:374,0
DA:375,0
DA:379,1
DA:380,0
DA:381,0
DA:382,0
DA:389,0
DA:390,0
DA:391,0
DA:393,0
DA:394,0
DA:396,0
DA:400,1
DA:401,0
DA:402,0
DA:403,0
DA:406,0
DA:407,0
DA:408,0
DA:410,0
DA:412,0
DA:416,1
DA:417,0
DA:418,0
DA:419,0
DA:420,0
DA:421,0
DA:422,0
DA:423,0
DA:424,0
DA:425,0
DA:426,0
DA:427,0
DA:428,0
DA:429,0
DA:430,0
DA:431,0
DA:432,0
DA:433,0
DA:434,0
DA:443,0
DA:444,0
DA:445,0
DA:446,0
DA:447,0
DA:448,0
DA:449,0
DA:450,0
DA:451,0
DA:454,1
DA:455,0
DA:456,0
DA:457,0
DA:458,0
DA:461,0
DA:462,0
DA:463,0
DA:464,0
DA:466,0
DA:467,0
DA:469,0
DA:470,0
DA:472,0
DA:473,0
DA:474,0
DA:477,0
DA:478,0
DA:479,0
DA:480,0
DA:482,0
DA:483,0
DA:487,0
DA:489,0
DA:490,0
DA:492,0
DA:494,0
DA:496,0
DA:500,1
DA:501,0
DA:502,0
DA:503,0
DA:504,0
DA:505,0
DA:506,0
DA:508,0
DA:509,0
DA:510,0
DA:512,0
DA:513,0
DA:514,0
DA:516,0
DA:521,1
DA:522,0
DA:523,0
DA:524,0
DA:525,0
DA:527,0
DA:528,0
DA:530,0
DA:534,1
DA:535,0
DA:536,0
DA:537,0
DA:541,0
DA:544,0
DA:551,1
DA:552,0
DA:553,0
DA:559,1
DA:560,0
DA:561,0
DA:562,0
DA:564,0
DA:565,0
DA:566,0
DA:568,0
DA:569,0
DA:570,0
DA:573,0
DA:574,0
DA:575,0
DA:589,0
DA:590,0
DA:591,0
DA:594,0
DA:595,0
DA:598,0
DA:599,0
DA:600,0
DA:602,0
DA:603,0
DA:605,0
DA:608,0
DA:612,1
DA:613,0
DA:614,0
DA:620,1
DA:621,0
DA:622,0
DA:623,0
DA:625,0
DA:626,0
DA:627,0
DA:630,0
DA:631,0
DA:632,0
DA:644,0
DA:645,0
DA:646,0
DA:649,0
DA:650,0
DA:653,0
DA:654,0
DA:655,0
DA:657,0
DA:658,0
DA:660,0
DA:663,0
DA:667,1
DA:668,0
DA:669,0
DA:670,0
DA:674,0
DA:677,0
DA:684,1
DA:685,0
DA:686,0
DA:687,0
DA:689,0
DA:690,0
DA:691,0
DA:693,0
DA:694,0
DA:695,0
DA:697,0
DA:698,0
DA:699,0
DA:700,0
DA:702,0
DA:703,0
DA:704,0
DA:706,0
DA:707,0
DA:708,0
DA:710,0
DA:711,0
DA:712,0
DA:715,0
DA:716,0
DA:717,0
DA:730,0
DA:731,0
DA:732,0
DA:735,0
DA:738,0
DA:739,0
DA:740,0
DA:742,0
DA:743,0
DA:745,0
DA:748,0
DA:752,1
DA:753,0
DA:760,0
DA:763,1
DA:764,0
DA:765,0
DA:766,0
DA:768,0
DA:769,0
DA:770,0
DA:771,0
DA:774,0
DA:775,0
DA:776,0
DA:790,0
DA:791,0
DA:792,0
DA:795,0
DA:796,0
DA:799,0
DA:800,0
DA:801,0
DA:802,0
DA:804,0
DA:805,0
DA:807,0
DA:810,0
DA:814,1
DA:815,0
DA:816,0
DA:817,0
DA:820,1
DA:821,1
DA:824,0
DA:857,0
DA:862,0
DA:878,0
DA:895,0
DA:912,0
DA:936,0
DA:943,0
DA:946,0
DA:968,0
DA:969,0
DA:970,0
DA:972,0
DA:973,0
DA:974,0
DA:975,0
DA:993,0
DA:1000,0
DA:1007,0
DA:1013,0
DA:1024,0
DA:1025,0
DA:1035,0
DA:1037,0
DA:1038,0
DA:1039,0
DA:1040,0
DA:1041,0
DA:1042,0
DA:1043,0
DA:1044,0
DA:1045,0
DA:1046,0
DA:1047,0
DA:1048,0
DA:1050,0
DA:1051,0
DA:1053,0
DA:1056,0
DA:1060,0
DA:1061,0
DA:1062,0
DA:1063,0
DA:1066,0
DA:1067,0
DA:1068,0
DA:1069,0
DA:1079,0
DA:1099,0
DA:1109,0
DA:1113,0
DA:1165,0
DA:1178,0
DA:1243,0
DA:1246,0
DA:1247,0
DA:1252,0
DA:1262,0
DA:1282,0
DA:1331,0
DA:1371,0
DA:1419,0
DA:1514,0
DA:1524,0
DA:1582,0
DA:1637,0
DA:1648,0
DA:1650,0
DA:1677,0
LF:485
LH:70
BRDA:106,0,0,0
BRDA:106,0,1,0
BRDA:108,1,0,0
BRDA:108,1,1,0
BRDA:120,2,0,0
BRDA:120,2,1,0
BRDA:120,3,0,0
BRDA:120,3,1,0
BRDA:120,3,2,0
BRDA:122,4,0,0
BRDA:122,4,1,0
BRDA:123,5,0,0
BRDA:123,5,1,0
BRDA:132,6,0,0
BRDA:132,6,1,0
BRDA:137,7,0,0
BRDA:137,7,1,0
BRDA:157,8,0,0
BRDA:157,8,1,0
BRDA:158,9,0,0
BRDA:158,9,1,0
BRDA:159,10,0,0
BRDA:159,10,1,0
BRDA:165,11,0,0
BRDA:165,11,1,0
BRDA:173,12,0,0
BRDA:173,12,1,0
BRDA:187,13,0,0
BRDA:187,13,1,0
BRDA:197,14,0,0
BRDA:197,14,1,0
BRDA:197,15,0,0
BRDA:197,15,1,0
BRDA:197,15,2,0
BRDA:197,15,3,0
BRDA:197,15,4,0
BRDA:204,16,0,0
BRDA:204,16,1,0
BRDA:204,17,0,0
BRDA:204,17,1,0
BRDA:204,17,2,0
BRDA:230,18,0,0
BRDA:230,18,1,0
BRDA:232,19,0,0
BRDA:232,19,1,0
BRDA:255,20,0,0
BRDA:255,20,1,0
BRDA:271,21,0,0
BRDA:271,21,1,0
BRDA:276,22,0,1
BRDA:276,22,1,0
BRDA:278,23,0,0
BRDA:278,23,1,0
BRDA:283,24,0,0
BRDA:283,24,1,0
BRDA:284,25,0,0
BRDA:284,25,1,0
BRDA:288,26,0,0
BRDA:288,26,1,0
BRDA:290,27,0,0
BRDA:290,27,1,0
BRDA:302,28,0,1
BRDA:302,28,1,0
BRDA:302,29,0,1
BRDA:302,29,1,0
BRDA:302,29,2,0
BRDA:309,30,0,0
BRDA:309,30,1,0
BRDA:311,31,0,0
BRDA:311,31,1,0
BRDA:316,32,0,0
BRDA:316,32,1,0
BRDA:316,33,0,0
BRDA:316,33,1,0
BRDA:319,34,0,0
BRDA:319,34,1,0
BRDA:323,35,0,0
BRDA:323,35,1,0
BRDA:324,36,0,0
BRDA:324,36,1,0
BRDA:324,37,0,0
BRDA:324,37,1,0
BRDA:327,38,0,0
BRDA:327,38,1,0
BRDA:327,39,0,0
BRDA:327,39,1,0
BRDA:330,40,0,0
BRDA:330,40,1,0
BRDA:330,41,0,0
BRDA:330,41,1,0
BRDA:339,42,0,0
BRDA:339,42,1,0
BRDA:345,43,0,0
BRDA:345,43,1,0
BRDA:350,44,0,0
BRDA:350,44,1,0
BRDA:356,45,0,0
BRDA:356,45,1,0
BRDA:366,46,0,0
BRDA:366,46,1,0
BRDA:371,47,0,0
BRDA:371,47,1,0
BRDA:372,48,0,0
BRDA:372,48,1,0
BRDA:380,49,0,0
BRDA:380,49,1,0
BRDA:389,50,0,0
BRDA:389,50,1,0
BRDA:401,51,0,0
BRDA:401,51,1,0
BRDA:406,52,0,0
BRDA:406,52,1,0
BRDA:454,53,0,0
BRDA:454,54,0,0
BRDA:455,55,0,0
BRDA:455,55,1,0
BRDA:456,56,0,0
BRDA:456,56,1,0
BRDA:456,57,0,0
BRDA:456,57,1,0
BRDA:469,58,0,0
BRDA:469,58,1,0
BRDA:472,59,0,0
BRDA:472,59,1,0
BRDA:474,60,0,0
BRDA:474,60,1,0
BRDA:482,61,0,0
BRDA:482,61,1,0
BRDA:482,62,0,0
BRDA:482,62,1,0
BRDA:489,63,0,0
BRDA:489,63,1,0
BRDA:505,64,0,0
BRDA:505,64,1,0
BRDA:513,65,0,0
BRDA:513,65,1,0
BRDA:524,66,0,0
BRDA:524,66,1,0
BRDA:536,67,0,0
BRDA:536,67,1,0
BRDA:539,68,0,0
BRDA:539,68,1,0
BRDA:555,69,0,0
BRDA:555,69,1,0
BRDA:555,70,0,0
BRDA:555,70,1,0
BRDA:555,70,2,0
BRDA:564,71,0,0
BRDA:564,71,1,0
BRDA:564,72,0,0
BRDA:564,72,1,0
BRDA:568,73,0,0
BRDA:568,73,1,0
BRDA:568,74,0,0
BRDA:568,74,1,0
BRDA:568,74,2,0
BRDA:589,75,0,0
BRDA:589,75,1,0
BRDA:591,76,0,0
BRDA:591,76,1,0
BRDA:602,77,0,0
BRDA:602,77,1,0
BRDA:625,78,0,0
BRDA:625,78,1,0
BRDA:644,79,0,0
BRDA:644,79,1,0
BRDA:646,80,0,0
BRDA:646,80,1,0
BRDA:657,81,0,0
BRDA:657,81,1,0
BRDA:669,82,0,0
BRDA:669,82,1,0
BRDA:672,83,0,0
BRDA:672,83,1,0
BRDA:689,84,0,0
BRDA:689,84,1,0
BRDA:689,85,0,0
BRDA:689,85,1,0
BRDA:693,86,0,0
BRDA:693,86,1,0
BRDA:698,87,0,0
BRDA:698,87,1,0
BRDA:702,88,0,0
BRDA:702,88,1,0
BRDA:702,89,0,0
BRDA:702,89,1,0
BRDA:706,90,0,0
BRDA:706,90,1,0
BRDA:706,91,0,0
BRDA:706,91,1,0
BRDA:710,92,0,0
BRDA:710,92,1,0
BRDA:710,93,0,0
BRDA:710,93,1,0
BRDA:730,94,0,0
BRDA:730,94,1,0
BRDA:732,95,0,0
BRDA:732,95,1,0
BRDA:742,96,0,0
BRDA:742,96,1,0
BRDA:755,97,0,0
BRDA:755,97,1,0
BRDA:756,98,0,0
BRDA:756,98,1,0
BRDA:757,99,0,0
BRDA:757,99,1,0
BRDA:769,100,0,0
BRDA:769,100,1,0
BRDA:790,101,0,0
BRDA:790,101,1,0
BRDA:792,102,0,0
BRDA:792,102,1,0
BRDA:795,103,0,0
BRDA:795,103,1,0
BRDA:804,104,0,0
BRDA:804,104,1,0
BRDA:820,105,0,1
BRDA:820,105,1,0
BRDA:829,106,0,0
BRDA:829,106,1,0
BRDA:829,107,0,0
BRDA:829,107,1,0
BRDA:830,108,0,0
BRDA:830,108,1,0
BRDA:830,108,2,0
BRDA:844,109,0,0
BRDA:844,109,1,0
BRDA:866,110,0,0
BRDA:866,110,1,0
BRDA:867,111,0,0
BRDA:867,111,1,0
BRDA:871,112,0,0
BRDA:871,112,1,0
BRDA:876,113,0,0
BRDA:876,113,1,0
BRDA:876,113,2,0
BRDA:882,114,0,0
BRDA:882,114,1,0
BRDA:883,115,0,0
BRDA:883,115,1,0
BRDA:887,116,0,0
BRDA:887,116,1,0
BRDA:893,117,0,0
BRDA:893,117,1,0
BRDA:899,118,0,0
BRDA:899,118,1,0
BRDA:900,119,0,0
BRDA:900,119,1,0
BRDA:904,120,0,0
BRDA:904,120,1,0
BRDA:910,121,0,0
BRDA:910,121,1,0
BRDA:916,122,0,0
BRDA:916,122,1,0
BRDA:917,123,0,0
BRDA:917,123,1,0
BRDA:921,124,0,0
BRDA:921,124,1,0
BRDA:928,125,0,0
BRDA:928,125,1,0
BRDA:930,126,0,0
BRDA:930,126,1,0
BRDA:947,127,0,0
BRDA:947,127,1,0
BRDA:952,128,0,0
BRDA:952,128,1,0
BRDA:952,128,2,0
BRDA:955,129,0,0
BRDA:955,129,1,0
BRDA:955,130,0,0
BRDA:955,130,1,0
BRDA:956,131,0,0
BRDA:956,131,1,0
BRDA:958,132,0,0
BRDA:958,132,1,0
BRDA:963,133,0,0
BRDA:963,133,1,0
BRDA:965,134,0,0
BRDA:965,134,1,0
BRDA:972,135,0,0
BRDA:972,135,1,0
BRDA:972,136,0,0
BRDA:972,136,1,0
BRDA:978,137,0,0
BRDA:978,137,1,0
BRDA:989,138,0,0
BRDA:989,138,1,0
BRDA:990,139,0,0
BRDA:990,139,1,0
BRDA:990,139,2,0
BRDA:994,140,0,0
BRDA:994,140,1,0
BRDA:996,141,0,0
BRDA:996,141,1,0
BRDA:1000,142,0,0
BRDA:1000,142,1,0
BRDA:1001,143,0,0
BRDA:1001,143,1,0
BRDA:1002,144,0,0
BRDA:1002,144,1,0
BRDA:1013,145,0,0
BRDA:1013,145,1,0
BRDA:1033,146,0,0
BRDA:1033,146,1,0
BRDA:1037,147,0,0
BRDA:1037,147,1,0
BRDA:1040,148,0,0
BRDA:1040,148,1,0
BRDA:1043,149,0,0
BRDA:1043,149,1,0
BRDA:1046,150,0,0
BRDA:1046,150,1,0
BRDA:1050,151,0,0
BRDA:1050,151,1,0
BRDA:1051,152,0,0
BRDA:1051,152,1,0
BRDA:1051,153,0,0
BRDA:1051,153,1,0
BRDA:1053,154,0,0
BRDA:1053,154,1,0
BRDA:1053,155,0,0
BRDA:1053,155,1,0
BRDA:1061,156,0,0
BRDA:1061,156,1,0
BRDA:1061,157,0,0
BRDA:1061,157,1,0
BRDA:1065,158,0,0
BRDA:1065,158,1,0
BRDA:1065,159,0,0
BRDA:1065,159,1,0
BRDA:1067,160,0,0
BRDA:1067,160,1,0
BRDA:1067,161,0,0
BRDA:1067,161,1,0
BRDA:1071,162,0,0
BRDA:1071,162,1,0
BRDA:1071,163,0,0
BRDA:1071,163,1,0
BRDA:1096,164,0,0
BRDA:1096,164,1,0
BRDA:1106,165,0,0
BRDA:1106,165,1,0
BRDA:1109,166,0,0
BRDA:1109,166,1,0
BRDA:1109,166,2,0
BRDA:1110,167,0,0
BRDA:1110,167,1,0
BRDA:1113,168,0,0
BRDA:1113,168,1,0
BRDA:1119,169,0,0
BRDA:1119,169,1,0
BRDA:1121,170,0,0
BRDA:1121,170,1,0
BRDA:1127,171,0,0
BRDA:1127,171,1,0
BRDA:1133,172,0,0
BRDA:1133,172,1,0
BRDA:1139,173,0,0
BRDA:1139,173,1,0
BRDA:1145,174,0,0
BRDA:1145,174,1,0
BRDA:1162,175,0,0
BRDA:1162,175,1,0
BRDA:1224,176,0,0
BRDA:1224,176,1,0
BRDA:1228,177,0,0
BRDA:1228,177,1,0
BRDA:1232,178,0,0
BRDA:1232,178,1,0
BRDA:1235,179,0,0
BRDA:1235,179,1,0
BRDA:1236,180,0,0
BRDA:1236,180,1,0
BRDA:1240,181,0,0
BRDA:1240,181,1,0
BRDA:1279,182,0,0
BRDA:1279,182,1,0
BRDA:1312,183,0,0
BRDA:1312,183,1,0
BRDA:1316,184,0,0
BRDA:1316,184,1,0
BRDA:1320,185,0,0
BRDA:1320,185,1,0
BRDA:1323,186,0,0
BRDA:1323,186,1,0
BRDA:1324,187,0,0
BRDA:1324,187,1,0
BRDA:1328,188,0,0
BRDA:1328,188,1,0
BRDA:1400,189,0,0
BRDA:1400,189,1,0
BRDA:1404,190,0,0
BRDA:1404,190,1,0
BRDA:1408,191,0,0
BRDA:1408,191,1,0
BRDA:1411,192,0,0
BRDA:1411,192,1,0
BRDA:1412,193,0,0
BRDA:1412,193,1,0
BRDA:1416,194,0,0
BRDA:1416,194,1,0
BRDA:1416,194,2,0
BRDA:1494,195,0,0
BRDA:1494,195,1,0
BRDA:1498,196,0,0
BRDA:1498,196,1,0
BRDA:1502,197,0,0
BRDA:1502,197,1,0
BRDA:1505,198,0,0
BRDA:1505,198,1,0
BRDA:1506,199,0,0
BRDA:1506,199,1,0
BRDA:1511,200,0,0
BRDA:1511,200,1,0
BRDA:1515,201,0,0
BRDA:1515,201,1,0
BRDA:1517,202,0,0
BRDA:1517,202,1,0
BRDA:1519,203,0,0
BRDA:1519,203,1,0
BRDA:1524,204,0,0
BRDA:1524,204,1,0
BRDA:1526,205,0,0
BRDA:1526,205,1,0
BRDA:1538,206,0,0
BRDA:1538,206,1,0
BRDA:1612,207,0,0
BRDA:1612,207,1,0
BRDA:1616,208,0,0
BRDA:1616,208,1,0
BRDA:1620,209,0,0
BRDA:1620,209,1,0
BRDA:1623,210,0,0
BRDA:1623,210,1,0
BRDA:1624,211,0,0
BRDA:1624,211,1,0
BRDA:1627,212,0,0
BRDA:1627,212,1,0
BRDA:1645,213,0,0
BRDA:1645,213,1,0
BRDA:1661,214,0,0
BRDA:1661,214,1,0
BRDA:1666,215,0,0
BRDA:1666,215,1,0
BRDA:1674,216,0,0
BRDA:1674,216,1,0
BRDA:1677,217,0,0
BRDA:1677,217,1,0
BRDA:1682,218,0,0
BRDA:1682,218,1,0
BRDA:1688,219,0,0
BRDA:1688,219,1,0
BRDA:1694,220,0,0
BRDA:1694,220,1,0
BRDA:1700,221,0,0
BRDA:1700,221,1,0
BRDA:1706,222,0,0
BRDA:1706,222,1,0
BRF:458
BRH:4
end_of_record
TN:
SF:src\Login.jsx
FN:5,Login
FN:11,(anonymous_1)
FN:27,(anonymous_2)
FN:33,(anonymous_3)
FN:51,(anonymous_4)
FN:68,(anonymous_5)
FN:97,(anonymous_6)
FN:109,(anonymous_7)
FN:111,(anonymous_8)
FNF:9
FNH:3
FNDA:1,Login
FNDA:1,(anonymous_1)
FNDA:1,(anonymous_2)
FNDA:0,(anonymous_3)
FNDA:0,(anonymous_4)
FNDA:0,(anonymous_5)
FNDA:0,(anonymous_6)
FNDA:0,(anonymous_7)
FNDA:0,(anonymous_8)
DA:3,1
DA:6,1
DA:7,1
DA:8,1
DA:9,1
DA:11,1
DA:12,1
DA:13,1
DA:14,1
DA:15,1
DA:16,1
DA:18,1
DA:19,0
DA:23,0
DA:27,1
DA:30,1
DA:33,1
DA:34,0
DA:38,0
DA:40,0
DA:44,0
DA:46,0
DA:47,0
DA:48,0
DA:51,0
DA:52,0
DA:53,0
DA:54,0
DA:56,0
DA:61,0
DA:64,0
DA:65,0
DA:66,0
DA:68,0
DA:69,0
DA:70,0
DA:71,0
DA:73,0
DA:79,0
DA:82,0
DA:83,0
DA:87,0
DA:90,1
DA:97,0
DA:109,0
DA:112,0
LF:46
LH:16
BRDA:14,0,0,1
BRDA:14,0,1,0
BRDA:18,1,0,0
BRDA:18,1,1,1
BRDA:38,2,0,0
BRDA:38,2,1,0
BRDA:38,2,2,0
BRDA:38,2,3,0
BRDA:46,3,0,0
BRDA:46,3,1,0
BRDA:52,4,0,0
BRDA:52,4,1,0
BRDA:64,5,0,0
BRDA:64,5,1,0
BRDA:69,6,0,0
BRDA:69,6,1,0
BRDA:104,7,0,1
BRDA:104,7,1,1
BRDA:104,7,2,0
BRDA:112,8,0,0
BRDA:112,8,1,0
BRDA:120,9,0,1
BRDA:120,9,1,0
BRF:23
BRH:5
end_of_record
